#
# There is insufficient memory for the Java Runtime Environment to continue.
# Native memory allocation (mmap) failed to map 8388608 bytes. Error detail: G1 virtual space
# Possible reasons:
#   The system is out of physical RAM or swap space
#   This process is running with CompressedOops enabled, and the Java Heap may be blocking the growth of the native heap
# Possible solutions:
#   Reduce memory load on the system
#   Increase physical memory or swap space
#   Check if swap backing store is full
#   Decrease Java heap size (-Xmx/-Xms)
#   Decrease number of Java threads
#   Decrease Java thread stack sizes (-Xss)
#   Set larger code cache with -XX:ReservedCodeCacheSize=
#   JVM is running with Unscaled Compressed Oops mode in which the Java heap is
#     placed in the first 4GB address space. The Java Heap base address is the
#     maximum limit for the native heap growth. Please use -XX:HeapBaseMinAddress
#     to set the Java Heap base and to place the Java Heap above 4GB virtual address.
# This output file may be truncated or incomplete.
#
#  Out of Memory Error (os_windows.cpp:3710), pid=13164, tid=12684
#
# JRE version: OpenJDK Runtime Environment Microsoft-11369865 (17.0.15+6) (build 17.0.15+6-LTS)
# Java VM: OpenJDK 64-Bit Server VM Microsoft-11369865 (17.0.15+6-LTS, mixed mode, sharing, tiered, compressed oops, compressed class ptrs, g1 gc, windows-amd64)
# No core dump will be written. Minidumps are not enabled by default on client versions of Windows
#

---------------  S U M M A R Y ------------

Command Line: --add-opens=java.base/java.lang=ALL-UNNAMED --add-opens=java.base/java.lang.invoke=ALL-UNNAMED --add-opens=java.base/java.util=ALL-UNNAMED --add-opens=java.prefs/java.util.prefs=ALL-UNNAMED --add-exports=jdk.compiler/com.sun.tools.javac.api=ALL-UNNAMED --add-exports=jdk.compiler/com.sun.tools.javac.util=ALL-UNNAMED --add-opens=java.base/java.util=ALL-UNNAMED --add-opens=java.prefs/java.util.prefs=ALL-UNNAMED --add-opens=java.base/java.nio.charset=ALL-UNNAMED --add-opens=java.base/java.net=ALL-UNNAMED --add-opens=java.base/java.util.concurrent.atomic=ALL-UNNAMED --add-opens=java.xml/javax.xml.namespace=ALL-UNNAMED -XX:MaxMetaspaceSize=512m -Xmx2048m -Dfile.encoding=UTF-8 -Duser.country=US -Duser.language=en -Duser.variant -javaagent:C:\Users\Dell\.gradle\wrapper\dists\gradle-8.14.1-bin\baw1sv0jfoi8rxs14qo3h49cs\gradle-8.14.1\lib\agents\gradle-instrumentation-agent-8.14.1.jar org.gradle.launcher.daemon.bootstrap.GradleDaemon 8.14.1

Host: Intel(R) Core(TM) i3-4005U CPU @ 1.70GHz, 4 cores, 7G,  Windows 10 , 64 bit Build 19041 (10.0.19041.5915)
Time: Tue Jul 15 21:42:34 2025 India Standard Time elapsed time: 98.242804 seconds (0d 0h 1m 38s)

---------------  T H R E A D  ---------------

Current thread (0x000001ac7c41aea0):  VMThread "VM Thread" [stack: 0x00000045df600000,0x00000045df700000] [id=12684]

Stack: [0x00000045df600000,0x00000045df700000]
Native frames: (J=compiled Java code, j=interpreted, Vv=VM code, C=native code)
V  [jvm.dll+0x6887a9]
V  [jvm.dll+0x83f5a8]
V  [jvm.dll+0x841053]
V  [jvm.dll+0x8416c3]
V  [jvm.dll+0x2496ef]
V  [jvm.dll+0x6856e9]
V  [jvm.dll+0x679b7a]
V  [jvm.dll+0x30b0d7]
V  [jvm.dll+0x312646]
V  [jvm.dll+0x36300e]
V  [jvm.dll+0x36324d]
V  [jvm.dll+0x2e236c]
V  [jvm.dll+0x2e5386]
V  [jvm.dll+0x2efabc]
V  [jvm.dll+0x322c9d]
V  [jvm.dll+0x845efd]
V  [jvm.dll+0x846c33]
V  [jvm.dll+0x84715f]
V  [jvm.dll+0x847544]
V  [jvm.dll+0x84760e]
V  [jvm.dll+0x7ef2dc]
V  [jvm.dll+0x687687]
C  [ucrtbase.dll+0x21bb2]
C  [KERNEL32.DLL+0x17374]
C  [ntdll.dll+0x4cc91]

VM_Operation (0x00000045df2ffa80): G1PauseRemark, mode: safepoint, requested by thread 0x000001ac6d89c9b0


---------------  P R O C E S S  ---------------

Threads class SMR info:
_java_thread_list=0x000001ac2ede8b10, length=90, elements={
0x000001ac6d8306c0, 0x000001ac7c4214c0, 0x000001ac7c4229f0, 0x000001ac7c435db0,
0x000001ac7c4396a0, 0x000001ac7c439f70, 0x000001ac7c43a840, 0x000001ac7c43b4f0,
0x000001ac7c43ca60, 0x000001ac7c43fb20, 0x000001ac7c40a5d0, 0x000001ac7c5d3740,
0x000001ac7d237c10, 0x000001ac7d58fa80, 0x000001ac7d50c2c0, 0x000001ac7c564b40,
0x000001ac7dd86c20, 0x000001ac7c6e5b50, 0x000001ac7c6e32d0, 0x000001ac7c6e4710,
0x000001ac7c6e6060, 0x000001ac7c6e4c20, 0x000001ac7c6e37e0, 0x000001ac7c6e5130,
0x000001ac7c6e5640, 0x000001ac7c6e28b0, 0x000001ac7c6e2dc0, 0x000001ac7c6e4200,
0x000001ac2e7dcce0, 0x000001ac2e7db390, 0x000001ac2e7d9a40, 0x000001ac2e7d9f50,
0x000001ac2e7d9020, 0x000001ac2e7dc2c0, 0x000001ac2e7d76d0, 0x000001ac2e7d71c0,
0x000001ac2e7d6cb0, 0x000001ac2e7dd700, 0x000001ac2e7de630, 0x000001ac2e7de120,
0x000001ac2e7d8b10, 0x000001ac2e7d80f0, 0x000001ac2e7da460, 0x000001ac2e7ddc10,
0x000001ac2e7d8600, 0x000001ac2e7d9530, 0x000001ac2e7da970, 0x000001ac2e7dae80,
0x000001ac2f3a0be0, 0x000001ac2f3a06d0, 0x000001ac2f3a1b10, 0x000001ac2f3a2a40,
0x000001ac2f3a6700, 0x000001ac2f3a48a0, 0x000001ac2f3a2020, 0x000001ac2f3a2f50,
0x000001ac2f3a3460, 0x000001ac2f3a52c0, 0x000001ac2f3a3970, 0x000001ac2f3a4db0,
0x000001ac2f3a57d0, 0x000001ac2f3a3e80, 0x000001ac2f3a5ce0, 0x000001ac2f3a4390,
0x000001ac2f3a6c10, 0x000001ac2f39f7a0, 0x000001ac2f39fcb0, 0x000001ac2f3a01c0,
0x000001ac2f3a1600, 0x000001ac7f58c220, 0x000001ac7f58b2f0, 0x000001ac7f58e080,
0x000001ac7f58cc40, 0x000001ac7f58d660, 0x000001ac7f58db70, 0x000001ac7f58a8d0,
0x000001ac7f58ade0, 0x000001ac7f58b800, 0x000001ac7f58bd10, 0x000001ac7f58d150,
0x000001ac2e1eafc0, 0x000001ac2e1eb9e0, 0x000001ac2e1e7d20, 0x000001ac2e1e9670,
0x000001ac2e1eaab0, 0x000001ac2e1e8230, 0x000001ac2e1e8740, 0x000001ac2e1e6df0,
0x000001ac2e1e63d0, 0x000001ac2e1ec910
}

Java Threads: ( => current thread )
  0x000001ac6d8306c0 JavaThread "main" [_thread_blocked, id=14836, stack(0x00000045df000000,0x00000045df100000)]
  0x000001ac7c4214c0 JavaThread "Reference Handler" daemon [_thread_blocked, id=2924, stack(0x00000045df700000,0x00000045df800000)]
  0x000001ac7c4229f0 JavaThread "Finalizer" daemon [_thread_blocked, id=8464, stack(0x00000045df800000,0x00000045df900000)]
  0x000001ac7c435db0 JavaThread "Signal Dispatcher" daemon [_thread_blocked, id=13936, stack(0x00000045df900000,0x00000045dfa00000)]
  0x000001ac7c4396a0 JavaThread "Attach Listener" daemon [_thread_blocked, id=15476, stack(0x00000045dfa00000,0x00000045dfb00000)]
  0x000001ac7c439f70 JavaThread "Service Thread" daemon [_thread_blocked, id=17000, stack(0x00000045dfb00000,0x00000045dfc00000)]
  0x000001ac7c43a840 JavaThread "Monitor Deflation Thread" daemon [_thread_blocked, id=11828, stack(0x00000045dfc00000,0x00000045dfd00000)]
  0x000001ac7c43b4f0 JavaThread "C2 CompilerThread0" daemon [_thread_blocked, id=12564, stack(0x00000045dfd00000,0x00000045dfe00000)]
  0x000001ac7c43ca60 JavaThread "C1 CompilerThread0" daemon [_thread_blocked, id=13840, stack(0x00000045dfe00000,0x00000045dff00000)]
  0x000001ac7c43fb20 JavaThread "Sweeper thread" daemon [_thread_blocked, id=13404, stack(0x00000045dff00000,0x00000045e0000000)]
  0x000001ac7c40a5d0 JavaThread "Common-Cleaner" daemon [_thread_blocked, id=3148, stack(0x00000045e0000000,0x00000045e0100000)]
  0x000001ac7c5d3740 JavaThread "Notification Thread" daemon [_thread_blocked, id=2340, stack(0x00000045e0100000,0x00000045e0200000)]
  0x000001ac7d237c10 JavaThread "Daemon health stats" [_thread_blocked, id=9556, stack(0x00000045e0800000,0x00000045e0900000)]
  0x000001ac7d58fa80 JavaThread "Incoming local TCP Connector on port 53677" [_thread_in_native, id=10248, stack(0x00000045e0500000,0x00000045e0600000)]
  0x000001ac7d50c2c0 JavaThread "Daemon periodic checks" [_thread_blocked, id=7472, stack(0x00000045e0900000,0x00000045e0a00000)]
  0x000001ac7c564b40 JavaThread "Daemon" [_thread_blocked, id=9472, stack(0x00000045e0a00000,0x00000045e0b00000)]
  0x000001ac7dd86c20 JavaThread "Handler for socket connection from /127.0.0.1:53677 to /127.0.0.1:53678" [_thread_in_native, id=11180, stack(0x00000045e0b00000,0x00000045e0c00000)]
  0x000001ac7c6e5b50 JavaThread "Cancel handler" [_thread_blocked, id=13900, stack(0x00000045e0c00000,0x00000045e0d00000)]
  0x000001ac7c6e32d0 JavaThread "Daemon worker" [_thread_blocked, id=15000, stack(0x00000045e0d00000,0x00000045e0e00000)]
  0x000001ac7c6e4710 JavaThread "Asynchronous log dispatcher for DefaultDaemonConnection: socket connection from /127.0.0.1:53677 to /127.0.0.1:53678" [_thread_blocked, id=660, stack(0x00000045e0e00000,0x00000045e0f00000)]
  0x000001ac7c6e6060 JavaThread "Stdin handler" [_thread_blocked, id=6840, stack(0x00000045e0f00000,0x00000045e1000000)]
  0x000001ac7c6e4c20 JavaThread "Daemon client event forwarder" [_thread_blocked, id=12888, stack(0x00000045e1000000,0x00000045e1100000)]
  0x000001ac7c6e37e0 JavaThread "Cache worker for journal cache (C:\Users\Dell\.gradle\caches\journal-1)" [_thread_blocked, id=5580, stack(0x00000045e1100000,0x00000045e1200000)]
  0x000001ac7c6e5130 JavaThread "File lock request listener" [_thread_in_native, id=16248, stack(0x00000045e1200000,0x00000045e1300000)]
  0x000001ac7c6e5640 JavaThread "Cache worker for file hash cache (C:\Users\Dell\.gradle\caches\8.14.1\fileHashes)" [_thread_blocked, id=12160, stack(0x00000045e1400000,0x00000045e1500000)]
  0x000001ac7c6e28b0 JavaThread "Cache worker for file hash cache (C:\Users\Dell\Desktop\War\FarmerPayA\android\.gradle\8.14.1\fileHashes)" [_thread_blocked, id=9580, stack(0x00000045e1500000,0x00000045e1600000)]
  0x000001ac7c6e2dc0 JavaThread "Cache worker for Build Output Cleanup Cache (C:\Users\Dell\Desktop\War\FarmerPayA\android\.gradle\buildOutputCleanup)" [_thread_blocked, id=9536, stack(0x00000045e1600000,0x00000045e1700000)]
  0x000001ac7c6e4200 JavaThread "File watcher server" daemon [_thread_in_native, id=9668, stack(0x00000045e1300000,0x00000045e1400000)]
  0x000001ac2e7dcce0 JavaThread "File watcher consumer" daemon [_thread_blocked, id=9224, stack(0x00000045e1700000,0x00000045e1800000)]
  0x000001ac2e7db390 JavaThread "jar transforms" [_thread_blocked, id=9012, stack(0x00000045e1900000,0x00000045e1a00000)]
  0x000001ac2e7d9a40 JavaThread "jar transforms Thread 2" [_thread_blocked, id=7916, stack(0x00000045e1a00000,0x00000045e1b00000)]
  0x000001ac2e7d9f50 JavaThread "jar transforms Thread 3" [_thread_blocked, id=5728, stack(0x00000045e1b00000,0x00000045e1c00000)]
  0x000001ac2e7d9020 JavaThread "jar transforms Thread 4" [_thread_blocked, id=6396, stack(0x00000045e1c00000,0x00000045e1d00000)]
  0x000001ac2e7dc2c0 JavaThread "Cache worker for checksums cache (C:\Users\Dell\Desktop\War\FarmerPayA\android\.gradle\8.14.1\checksums)" [_thread_blocked, id=9980, stack(0x00000045e1d00000,0x00000045e1e00000)]
  0x000001ac2e7d76d0 JavaThread "Cache worker for file content cache (C:\Users\Dell\.gradle\caches\8.14.1\fileContent)" [_thread_blocked, id=12044, stack(0x00000045e1e00000,0x00000045e1f00000)]
  0x000001ac2e7d71c0 JavaThread "Cache worker for cache directory md-supplier (C:\Users\Dell\.gradle\caches\8.14.1\md-supplier)" [_thread_blocked, id=9060, stack(0x00000045e1f00000,0x00000045e2000000)]
  0x000001ac2e7d6cb0 JavaThread "Cache worker for cache directory md-rule (C:\Users\Dell\.gradle\caches\8.14.1\md-rule)" [_thread_blocked, id=13584, stack(0x00000045e2000000,0x00000045e2100000)]
  0x000001ac2e7dd700 JavaThread "Cache worker for Build Output Cleanup Cache (C:\Users\Dell\Desktop\War\FarmerPayA\node_modules\@react-native\gradle-plugin\.gradle\buildOutputCleanup)" [_thread_blocked, id=10496, stack(0x00000045e2100000,0x00000045e2200000)]
  0x000001ac2e7de630 JavaThread "Unconstrained build operations" [_thread_blocked, id=5808, stack(0x00000045e1800000,0x00000045e1900000)]
  0x000001ac2e7de120 JavaThread "Unconstrained build operations Thread 2" [_thread_blocked, id=5804, stack(0x00000045e2200000,0x00000045e2300000)]
  0x000001ac2e7d8b10 JavaThread "Unconstrained build operations Thread 3" [_thread_blocked, id=7796, stack(0x00000045e2300000,0x00000045e2400000)]
  0x000001ac2e7d80f0 JavaThread "Unconstrained build operations Thread 4" [_thread_blocked, id=4532, stack(0x00000045e2400000,0x00000045e2500000)]
  0x000001ac2e7da460 JavaThread "Unconstrained build operations Thread 5" [_thread_blocked, id=4724, stack(0x00000045e2600000,0x00000045e2700000)]
  0x000001ac2e7ddc10 JavaThread "Unconstrained build operations Thread 6" [_thread_blocked, id=5356, stack(0x00000045e2700000,0x00000045e2800000)]
  0x000001ac2e7d8600 JavaThread "Unconstrained build operations Thread 7" [_thread_blocked, id=16056, stack(0x00000045ded00000,0x00000045dee00000)]
  0x000001ac2e7d9530 JavaThread "Unconstrained build operations Thread 8" [_thread_blocked, id=5960, stack(0x00000045e2500000,0x00000045e2600000)]
  0x000001ac2e7da970 JavaThread "Unconstrained build operations Thread 9" [_thread_blocked, id=16644, stack(0x00000045e2800000,0x00000045e2900000)]
  0x000001ac2e7dae80 JavaThread "Unconstrained build operations Thread 10" [_thread_blocked, id=14016, stack(0x00000045e2900000,0x00000045e2a00000)]
  0x000001ac2f3a0be0 JavaThread "Unconstrained build operations Thread 11" [_thread_blocked, id=12180, stack(0x00000045e2a00000,0x00000045e2b00000)]
  0x000001ac2f3a06d0 JavaThread "Unconstrained build operations Thread 12" [_thread_blocked, id=6600, stack(0x00000045e2b00000,0x00000045e2c00000)]
  0x000001ac2f3a1b10 JavaThread "Unconstrained build operations Thread 13" [_thread_blocked, id=14124, stack(0x00000045e2c00000,0x00000045e2d00000)]
  0x000001ac2f3a2a40 JavaThread "Unconstrained build operations Thread 14" [_thread_blocked, id=5644, stack(0x00000045e2d00000,0x00000045e2e00000)]
  0x000001ac2f3a6700 JavaThread "Unconstrained build operations Thread 15" [_thread_blocked, id=5192, stack(0x00000045e2e00000,0x00000045e2f00000)]
  0x000001ac2f3a48a0 JavaThread "build event listener" [_thread_blocked, id=13040, stack(0x00000045e3100000,0x00000045e3200000)]
  0x000001ac2f3a2020 JavaThread "Memory manager" [_thread_blocked, id=6684, stack(0x00000045e3200000,0x00000045e3300000)]
  0x000001ac2f3a2f50 JavaThread "ForkJoinPool.commonPool-worker-1" daemon [_thread_blocked, id=11172, stack(0x00000045e3300000,0x00000045e3400000)]
  0x000001ac2f3a3460 JavaThread "ForkJoinPool.commonPool-worker-2" daemon [_thread_blocked, id=15808, stack(0x00000045e3400000,0x00000045e3500000)]
  0x000001ac2f3a52c0 JavaThread "ForkJoinPool.commonPool-worker-3" daemon [_thread_blocked, id=11184, stack(0x00000045e3500000,0x00000045e3600000)]
  0x000001ac2f3a3970 JavaThread "included builds" [_thread_blocked, id=10644, stack(0x00000045e3600000,0x00000045e3700000)]
  0x000001ac2f3a4db0 JavaThread "Execution worker" [_thread_blocked, id=9376, stack(0x00000045e3700000,0x00000045e3800000)]
  0x000001ac2f3a57d0 JavaThread "Execution worker Thread 2" [_thread_blocked, id=15004, stack(0x00000045e3800000,0x00000045e3900000)]
  0x000001ac2f3a3e80 JavaThread "Execution worker Thread 3" [_thread_blocked, id=4352, stack(0x00000045e3900000,0x00000045e3a00000)]
  0x000001ac2f3a5ce0 JavaThread "Cache worker for execution history cache (C:\Users\Dell\Desktop\War\FarmerPayA\node_modules\@react-native\gradle-plugin\.gradle\8.14.1\executionHistory)" [_thread_blocked, id=14248, stack(0x00000045e3a00000,0x00000045e3b00000)]
  0x000001ac2f3a4390 JavaThread "Unconstrained build operations Thread 16" [_thread_blocked, id=1524, stack(0x00000045e3b00000,0x00000045e3c00000)]
  0x000001ac2f3a6c10 JavaThread "Unconstrained build operations Thread 17" [_thread_blocked, id=9800, stack(0x00000045e3c00000,0x00000045e3d00000)]
  0x000001ac2f39f7a0 JavaThread "Unconstrained build operations Thread 18" [_thread_blocked, id=16660, stack(0x00000045e3d00000,0x00000045e3e00000)]
  0x000001ac2f39fcb0 JavaThread "Unconstrained build operations Thread 19" [_thread_blocked, id=5940, stack(0x00000045e3e00000,0x00000045e3f00000)]
  0x000001ac2f3a01c0 JavaThread "Unconstrained build operations Thread 20" [_thread_blocked, id=8632, stack(0x00000045e3f00000,0x00000045e4000000)]
  0x000001ac2f3a1600 JavaThread "Unconstrained build operations Thread 21" [_thread_blocked, id=11860, stack(0x00000045e4000000,0x00000045e4100000)]
  0x000001ac7f58c220 JavaThread "Unconstrained build operations Thread 22" [_thread_blocked, id=14432, stack(0x00000045e4100000,0x00000045e4200000)]
  0x000001ac7f58b2f0 JavaThread "Unconstrained build operations Thread 23" [_thread_blocked, id=8612, stack(0x00000045e4200000,0x00000045e4300000)]
  0x000001ac7f58e080 JavaThread "Unconstrained build operations Thread 24" [_thread_blocked, id=6636, stack(0x00000045e4300000,0x00000045e4400000)]
  0x000001ac7f58cc40 JavaThread "Unconstrained build operations Thread 25" [_thread_blocked, id=1396, stack(0x00000045e4400000,0x00000045e4500000)]
  0x000001ac7f58d660 JavaThread "Unconstrained build operations Thread 26" [_thread_blocked, id=10872, stack(0x00000045e4500000,0x00000045e4600000)]
  0x000001ac7f58db70 JavaThread "Unconstrained build operations Thread 27" [_thread_blocked, id=6584, stack(0x00000045e4600000,0x00000045e4700000)]
  0x000001ac7f58a8d0 JavaThread "Unconstrained build operations Thread 28" [_thread_blocked, id=11976, stack(0x00000045e4700000,0x00000045e4800000)]
  0x000001ac7f58ade0 JavaThread "Unconstrained build operations Thread 29" [_thread_blocked, id=10932, stack(0x00000045e4800000,0x00000045e4900000)]
  0x000001ac7f58b800 JavaThread "Unconstrained build operations Thread 30" [_thread_blocked, id=7216, stack(0x00000045e4900000,0x00000045e4a00000)]
  0x000001ac7f58bd10 JavaThread "Unconstrained build operations Thread 31" [_thread_blocked, id=32, stack(0x00000045e4a00000,0x00000045e4b00000)]
  0x000001ac7f58d150 JavaThread "Unconstrained build operations Thread 32" [_thread_blocked, id=356, stack(0x00000045e4b00000,0x00000045e4c00000)]
  0x000001ac2e1eafc0 JavaThread "Unconstrained build operations Thread 33" [_thread_blocked, id=14552, stack(0x00000045e4c00000,0x00000045e4d00000)]
  0x000001ac2e1eb9e0 JavaThread "Unconstrained build operations Thread 34" [_thread_blocked, id=2100, stack(0x00000045e4d00000,0x00000045e4e00000)]
  0x000001ac2e1e7d20 JavaThread "Unconstrained build operations Thread 35" [_thread_blocked, id=11008, stack(0x00000045e4e00000,0x00000045e4f00000)]
  0x000001ac2e1e9670 JavaThread "Unconstrained build operations Thread 36" [_thread_blocked, id=12144, stack(0x00000045e4f00000,0x00000045e5000000)]
  0x000001ac2e1eaab0 JavaThread "Unconstrained build operations Thread 37" [_thread_blocked, id=3688, stack(0x00000045e5000000,0x00000045e5100000)]
  0x000001ac2e1e8230 JavaThread "Unconstrained build operations Thread 38" [_thread_blocked, id=10032, stack(0x00000045dee00000,0x00000045def00000)]
  0x000001ac2e1e8740 JavaThread "Unconstrained build operations Thread 39" [_thread_blocked, id=16364, stack(0x00000045def00000,0x00000045df000000)]
  0x000001ac2e1e6df0 JavaThread "Unconstrained build operations Thread 40" [_thread_blocked, id=14664, stack(0x00000045e5100000,0x00000045e5200000)]
  0x000001ac2e1e63d0 JavaThread "Problems report writer" [_thread_blocked, id=1108, stack(0x00000045e5200000,0x00000045e5300000)]
  0x000001ac2e1ec910 JavaThread "build event listener" [_thread_blocked, id=13372, stack(0x00000045e5300000,0x00000045e5400000)]

Other Threads:
=>0x000001ac7c41aea0 VMThread "VM Thread" [stack: 0x00000045df600000,0x00000045df700000] [id=12684]
  0x000001ac7c6083b0 WatcherThread [stack: 0x00000045e0200000,0x00000045e0300000] [id=9784]
  0x000001ac6d88bb50 GCTaskThread "GC Thread#0" [stack: 0x00000045df100000,0x00000045df200000] [id=15916]
  0x000001ac7c774860 GCTaskThread "GC Thread#1" [stack: 0x00000045e0300000,0x00000045e0400000] [id=14592]
  0x000001ac7c8ae670 GCTaskThread "GC Thread#2" [stack: 0x00000045e0400000,0x00000045e0500000] [id=12344]
  0x000001ac7d91aad0 GCTaskThread "GC Thread#3" [stack: 0x00000045e0600000,0x00000045e0700000] [id=8416]
  0x000001ac6d89c9b0 ConcurrentGCThread "G1 Main Marker" [stack: 0x00000045df200000,0x00000045df300000] [id=4316]
  0x000001ac6d89d2e0 ConcurrentGCThread "G1 Conc#0" [stack: 0x00000045df300000,0x00000045df400000] [id=11220]
  0x000001ac6d8ed150 ConcurrentGCThread "G1 Refine#0" [stack: 0x00000045df400000,0x00000045df500000] [id=10552]
  0x000001ac7ca2eb80 ConcurrentGCThread "G1 Refine#1" [stack: 0x00000045e0700000,0x00000045e0800000] [id=768]
  0x000001ac6d8eda90 ConcurrentGCThread "G1 Service" [stack: 0x00000045df500000,0x00000045df600000] [id=12232]

Threads with active compile tasks:
C2 CompilerThread0    98344 12857   !   4       com.sun.beans.TypeResolver::resolve (264 bytes)

VM state: at safepoint (normal execution)

VM Mutex/Monitor currently owned by a thread:  ([mutex/lock_event])
[0x000001ac6d82d290] Threads_lock - owner thread: 0x000001ac7c41aea0
[0x000001ac6d82c630] Heap_lock - owner thread: 0x000001ac6d89c9b0

Heap address: 0x0000000080000000, size: 2048 MB, Compressed Oops mode: 32-bit

CDS archive(s) mapped at: [0x000001ac0f000000-0x000001ac0fbb0000-0x000001ac0fbb0000), size 12255232, SharedBaseAddress: 0x000001ac0f000000, ArchiveRelocationMode: 1.
Compressed class space mapped at: 0x000001ac10000000-0x000001ac2a000000, reserved size: 436207616
Narrow klass base: 0x000001ac0f000000, Narrow klass shift: 0, Narrow klass range: 0x100000000

GC Precious Log:
 CPUs: 4 total, 4 available
 Memory: 8096M
 Large Page Support: Disabled
 NUMA Support: Disabled
 Compressed Oops: Enabled (32-bit)
 Heap Region Size: 1M
 Heap Min Capacity: 8M
 Heap Initial Capacity: 128M
 Heap Max Capacity: 2G
 Pre-touch: Disabled
 Parallel Workers: 4
 Concurrent Workers: 1
 Concurrent Refinement Workers: 4
 Periodic GC: Disabled

Heap:
 garbage-first heap   total 201728K, used 124450K [0x0000000080000000, 0x0000000100000000)
  region size 1024K, 13 young (13312K), 6 survivors (6144K)
 Metaspace       used 96783K, committed 97920K, reserved 557056K
  class space    used 13220K, committed 13760K, reserved 425984K

Heap Regions: E=young(eden), S=young(survivor), O=old, HS=humongous(starts), HC=humongous(continues), CS=collection set, F=free, OA=open archive, CA=closed archive, TAMS=top-at-mark-start (previous, next)
|   0|0x0000000080000000, 0x0000000080100000, 0x0000000080100000|100%|HS|  |TAMS 0x0000000080100000, 0x0000000080000000| Complete 
|   1|0x0000000080100000, 0x0000000080200000, 0x0000000080200000|100%|HC|  |TAMS 0x0000000080200000, 0x0000000080100000| Complete 
|   2|0x0000000080200000, 0x0000000080300000, 0x0000000080300000|100%|HC|  |TAMS 0x0000000080300000, 0x0000000080200000| Complete 
|   3|0x0000000080300000, 0x0000000080400000, 0x0000000080400000|100%| O|  |TAMS 0x0000000080400000, 0x0000000080300000| Untracked 
|   4|0x0000000080400000, 0x0000000080500000, 0x0000000080500000|100%| O|  |TAMS 0x0000000080500000, 0x0000000080400000| Untracked 
|   5|0x0000000080500000, 0x0000000080600000, 0x0000000080600000|100%| O|  |TAMS 0x0000000080600000, 0x0000000080500000| Untracked 
|   6|0x0000000080600000, 0x0000000080700000, 0x0000000080700000|100%| O|  |TAMS 0x0000000080700000, 0x0000000080600000| Untracked 
|   7|0x0000000080700000, 0x0000000080800000, 0x0000000080800000|100%|HS|  |TAMS 0x0000000080800000, 0x0000000080700000| Complete 
|   8|0x0000000080800000, 0x0000000080900000, 0x0000000080900000|100%| O|  |TAMS 0x0000000080900000, 0x0000000080800000| Untracked 
|   9|0x0000000080900000, 0x0000000080a00000, 0x0000000080a00000|100%| O|  |TAMS 0x0000000080a00000, 0x0000000080900000| Untracked 
|  10|0x0000000080a00000, 0x0000000080b00000, 0x0000000080b00000|100%| O|  |TAMS 0x0000000080b00000, 0x0000000080a00000| Untracked 
|  11|0x0000000080b00000, 0x0000000080c00000, 0x0000000080c00000|100%| O|  |TAMS 0x0000000080c00000, 0x0000000080b00000| Untracked 
|  12|0x0000000080c00000, 0x0000000080d00000, 0x0000000080d00000|100%| O|  |TAMS 0x0000000080d00000, 0x0000000080c00000| Untracked 
|  13|0x0000000080d00000, 0x0000000080e00000, 0x0000000080e00000|100%| O|  |TAMS 0x0000000080e00000, 0x0000000080d00000| Untracked 
|  14|0x0000000080e00000, 0x0000000080f00000, 0x0000000080f00000|100%| O|  |TAMS 0x0000000080f00000, 0x0000000080e00000| Untracked 
|  15|0x0000000080f00000, 0x0000000081000000, 0x0000000081000000|100%| O|  |TAMS 0x0000000081000000, 0x0000000080f00000| Untracked 
|  16|0x0000000081000000, 0x0000000081100000, 0x0000000081100000|100%| O|  |TAMS 0x0000000081100000, 0x0000000081000000| Untracked 
|  17|0x0000000081100000, 0x0000000081200000, 0x0000000081200000|100%| O|  |TAMS 0x0000000081200000, 0x0000000081100000| Untracked 
|  18|0x0000000081200000, 0x0000000081300000, 0x0000000081300000|100%| O|  |TAMS 0x0000000081300000, 0x0000000081200000| Untracked 
|  19|0x0000000081300000, 0x0000000081400000, 0x0000000081400000|100%| O|  |TAMS 0x0000000081400000, 0x0000000081300000| Untracked 
|  20|0x0000000081400000, 0x0000000081500000, 0x0000000081500000|100%| O|  |TAMS 0x0000000081500000, 0x0000000081400000| Untracked 
|  21|0x0000000081500000, 0x0000000081600000, 0x0000000081600000|100%| O|  |TAMS 0x0000000081600000, 0x0000000081500000| Updating 
|  22|0x0000000081600000, 0x0000000081700000, 0x0000000081700000|100%| O|  |TAMS 0x0000000081700000, 0x0000000081600000| Untracked 
|  23|0x0000000081700000, 0x0000000081800000, 0x0000000081800000|100%| O|  |TAMS 0x0000000081800000, 0x0000000081700000| Untracked 
|  24|0x0000000081800000, 0x0000000081900000, 0x0000000081900000|100%| O|  |TAMS 0x0000000081900000, 0x0000000081800000| Untracked 
|  25|0x0000000081900000, 0x0000000081a00000, 0x0000000081a00000|100%| O|  |TAMS 0x0000000081a00000, 0x0000000081900000| Untracked 
|  26|0x0000000081a00000, 0x0000000081b00000, 0x0000000081b00000|100%| O|  |TAMS 0x0000000081b00000, 0x0000000081a00000| Untracked 
|  27|0x0000000081b00000, 0x0000000081c00000, 0x0000000081c00000|100%| O|  |TAMS 0x0000000081c00000, 0x0000000081b00000| Updating 
|  28|0x0000000081c00000, 0x0000000081d00000, 0x0000000081d00000|100%| O|  |TAMS 0x0000000081d00000, 0x0000000081c00000| Updating 
|  29|0x0000000081d00000, 0x0000000081e00000, 0x0000000081e00000|100%| O|  |TAMS 0x0000000081e00000, 0x0000000081d00000| Updating 
|  30|0x0000000081e00000, 0x0000000081f00000, 0x0000000081f00000|100%| O|  |TAMS 0x0000000081f00000, 0x0000000081e00000| Untracked 
|  31|0x0000000081f00000, 0x0000000082000000, 0x0000000082000000|100%| O|  |TAMS 0x0000000082000000, 0x0000000081f00000| Updating 
|  32|0x0000000082000000, 0x0000000082100000, 0x0000000082100000|100%| O|  |TAMS 0x0000000082100000, 0x0000000082000000| Untracked 
|  33|0x0000000082100000, 0x0000000082200000, 0x0000000082200000|100%| O|  |TAMS 0x0000000082200000, 0x0000000082100000| Untracked 
|  34|0x0000000082200000, 0x0000000082300000, 0x0000000082300000|100%| O|  |TAMS 0x0000000082300000, 0x0000000082200000| Updating 
|  35|0x0000000082300000, 0x0000000082400000, 0x0000000082400000|100%| O|  |TAMS 0x0000000082400000, 0x0000000082300000| Untracked 
|  36|0x0000000082400000, 0x0000000082500000, 0x0000000082500000|100%| O|  |TAMS 0x0000000082500000, 0x0000000082400000| Updating 
|  37|0x0000000082500000, 0x0000000082600000, 0x0000000082600000|100%| O|  |TAMS 0x0000000082600000, 0x0000000082500000| Updating 
|  38|0x0000000082600000, 0x0000000082700000, 0x0000000082700000|100%| O|  |TAMS 0x0000000082700000, 0x0000000082600000| Untracked 
|  39|0x0000000082700000, 0x0000000082800000, 0x0000000082800000|100%| O|  |TAMS 0x0000000082800000, 0x0000000082700000| Updating 
|  40|0x0000000082800000, 0x0000000082900000, 0x0000000082900000|100%| O|  |TAMS 0x0000000082900000, 0x0000000082800000| Untracked 
|  41|0x0000000082900000, 0x0000000082a00000, 0x0000000082a00000|100%| O|  |TAMS 0x0000000082a00000, 0x0000000082900000| Updating 
|  42|0x0000000082a00000, 0x0000000082b00000, 0x0000000082b00000|100%| O|  |TAMS 0x0000000082b00000, 0x0000000082a00000| Untracked 
|  43|0x0000000082b00000, 0x0000000082c00000, 0x0000000082c00000|100%| O|  |TAMS 0x0000000082c00000, 0x0000000082b00000| Updating 
|  44|0x0000000082c00000, 0x0000000082d00000, 0x0000000082d00000|100%| O|  |TAMS 0x0000000082d00000, 0x0000000082c00000| Untracked 
|  45|0x0000000082d00000, 0x0000000082e00000, 0x0000000082e00000|100%| O|  |TAMS 0x0000000082e00000, 0x0000000082d00000| Untracked 
|  46|0x0000000082e00000, 0x0000000082f00000, 0x0000000082f00000|100%| O|  |TAMS 0x0000000082f00000, 0x0000000082e00000| Untracked 
|  47|0x0000000082f00000, 0x0000000083000000, 0x0000000083000000|100%| O|  |TAMS 0x0000000083000000, 0x0000000082f00000| Untracked 
|  48|0x0000000083000000, 0x0000000083100000, 0x0000000083100000|100%| O|  |TAMS 0x0000000083100000, 0x0000000083000000| Updating 
|  49|0x0000000083100000, 0x0000000083200000, 0x0000000083200000|100%|HS|  |TAMS 0x0000000083200000, 0x0000000083100000| Complete 
|  50|0x0000000083200000, 0x0000000083300000, 0x0000000083300000|100%|HC|  |TAMS 0x0000000083300000, 0x0000000083200000| Complete 
|  51|0x0000000083300000, 0x0000000083400000, 0x0000000083400000|100%|HC|  |TAMS 0x0000000083400000, 0x0000000083300000| Complete 
|  52|0x0000000083400000, 0x0000000083500000, 0x0000000083500000|100%|HS|  |TAMS 0x0000000083500000, 0x0000000083400000| Complete 
|  53|0x0000000083500000, 0x0000000083600000, 0x0000000083600000|100%|HC|  |TAMS 0x0000000083600000, 0x0000000083500000| Complete 
|  54|0x0000000083600000, 0x0000000083700000, 0x0000000083700000|100%|HC|  |TAMS 0x0000000083700000, 0x0000000083600000| Complete 
|  55|0x0000000083700000, 0x0000000083800000, 0x0000000083800000|100%| O|  |TAMS 0x0000000083800000, 0x0000000083700000| Untracked 
|  56|0x0000000083800000, 0x0000000083900000, 0x0000000083900000|100%| O|  |TAMS 0x0000000083900000, 0x0000000083800000| Untracked 
|  57|0x0000000083900000, 0x0000000083a00000, 0x0000000083a00000|100%| O|  |TAMS 0x0000000083a00000, 0x0000000083900000| Untracked 
|  58|0x0000000083a00000, 0x0000000083b00000, 0x0000000083b00000|100%| O|  |TAMS 0x0000000083b00000, 0x0000000083a00000| Updating 
|  59|0x0000000083b00000, 0x0000000083c00000, 0x0000000083c00000|100%| O|  |TAMS 0x0000000083c00000, 0x0000000083b00000| Updating 
|  60|0x0000000083c00000, 0x0000000083d00000, 0x0000000083d00000|100%| O|  |TAMS 0x0000000083d00000, 0x0000000083c00000| Updating 
|  61|0x0000000083d00000, 0x0000000083e00000, 0x0000000083e00000|100%| O|  |TAMS 0x0000000083e00000, 0x0000000083d00000| Untracked 
|  62|0x0000000083e00000, 0x0000000083f00000, 0x0000000083f00000|100%| O|  |TAMS 0x0000000083f00000, 0x0000000083e00000| Untracked 
|  63|0x0000000083f00000, 0x0000000084000000, 0x0000000084000000|100%| O|  |TAMS 0x0000000084000000, 0x0000000083f00000| Updating 
|  64|0x0000000084000000, 0x0000000084100000, 0x0000000084100000|100%| O|  |TAMS 0x0000000084100000, 0x0000000084000000| Updating 
|  65|0x0000000084100000, 0x0000000084200000, 0x0000000084200000|100%| O|  |TAMS 0x0000000084200000, 0x0000000084100000| Updating 
|  66|0x0000000084200000, 0x0000000084200000, 0x0000000084300000|  0%| F|  |TAMS 0x0000000084200000, 0x0000000084200000| Untracked 
|  67|0x0000000084300000, 0x0000000084400000, 0x0000000084400000|100%| O|  |TAMS 0x0000000084400000, 0x0000000084300000| Untracked 
|  68|0x0000000084400000, 0x0000000084500000, 0x0000000084500000|100%| O|  |TAMS 0x0000000084500000, 0x0000000084400000| Updating 
|  69|0x0000000084500000, 0x0000000084600000, 0x0000000084600000|100%| O|  |TAMS 0x0000000084600000, 0x0000000084500000| Updating 
|  70|0x0000000084600000, 0x0000000084700000, 0x0000000084700000|100%| O|  |TAMS 0x0000000084700000, 0x0000000084600000| Updating 
|  71|0x0000000084700000, 0x0000000084800000, 0x0000000084800000|100%| O|  |TAMS 0x0000000084800000, 0x0000000084700000| Untracked 
|  72|0x0000000084800000, 0x0000000084900000, 0x0000000084900000|100%| O|  |TAMS 0x0000000084900000, 0x0000000084800000| Untracked 
|  73|0x0000000084900000, 0x0000000084a00000, 0x0000000084a00000|100%| O|  |TAMS 0x0000000084a00000, 0x0000000084900000| Updating 
|  74|0x0000000084a00000, 0x0000000084b00000, 0x0000000084b00000|100%|HS|  |TAMS 0x0000000084b00000, 0x0000000084a00000| Complete 
|  75|0x0000000084b00000, 0x0000000084c00000, 0x0000000084c00000|100%|HC|  |TAMS 0x0000000084c00000, 0x0000000084b00000| Complete 
|  76|0x0000000084c00000, 0x0000000084d00000, 0x0000000084d00000|100%|HC|  |TAMS 0x0000000084d00000, 0x0000000084c00000| Complete 
|  77|0x0000000084d00000, 0x0000000084e00000, 0x0000000084e00000|100%| O|  |TAMS 0x0000000084e00000, 0x0000000084d00000| Untracked 
|  78|0x0000000084e00000, 0x0000000084f00000, 0x0000000084f00000|100%| O|  |TAMS 0x0000000084f00000, 0x0000000084e00000| Untracked 
|  79|0x0000000084f00000, 0x0000000085000000, 0x0000000085000000|100%| O|  |TAMS 0x0000000085000000, 0x0000000084f00000| Untracked 
|  80|0x0000000085000000, 0x0000000085100000, 0x0000000085100000|100%| O|  |TAMS 0x0000000085100000, 0x0000000085000000| Updating 
|  81|0x0000000085100000, 0x0000000085100000, 0x0000000085200000|  0%| F|  |TAMS 0x0000000085100000, 0x0000000085100000| Untracked 
|  82|0x0000000085200000, 0x0000000085300000, 0x0000000085300000|100%| O|  |TAMS 0x0000000085300000, 0x0000000085200000| Untracked 
|  83|0x0000000085300000, 0x0000000085400000, 0x0000000085400000|100%| O|  |TAMS 0x0000000085400000, 0x0000000085300000| Untracked 
|  84|0x0000000085400000, 0x0000000085400000, 0x0000000085500000|  0%| F|  |TAMS 0x0000000085400000, 0x0000000085400000| Untracked 
|  85|0x0000000085500000, 0x0000000085600000, 0x0000000085600000|100%| O|  |TAMS 0x0000000085600000, 0x0000000085500000| Updating 
|  86|0x0000000085600000, 0x0000000085700000, 0x0000000085700000|100%| O|  |TAMS 0x0000000085700000, 0x0000000085600000| Updating 
|  87|0x0000000085700000, 0x0000000085800000, 0x0000000085800000|100%|HS|  |TAMS 0x0000000085800000, 0x0000000085700000| Complete 
|  88|0x0000000085800000, 0x0000000085900000, 0x0000000085900000|100%|HS|  |TAMS 0x0000000085900000, 0x0000000085800000| Complete 
|  89|0x0000000085900000, 0x0000000085a00000, 0x0000000085a00000|100%|HS|  |TAMS 0x0000000085a00000, 0x0000000085900000| Complete 
|  90|0x0000000085a00000, 0x0000000085b00000, 0x0000000085b00000|100%|HS|  |TAMS 0x0000000085b00000, 0x0000000085a00000| Complete 
|  91|0x0000000085b00000, 0x0000000085c00000, 0x0000000085c00000|100%| O|  |TAMS 0x0000000085c00000, 0x0000000085b00000| Untracked 
|  92|0x0000000085c00000, 0x0000000085d00000, 0x0000000085d00000|100%|HS|  |TAMS 0x0000000085d00000, 0x0000000085c00000| Complete 
|  93|0x0000000085d00000, 0x0000000085e00000, 0x0000000085e00000|100%|HS|  |TAMS 0x0000000085e00000, 0x0000000085d00000| Complete 
|  94|0x0000000085e00000, 0x0000000085f00000, 0x0000000085f00000|100%| O|  |TAMS 0x0000000085f00000, 0x0000000085e00000| Untracked 
|  95|0x0000000085f00000, 0x0000000086000000, 0x0000000086000000|100%| O|  |TAMS 0x0000000086000000, 0x0000000085f00000| Untracked 
|  96|0x0000000086000000, 0x0000000086100000, 0x0000000086100000|100%| O|  |TAMS 0x0000000086100000, 0x0000000086000000| Untracked 
|  97|0x0000000086100000, 0x0000000086200000, 0x0000000086200000|100%| O|  |TAMS 0x0000000086200000, 0x0000000086100000| Untracked 
|  98|0x0000000086200000, 0x0000000086300000, 0x0000000086300000|100%| O|  |TAMS 0x0000000086300000, 0x0000000086200000| Untracked 
|  99|0x0000000086300000, 0x0000000086400000, 0x0000000086400000|100%| O|  |TAMS 0x0000000086400000, 0x0000000086300000| Updating 
| 100|0x0000000086400000, 0x0000000086500000, 0x0000000086500000|100%| O|  |TAMS 0x0000000086500000, 0x0000000086400000| Untracked 
| 101|0x0000000086500000, 0x0000000086600000, 0x0000000086600000|100%| O|  |TAMS 0x0000000086600000, 0x0000000086500000| Untracked 
| 102|0x0000000086600000, 0x0000000086700000, 0x0000000086700000|100%| O|  |TAMS 0x0000000086700000, 0x0000000086600000| Untracked 
| 103|0x0000000086700000, 0x0000000086800000, 0x0000000086800000|100%| O|  |TAMS 0x0000000086800000, 0x0000000086700000| Untracked 
| 104|0x0000000086800000, 0x0000000086900000, 0x0000000086900000|100%| O|  |TAMS 0x0000000086900000, 0x0000000086800000| Updating 
| 105|0x0000000086900000, 0x0000000086988e00, 0x0000000086a00000| 53%| O|  |TAMS 0x0000000086988e00, 0x0000000086900000| Updating 
| 106|0x0000000086a00000, 0x0000000086b00000, 0x0000000086b00000|100%|HS|  |TAMS 0x0000000086b00000, 0x0000000086a00000| Complete 
| 107|0x0000000086b00000, 0x0000000086c00000, 0x0000000086c00000|100%| O|  |TAMS 0x0000000086c00000, 0x0000000086b00000| Untracked 
| 108|0x0000000086c00000, 0x0000000086d00000, 0x0000000086d00000|100%| O|  |TAMS 0x0000000086d00000, 0x0000000086c00000| Untracked 
| 109|0x0000000086d00000, 0x0000000086e00000, 0x0000000086e00000|100%| O|  |TAMS 0x0000000086e00000, 0x0000000086d00000| Untracked 
| 110|0x0000000086e00000, 0x0000000086f00000, 0x0000000086f00000|100%|HS|  |TAMS 0x0000000086f00000, 0x0000000086e00000| Complete 
| 111|0x0000000086f00000, 0x0000000087000000, 0x0000000087000000|100%|HC|  |TAMS 0x0000000087000000, 0x0000000086f00000| Complete 
| 112|0x0000000087000000, 0x0000000087100000, 0x0000000087100000|100%|HC|  |TAMS 0x0000000087100000, 0x0000000087000000| Complete 
| 113|0x0000000087100000, 0x0000000087100000, 0x0000000087200000|  0%| F|  |TAMS 0x0000000087100000, 0x0000000087100000| Untracked 
| 114|0x0000000087200000, 0x0000000087200000, 0x0000000087300000|  0%| F|  |TAMS 0x0000000087200000, 0x0000000087200000| Untracked 
| 115|0x0000000087300000, 0x0000000087300000, 0x0000000087400000|  0%| F|  |TAMS 0x0000000087300000, 0x0000000087300000| Untracked 
| 116|0x0000000087400000, 0x0000000087400000, 0x0000000087500000|  0%| F|  |TAMS 0x0000000087400000, 0x0000000087400000| Untracked 
| 117|0x0000000087500000, 0x0000000087500000, 0x0000000087600000|  0%| F|  |TAMS 0x0000000087500000, 0x0000000087500000| Untracked 
| 118|0x0000000087600000, 0x0000000087600000, 0x0000000087700000|  0%| F|  |TAMS 0x0000000087600000, 0x0000000087600000| Untracked 
| 119|0x0000000087700000, 0x0000000087700000, 0x0000000087800000|  0%| F|  |TAMS 0x0000000087700000, 0x0000000087700000| Untracked 
| 120|0x0000000087800000, 0x0000000087800000, 0x0000000087900000|  0%| F|  |TAMS 0x0000000087800000, 0x0000000087800000| Untracked 
| 121|0x0000000087900000, 0x0000000087900000, 0x0000000087a00000|  0%| F|  |TAMS 0x0000000087900000, 0x0000000087900000| Untracked 
| 122|0x0000000087a00000, 0x0000000087a00000, 0x0000000087b00000|  0%| F|  |TAMS 0x0000000087a00000, 0x0000000087a00000| Untracked 
| 123|0x0000000087b00000, 0x0000000087b00000, 0x0000000087c00000|  0%| F|  |TAMS 0x0000000087b00000, 0x0000000087b00000| Untracked 
| 124|0x0000000087c00000, 0x0000000087c00000, 0x0000000087d00000|  0%| F|  |TAMS 0x0000000087c00000, 0x0000000087c00000| Untracked 
| 125|0x0000000087d00000, 0x0000000087d00000, 0x0000000087e00000|  0%| F|  |TAMS 0x0000000087d00000, 0x0000000087d00000| Untracked 
| 126|0x0000000087e00000, 0x0000000087e00000, 0x0000000087f00000|  0%| F|  |TAMS 0x0000000087e00000, 0x0000000087e00000| Untracked 
| 127|0x0000000087f00000, 0x0000000087f00000, 0x0000000088000000|  0%| F|  |TAMS 0x0000000087f00000, 0x0000000087f00000| Untracked 
| 128|0x0000000088000000, 0x0000000088000000, 0x0000000088100000|  0%| F|  |TAMS 0x0000000088000000, 0x0000000088000000| Untracked 
| 129|0x0000000088100000, 0x0000000088100000, 0x0000000088200000|  0%| F|  |TAMS 0x0000000088100000, 0x0000000088100000| Untracked 
| 130|0x0000000088200000, 0x0000000088200000, 0x0000000088300000|  0%| F|  |TAMS 0x0000000088200000, 0x0000000088200000| Untracked 
| 131|0x0000000088300000, 0x0000000088300000, 0x0000000088400000|  0%| F|  |TAMS 0x0000000088300000, 0x0000000088300000| Untracked 
| 132|0x0000000088400000, 0x0000000088400000, 0x0000000088500000|  0%| F|  |TAMS 0x0000000088400000, 0x0000000088400000| Untracked 
| 133|0x0000000088500000, 0x0000000088500000, 0x0000000088600000|  0%| F|  |TAMS 0x0000000088500000, 0x0000000088500000| Untracked 
| 134|0x0000000088600000, 0x0000000088600000, 0x0000000088700000|  0%| F|  |TAMS 0x0000000088600000, 0x0000000088600000| Untracked 
| 135|0x0000000088700000, 0x0000000088700000, 0x0000000088800000|  0%| F|  |TAMS 0x0000000088700000, 0x0000000088700000| Untracked 
| 136|0x0000000088800000, 0x0000000088800000, 0x0000000088900000|  0%| F|  |TAMS 0x0000000088800000, 0x0000000088800000| Untracked 
| 137|0x0000000088900000, 0x0000000088900000, 0x0000000088a00000|  0%| F|  |TAMS 0x0000000088900000, 0x0000000088900000| Untracked 
| 138|0x0000000088a00000, 0x0000000088a00000, 0x0000000088b00000|  0%| F|  |TAMS 0x0000000088a00000, 0x0000000088a00000| Untracked 
| 139|0x0000000088b00000, 0x0000000088b00000, 0x0000000088c00000|  0%| F|  |TAMS 0x0000000088b00000, 0x0000000088b00000| Untracked 
| 140|0x0000000088c00000, 0x0000000088c00000, 0x0000000088d00000|  0%| F|  |TAMS 0x0000000088c00000, 0x0000000088c00000| Untracked 
| 141|0x0000000088d00000, 0x0000000088dffab0, 0x0000000088e00000| 99%| S|CS|TAMS 0x0000000088d00000, 0x0000000088d00000| Complete 
| 142|0x0000000088e00000, 0x0000000088f00000, 0x0000000088f00000|100%| S|CS|TAMS 0x0000000088e00000, 0x0000000088e00000| Complete 
| 143|0x0000000088f00000, 0x0000000089000000, 0x0000000089000000|100%| S|CS|TAMS 0x0000000088f00000, 0x0000000088f00000| Complete 
| 144|0x0000000089000000, 0x0000000089000000, 0x0000000089100000|  0%| F|  |TAMS 0x0000000089000000, 0x0000000089000000| Untracked 
| 145|0x0000000089100000, 0x0000000089100000, 0x0000000089200000|  0%| F|  |TAMS 0x0000000089100000, 0x0000000089100000| Untracked 
| 146|0x0000000089200000, 0x0000000089200000, 0x0000000089300000|  0%| F|  |TAMS 0x0000000089200000, 0x0000000089200000| Untracked 
| 147|0x0000000089300000, 0x0000000089300000, 0x0000000089400000|  0%| F|  |TAMS 0x0000000089300000, 0x0000000089300000| Untracked 
| 148|0x0000000089400000, 0x0000000089500000, 0x0000000089500000|100%| S|CS|TAMS 0x0000000089400000, 0x0000000089400000| Complete 
| 149|0x0000000089500000, 0x0000000089600000, 0x0000000089600000|100%| S|CS|TAMS 0x0000000089500000, 0x0000000089500000| Complete 
| 150|0x0000000089600000, 0x0000000089700000, 0x0000000089700000|100%| S|CS|TAMS 0x0000000089600000, 0x0000000089600000| Complete 
| 151|0x0000000089700000, 0x0000000089700000, 0x0000000089800000|  0%| F|  |TAMS 0x0000000089700000, 0x0000000089700000| Untracked 
| 152|0x0000000089800000, 0x0000000089800000, 0x0000000089900000|  0%| F|  |TAMS 0x0000000089800000, 0x0000000089800000| Untracked 
| 153|0x0000000089900000, 0x0000000089900000, 0x0000000089a00000|  0%| F|  |TAMS 0x0000000089900000, 0x0000000089900000| Untracked 
| 154|0x0000000089a00000, 0x0000000089a00000, 0x0000000089b00000|  0%| F|  |TAMS 0x0000000089a00000, 0x0000000089a00000| Untracked 
| 155|0x0000000089b00000, 0x0000000089b00000, 0x0000000089c00000|  0%| F|  |TAMS 0x0000000089b00000, 0x0000000089b00000| Untracked 
| 156|0x0000000089c00000, 0x0000000089c00000, 0x0000000089d00000|  0%| F|  |TAMS 0x0000000089c00000, 0x0000000089c00000| Untracked 
| 157|0x0000000089d00000, 0x0000000089d00000, 0x0000000089e00000|  0%| F|  |TAMS 0x0000000089d00000, 0x0000000089d00000| Untracked 
| 158|0x0000000089e00000, 0x0000000089e00000, 0x0000000089f00000|  0%| F|  |TAMS 0x0000000089e00000, 0x0000000089e00000| Untracked 
| 159|0x0000000089f00000, 0x0000000089f00000, 0x000000008a000000|  0%| F|  |TAMS 0x0000000089f00000, 0x0000000089f00000| Untracked 
| 160|0x000000008a000000, 0x000000008a000000, 0x000000008a100000|  0%| F|  |TAMS 0x000000008a000000, 0x000000008a000000| Untracked 
| 161|0x000000008a100000, 0x000000008a100000, 0x000000008a200000|  0%| F|  |TAMS 0x000000008a100000, 0x000000008a100000| Untracked 
| 162|0x000000008a200000, 0x000000008a200000, 0x000000008a300000|  0%| F|  |TAMS 0x000000008a200000, 0x000000008a200000| Untracked 
| 163|0x000000008a300000, 0x000000008a300000, 0x000000008a400000|  0%| F|  |TAMS 0x000000008a300000, 0x000000008a300000| Untracked 
| 164|0x000000008a400000, 0x000000008a400000, 0x000000008a500000|  0%| F|  |TAMS 0x000000008a400000, 0x000000008a400000| Untracked 
| 165|0x000000008a500000, 0x000000008a500000, 0x000000008a600000|  0%| F|  |TAMS 0x000000008a500000, 0x000000008a500000| Untracked 
| 166|0x000000008a600000, 0x000000008a600000, 0x000000008a700000|  0%| F|  |TAMS 0x000000008a600000, 0x000000008a600000| Untracked 
| 167|0x000000008a700000, 0x000000008a700000, 0x000000008a800000|  0%| F|  |TAMS 0x000000008a700000, 0x000000008a700000| Untracked 
| 168|0x000000008a800000, 0x000000008a800000, 0x000000008a900000|  0%| F|  |TAMS 0x000000008a800000, 0x000000008a800000| Untracked 
| 169|0x000000008a900000, 0x000000008a900000, 0x000000008aa00000|  0%| F|  |TAMS 0x000000008a900000, 0x000000008a900000| Untracked 
| 170|0x000000008aa00000, 0x000000008aa00000, 0x000000008ab00000|  0%| F|  |TAMS 0x000000008aa00000, 0x000000008aa00000| Untracked 
| 171|0x000000008ab00000, 0x000000008ab00000, 0x000000008ac00000|  0%| F|  |TAMS 0x000000008ab00000, 0x000000008ab00000| Untracked 
| 172|0x000000008ac00000, 0x000000008ac00000, 0x000000008ad00000|  0%| F|  |TAMS 0x000000008ac00000, 0x000000008ac00000| Untracked 
| 173|0x000000008ad00000, 0x000000008ad00000, 0x000000008ae00000|  0%| F|  |TAMS 0x000000008ad00000, 0x000000008ad00000| Untracked 
| 174|0x000000008ae00000, 0x000000008ae00000, 0x000000008af00000|  0%| F|  |TAMS 0x000000008ae00000, 0x000000008ae00000| Untracked 
| 175|0x000000008af00000, 0x000000008af00000, 0x000000008b000000|  0%| F|  |TAMS 0x000000008af00000, 0x000000008af00000| Untracked 
| 176|0x000000008b000000, 0x000000008b000000, 0x000000008b100000|  0%| F|  |TAMS 0x000000008b000000, 0x000000008b000000| Untracked 
| 177|0x000000008b100000, 0x000000008b100000, 0x000000008b200000|  0%| F|  |TAMS 0x000000008b100000, 0x000000008b100000| Untracked 
| 178|0x000000008b200000, 0x000000008b200000, 0x000000008b300000|  0%| F|  |TAMS 0x000000008b200000, 0x000000008b200000| Untracked 
| 179|0x000000008b300000, 0x000000008b300000, 0x000000008b400000|  0%| F|  |TAMS 0x000000008b300000, 0x000000008b300000| Untracked 
| 180|0x000000008b400000, 0x000000008b400000, 0x000000008b500000|  0%| F|  |TAMS 0x000000008b400000, 0x000000008b400000| Untracked 
| 181|0x000000008b500000, 0x000000008b500000, 0x000000008b600000|  0%| F|  |TAMS 0x000000008b500000, 0x000000008b500000| Untracked 
| 182|0x000000008b600000, 0x000000008b600000, 0x000000008b700000|  0%| F|  |TAMS 0x000000008b600000, 0x000000008b600000| Untracked 
| 183|0x000000008b700000, 0x000000008b700000, 0x000000008b800000|  0%| F|  |TAMS 0x000000008b700000, 0x000000008b700000| Untracked 
| 184|0x000000008b800000, 0x000000008b800000, 0x000000008b900000|  0%| F|  |TAMS 0x000000008b800000, 0x000000008b800000| Untracked 
| 185|0x000000008b900000, 0x000000008b900000, 0x000000008ba00000|  0%| F|  |TAMS 0x000000008b900000, 0x000000008b900000| Untracked 
| 186|0x000000008ba00000, 0x000000008ba00000, 0x000000008bb00000|  0%| F|  |TAMS 0x000000008ba00000, 0x000000008ba00000| Untracked 
| 187|0x000000008bb00000, 0x000000008bb00000, 0x000000008bc00000|  0%| F|  |TAMS 0x000000008bb00000, 0x000000008bb00000| Untracked 
| 188|0x000000008bc00000, 0x000000008bc00000, 0x000000008bd00000|  0%| F|  |TAMS 0x000000008bc00000, 0x000000008bc00000| Untracked 
| 189|0x000000008bd00000, 0x000000008bd00000, 0x000000008be00000|  0%| F|  |TAMS 0x000000008bd00000, 0x000000008bd00000| Untracked 
| 190|0x000000008be00000, 0x000000008be80a60, 0x000000008bf00000| 50%| E|  |TAMS 0x000000008be00000, 0x000000008be00000| Complete 
| 191|0x000000008bf00000, 0x000000008c000000, 0x000000008c000000|100%| E|CS|TAMS 0x000000008bf00000, 0x000000008bf00000| Complete 
| 192|0x000000008c000000, 0x000000008c100000, 0x000000008c100000|100%| E|CS|TAMS 0x000000008c000000, 0x000000008c000000| Complete 
| 193|0x000000008c100000, 0x000000008c200000, 0x000000008c200000|100%| E|CS|TAMS 0x000000008c100000, 0x000000008c100000| Complete 
| 194|0x000000008c200000, 0x000000008c300000, 0x000000008c300000|100%| E|CS|TAMS 0x000000008c200000, 0x000000008c200000| Complete 
| 195|0x000000008c300000, 0x000000008c400000, 0x000000008c400000|100%| E|CS|TAMS 0x000000008c300000, 0x000000008c300000| Complete 
| 196|0x000000008c400000, 0x000000008c500000, 0x000000008c500000|100%| E|CS|TAMS 0x000000008c400000, 0x000000008c400000| Complete 

Card table byte_map: [0x000001ac75780000,0x000001ac75b80000] _byte_map_base: 0x000001ac75380000

Marking Bits (Prev, Next): (CMBitMap*) 0x000001ac6d88c080, (CMBitMap*) 0x000001ac6d88c0c0
 Prev Bits: [0x000001ac75f80000, 0x000001ac77f80000)
 Next Bits: [0x000001ac77f80000, 0x000001ac79f80000)

Polling page: 0x000001ac6b640000

Metaspace:

Usage:
  Non-class:     81.61 MB used.
      Class:     12.91 MB used.
       Both:     94.52 MB used.

Virtual space:
  Non-class space:      128.00 MB reserved,      82.19 MB ( 64%) committed,  2 nodes.
      Class space:      416.00 MB reserved,      13.44 MB (  3%) committed,  1 nodes.
             Both:      544.00 MB reserved,      95.62 MB ( 18%) committed. 

Chunk freelists:
   Non-Class:  13.22 MB
       Class:  2.40 MB
        Both:  15.62 MB

MaxMetaspaceSize: 512.00 MB
CompressedClassSpaceSize: 416.00 MB
Initial GC threshold: 21.00 MB
Current GC threshold: 143.38 MB
CDS: on
MetaspaceReclaimPolicy: balanced
 - commit_granule_bytes: 65536.
 - commit_granule_words: 8192.
 - virtual_space_node_default_size: 8388608.
 - enlarge_chunks_in_place: 1.
 - new_chunks_are_fully_committed: 0.
 - uncommit_free_chunks: 1.
 - use_allocation_guard: 0.
 - handle_deallocations: 1.


Internal statistics:

num_allocs_failed_limit: 6.
num_arena_births: 1424.
num_arena_deaths: 0.
num_vsnodes_births: 3.
num_vsnodes_deaths: 0.
num_space_committed: 1530.
num_space_uncommitted: 0.
num_chunks_returned_to_freelist: 6.
num_chunks_taken_from_freelist: 5806.
num_chunk_merges: 6.
num_chunk_splits: 3674.
num_chunks_enlarged: 2293.
num_inconsistent_stats: 0.

CodeHeap 'non-profiled nmethods': size=120000Kb used=7299Kb max_used=7299Kb free=112700Kb
 bounds [0x000001ac07ad0000, 0x000001ac08200000, 0x000001ac0f000000]
CodeHeap 'profiled nmethods': size=120000Kb used=21815Kb max_used=21815Kb free=98184Kb
 bounds [0x000001ac00000000, 0x000001ac01550000, 0x000001ac07530000]
CodeHeap 'non-nmethods': size=5760Kb used=2406Kb max_used=2454Kb free=3353Kb
 bounds [0x000001ac07530000, 0x000001ac077a0000, 0x000001ac07ad0000]
 total_blobs=12201 nmethods=11263 adapters=850
 compilation: enabled
              stopped_count=0, restarted_count=0
 full_count=0

Compilation events (20 events):
Event: 97.739 Thread 0x000001ac7c43ca60 12862       3       java.beans.ThreadGroupContext::getContext (16 bytes)
Event: 97.740 Thread 0x000001ac7c43ca60 nmethod 12862 0x000001ac01549290 code [0x000001ac01549440, 0x000001ac01549728]
Event: 97.740 Thread 0x000001ac7c43ca60 12863   !   3       java.beans.WeakIdentityMap::removeStaleEntries (151 bytes)
Event: 97.742 Thread 0x000001ac7c43ca60 nmethod 12863 0x000001ac01549810 code [0x000001ac01549a60, 0x000001ac0154a7f8]
Event: 97.743 Thread 0x000001ac7c43ca60 12864       3       java.beans.WeakIdentityMap$Entry::isMatched (22 bytes)
Event: 97.743 Thread 0x000001ac7c43ca60 nmethod 12864 0x000001ac0154af10 code [0x000001ac0154b0a0, 0x000001ac0154b2f8]
Event: 97.825 Thread 0x000001ac7c43ca60 12865       1       groovy.lang.MetaClassImpl::isInitialized (5 bytes)
Event: 97.825 Thread 0x000001ac7c43ca60 nmethod 12865 0x000001ac081e3890 code [0x000001ac081e3a20, 0x000001ac081e3af8]
Event: 97.826 Thread 0x000001ac7c43ca60 12866       3       org.codehaus.groovy.runtime.metaclass.MetaMethodIndex::copyNonPrivateMethods (24 bytes)
Event: 97.827 Thread 0x000001ac7c43ca60 nmethod 12866 0x000001ac0154b390 code [0x000001ac0154b540, 0x000001ac0154b768]
Event: 97.828 Thread 0x000001ac7c43ca60 12867 %     3       groovy.lang.MetaClassImpl::inheritInterfaceNewMetaMethods @ 100 (195 bytes)
Event: 97.831 Thread 0x000001ac7c43ca60 nmethod 12867% 0x000001ac0154b890 code [0x000001ac0154bba0, 0x000001ac0154d198]
Event: 97.831 Thread 0x000001ac7c43ca60 12868       3       groovy.lang.MetaClassImpl::inheritInterfaceNewMetaMethods (195 bytes)
Event: 97.833 Thread 0x000001ac7c43ca60 nmethod 12868 0x000001ac0154d990 code [0x000001ac0154dc80, 0x000001ac0154ef58]
Event: 97.881 Thread 0x000001ac7c43b4f0 nmethod 12823 0x000001ac081e3b90 code [0x000001ac081e4020, 0x000001ac081ec9e8]
Event: 97.882 Thread 0x000001ac7c43b4f0 12826       4       java.lang.String::valueOf (15 bytes)
Event: 97.883 Thread 0x000001ac7c43b4f0 nmethod 12826 0x000001ac081f0790 code [0x000001ac081f0900, 0x000001ac081f0998]
Event: 97.883 Thread 0x000001ac7c43b4f0 12827       4       java.beans.FeatureDescriptor::getClass0 (22 bytes)
Event: 97.885 Thread 0x000001ac7c43b4f0 nmethod 12827 0x000001ac081f0a90 code [0x000001ac081f0c20, 0x000001ac081f0d38]
Event: 97.885 Thread 0x000001ac7c43b4f0 12857   !   4       com.sun.beans.TypeResolver::resolve (264 bytes)

GC Heap History (20 events):
Event: 79.373 GC heap before
{Heap before GC invocations=48 (full 0):
 garbage-first heap   total 182272K, used 156170K [0x0000000080000000, 0x0000000100000000)
  region size 1024K, 60 young (61440K), 5 survivors (5120K)
 Metaspace       used 83957K, committed 84992K, reserved 557056K
  class space    used 11546K, committed 12032K, reserved 425984K
}
Event: 79.389 GC heap after
{Heap after GC invocations=49 (full 0):
 garbage-first heap   total 182272K, used 106150K [0x0000000080000000, 0x0000000100000000)
  region size 1024K, 8 young (8192K), 8 survivors (8192K)
 Metaspace       used 83957K, committed 84992K, reserved 557056K
  class space    used 11546K, committed 12032K, reserved 425984K
}
Event: 79.438 GC heap before
{Heap before GC invocations=49 (full 0):
 garbage-first heap   total 182272K, used 107174K [0x0000000080000000, 0x0000000100000000)
  region size 1024K, 9 young (9216K), 8 survivors (8192K)
 Metaspace       used 83995K, committed 85056K, reserved 557056K
  class space    used 11556K, committed 12032K, reserved 425984K
}
Event: 79.451 GC heap after
{Heap after GC invocations=50 (full 0):
 garbage-first heap   total 182272K, used 105369K [0x0000000080000000, 0x0000000100000000)
  region size 1024K, 1 young (1024K), 1 survivors (1024K)
 Metaspace       used 83995K, committed 85056K, reserved 557056K
  class space    used 11556K, committed 12032K, reserved 425984K
}
Event: 82.216 GC heap before
{Heap before GC invocations=50 (full 0):
 garbage-first heap   total 182272K, used 149401K [0x0000000080000000, 0x0000000100000000)
  region size 1024K, 43 young (44032K), 1 survivors (1024K)
 Metaspace       used 86964K, committed 88064K, reserved 557056K
  class space    used 11889K, committed 12416K, reserved 425984K
}
Event: 82.223 GC heap after
{Heap after GC invocations=51 (full 0):
 garbage-first heap   total 182272K, used 108090K [0x0000000080000000, 0x0000000100000000)
  region size 1024K, 3 young (3072K), 3 survivors (3072K)
 Metaspace       used 86964K, committed 88064K, reserved 557056K
  class space    used 11889K, committed 12416K, reserved 425984K
}
Event: 82.262 GC heap before
{Heap before GC invocations=51 (full 0):
 garbage-first heap   total 182272K, used 110138K [0x0000000080000000, 0x0000000100000000)
  region size 1024K, 6 young (6144K), 3 survivors (3072K)
 Metaspace       used 86964K, committed 88064K, reserved 557056K
  class space    used 11889K, committed 12416K, reserved 425984K
}
Event: 82.271 GC heap after
{Heap after GC invocations=52 (full 0):
 garbage-first heap   total 182272K, used 110004K [0x0000000080000000, 0x0000000100000000)
  region size 1024K, 5 young (5120K), 5 survivors (5120K)
 Metaspace       used 86964K, committed 88064K, reserved 557056K
  class space    used 11889K, committed 12416K, reserved 425984K
}
Event: 84.625 GC heap before
{Heap before GC invocations=53 (full 0):
 garbage-first heap   total 201728K, used 141748K [0x0000000080000000, 0x0000000100000000)
  region size 1024K, 32 young (32768K), 5 survivors (5120K)
 Metaspace       used 88270K, committed 89344K, reserved 557056K
  class space    used 12077K, committed 12608K, reserved 425984K
}
Event: 84.637 GC heap after
{Heap after GC invocations=54 (full 0):
 garbage-first heap   total 201728K, used 110908K [0x0000000080000000, 0x0000000100000000)
  region size 1024K, 3 young (3072K), 3 survivors (3072K)
 Metaspace       used 88270K, committed 89344K, reserved 557056K
  class space    used 12077K, committed 12608K, reserved 425984K
}
Event: 85.314 GC heap before
{Heap before GC invocations=54 (full 0):
 garbage-first heap   total 201728K, used 117052K [0x0000000080000000, 0x0000000100000000)
  region size 1024K, 9 young (9216K), 3 survivors (3072K)
 Metaspace       used 88616K, committed 89664K, reserved 557056K
  class space    used 12128K, committed 12672K, reserved 425984K
}
Event: 85.331 GC heap after
{Heap after GC invocations=55 (full 0):
 garbage-first heap   total 201728K, used 109534K [0x0000000080000000, 0x0000000100000000)
  region size 1024K, 1 young (1024K), 1 survivors (1024K)
 Metaspace       used 88616K, committed 89664K, reserved 557056K
  class space    used 12128K, committed 12672K, reserved 425984K
}
Event: 89.849 GC heap before
{Heap before GC invocations=55 (full 0):
 garbage-first heap   total 201728K, used 150494K [0x0000000080000000, 0x0000000100000000)
  region size 1024K, 42 young (43008K), 1 survivors (1024K)
 Metaspace       used 91788K, committed 92928K, reserved 557056K
  class space    used 12498K, committed 13056K, reserved 425984K
}
Event: 89.857 GC heap after
{Heap after GC invocations=56 (full 0):
 garbage-first heap   total 201728K, used 111407K [0x0000000080000000, 0x0000000100000000)
  region size 1024K, 3 young (3072K), 3 survivors (3072K)
 Metaspace       used 91788K, committed 92928K, reserved 557056K
  class space    used 12498K, committed 13056K, reserved 425984K
}
Event: 90.210 GC heap before
{Heap before GC invocations=56 (full 0):
 garbage-first heap   total 201728K, used 114479K [0x0000000080000000, 0x0000000100000000)
  region size 1024K, 7 young (7168K), 3 survivors (3072K)
 Metaspace       used 91942K, committed 92992K, reserved 557056K
  class space    used 12529K, committed 13056K, reserved 425984K
}
Event: 90.216 GC heap after
{Heap after GC invocations=57 (full 0):
 garbage-first heap   total 201728K, used 111516K [0x0000000080000000, 0x0000000100000000)
  region size 1024K, 3 young (3072K), 3 survivors (3072K)
 Metaspace       used 91942K, committed 92992K, reserved 557056K
  class space    used 12529K, committed 13056K, reserved 425984K
}
Event: 92.897 GC heap before
{Heap before GC invocations=57 (full 0):
 garbage-first heap   total 201728K, used 161692K [0x0000000080000000, 0x0000000100000000)
  region size 1024K, 49 young (50176K), 3 survivors (3072K)
 Metaspace       used 95282K, committed 96448K, reserved 557056K
  class space    used 12974K, committed 13504K, reserved 425984K
}
Event: 92.906 GC heap after
{Heap after GC invocations=58 (full 0):
 garbage-first heap   total 201728K, used 115802K [0x0000000080000000, 0x0000000100000000)
  region size 1024K, 4 young (4096K), 4 survivors (4096K)
 Metaspace       used 95282K, committed 96448K, reserved 557056K
  class space    used 12974K, committed 13504K, reserved 425984K
}
Event: 97.532 GC heap before
{Heap before GC invocations=58 (full 0):
 garbage-first heap   total 201728K, used 162906K [0x0000000080000000, 0x0000000100000000)
  region size 1024K, 50 young (51200K), 4 survivors (4096K)
 Metaspace       used 96751K, committed 97920K, reserved 557056K
  class space    used 13217K, committed 13760K, reserved 425984K
}
Event: 97.546 GC heap after
{Heap after GC invocations=59 (full 0):
 garbage-first heap   total 201728K, used 118306K [0x0000000080000000, 0x0000000100000000)
  region size 1024K, 6 young (6144K), 6 survivors (6144K)
 Metaspace       used 96751K, committed 97920K, reserved 557056K
  class space    used 13217K, committed 13760K, reserved 425984K
}

Dll operation events (15 events):
Event: 0.033 Loaded shared library C:\Program Files\Microsoft\jdk-17.0.15.6-hotspot\bin\java.dll
Event: 0.083 Loaded shared library C:\Program Files\Microsoft\jdk-17.0.15.6-hotspot\bin\jsvml.dll
Event: 0.238 Loaded shared library C:\Program Files\Microsoft\jdk-17.0.15.6-hotspot\bin\zip.dll
Event: 0.248 Loaded shared library C:\Program Files\Microsoft\jdk-17.0.15.6-hotspot\bin\instrument.dll
Event: 0.259 Loaded shared library C:\Program Files\Microsoft\jdk-17.0.15.6-hotspot\bin\net.dll
Event: 0.263 Loaded shared library C:\Program Files\Microsoft\jdk-17.0.15.6-hotspot\bin\nio.dll
Event: 0.269 Loaded shared library C:\Program Files\Microsoft\jdk-17.0.15.6-hotspot\bin\zip.dll
Event: 1.218 Loaded shared library C:\Program Files\Microsoft\jdk-17.0.15.6-hotspot\bin\jimage.dll
Event: 1.753 Loaded shared library C:\Program Files\Microsoft\jdk-17.0.15.6-hotspot\bin\verify.dll
Event: 2.173 Loaded shared library C:\Users\Dell\.gradle\native\1def1411415f61bf3af743bc5b6707747c0891f09f0c88961ee8f79bc544acac\windows-amd64\native-platform.dll
Event: 2.243 Loaded shared library C:\Users\Dell\.gradle\native\0.2.7\x86_64-windows-gnu\gradle-fileevents.dll
Event: 6.183 Loaded shared library C:\Program Files\Microsoft\jdk-17.0.15.6-hotspot\bin\management.dll
Event: 6.191 Loaded shared library C:\Program Files\Microsoft\jdk-17.0.15.6-hotspot\bin\management_ext.dll
Event: 6.860 Loaded shared library C:\Program Files\Microsoft\jdk-17.0.15.6-hotspot\bin\extnet.dll
Event: 7.425 Loaded shared library C:\Program Files\Microsoft\jdk-17.0.15.6-hotspot\bin\sunmscapi.dll

Deoptimization events (20 events):
Event: 96.594 Thread 0x000001ac7c6e32d0 Uncommon trap: trap_request=0xffffff45 fr.pc=0x000001ac07c6d860 relative=0x0000000000000220
Event: 96.594 Thread 0x000001ac7c6e32d0 Uncommon trap: reason=unstable_if action=reinterpret pc=0x000001ac07c6d860 method=org.gradle.internal.operations.DefaultBuildOperationListenerManager$ProgressShieldingBuildOperationListener.progress(Lorg/gradle/internal/operations/OperationIdentifier;Lorg
Event: 96.594 Thread 0x000001ac7c6e32d0 DEOPT PACKING pc=0x000001ac07c6d860 sp=0x00000045e0df2cd0
Event: 96.594 Thread 0x000001ac7c6e32d0 DEOPT UNPACKING pc=0x000001ac075869a3 sp=0x00000045e0df2ca0 mode 2
Event: 96.644 Thread 0x000001ac7c6e32d0 Uncommon trap: trap_request=0xffffff45 fr.pc=0x000001ac07c6c570 relative=0x0000000000000070
Event: 96.644 Thread 0x000001ac7c6e32d0 Uncommon trap: reason=unstable_if action=reinterpret pc=0x000001ac07c6c570 method=java.nio.ByteBuffer.order(Ljava/nio/ByteOrder;)Ljava/nio/ByteBuffer; @ 5 c2
Event: 96.644 Thread 0x000001ac7c6e32d0 DEOPT PACKING pc=0x000001ac07c6c570 sp=0x00000045e0df1bd0
Event: 96.645 Thread 0x000001ac7c6e32d0 DEOPT UNPACKING pc=0x000001ac075869a3 sp=0x00000045e0df1b60 mode 2
Event: 97.693 Thread 0x000001ac7c6e32d0 Uncommon trap: trap_request=0xffffffc6 fr.pc=0x000001ac081be1fc relative=0x000000000000051c
Event: 97.693 Thread 0x000001ac7c6e32d0 Uncommon trap: reason=bimorphic_or_optimized_type_check action=maybe_recompile pc=0x000001ac081be1fc method=org.codehaus.groovy.util.SingleKeyHashMap.get(Ljava/lang/Object;)Ljava/lang/Object; @ 1 c2
Event: 97.693 Thread 0x000001ac7c6e32d0 DEOPT PACKING pc=0x000001ac081be1fc sp=0x00000045e0df1bd0
Event: 97.693 Thread 0x000001ac7c6e32d0 DEOPT UNPACKING pc=0x000001ac075869a3 sp=0x00000045e0df1b70 mode 2
Event: 97.696 Thread 0x000001ac7c6e32d0 Uncommon trap: trap_request=0xffffffc6 fr.pc=0x000001ac081be1fc relative=0x000000000000051c
Event: 97.696 Thread 0x000001ac7c6e32d0 Uncommon trap: reason=bimorphic_or_optimized_type_check action=maybe_recompile pc=0x000001ac081be1fc method=org.codehaus.groovy.util.SingleKeyHashMap.get(Ljava/lang/Object;)Ljava/lang/Object; @ 1 c2
Event: 97.696 Thread 0x000001ac7c6e32d0 DEOPT PACKING pc=0x000001ac081be1fc sp=0x00000045e0df1bd0
Event: 97.696 Thread 0x000001ac7c6e32d0 DEOPT UNPACKING pc=0x000001ac075869a3 sp=0x00000045e0df1b70 mode 2
Event: 97.832 Thread 0x000001ac7c6e32d0 Uncommon trap: trap_request=0xffffffc6 fr.pc=0x000001ac07cd06e4 relative=0x0000000000001244
Event: 97.832 Thread 0x000001ac7c6e32d0 Uncommon trap: reason=bimorphic_or_optimized_type_check action=maybe_recompile pc=0x000001ac07cd06e4 method=org.codehaus.groovy.runtime.metaclass.MetaMethodIndex.isOverridden(Lgroovy/lang/MetaMethod;Lgroovy/lang/MetaMethod;)Z @ 10 c2
Event: 97.832 Thread 0x000001ac7c6e32d0 DEOPT PACKING pc=0x000001ac07cd06e4 sp=0x00000045e0df1360
Event: 97.832 Thread 0x000001ac7c6e32d0 DEOPT UNPACKING pc=0x000001ac075869a3 sp=0x00000045e0df12c8 mode 2

Classes loaded (20 events):
Event: 81.902 Loading class java/security/interfaces/DSAPrivateKey
Event: 81.902 Loading class java/security/interfaces/DSAPrivateKey done
Event: 81.903 Loading class java/security/interfaces/DSAParams
Event: 81.903 Loading class java/security/interfaces/DSAParams done
Event: 81.903 Loading class java/security/spec/DSAParameterSpec
Event: 81.903 Loading class java/security/spec/DSAParameterSpec done
Event: 81.904 Loading class java/math/SignedMutableBigInteger
Event: 81.905 Loading class java/math/SignedMutableBigInteger done
Event: 87.061 Loading class java/security/KeyStore
Event: 87.062 Loading class java/security/KeyStore done
Event: 87.062 Loading class java/security/KeyStore$1
Event: 87.064 Loading class java/security/KeyStore$1 done
Event: 88.682 Loading class javax/xml/stream/XMLStreamException
Event: 88.686 Loading class javax/xml/stream/XMLStreamException done
Event: 88.862 Loading class java/lang/StackTraceElement$HashedModules
Event: 88.862 Loading class java/lang/StackTraceElement$HashedModules done
Event: 89.152 Loading class java/io/CharArrayReader
Event: 89.152 Loading class java/io/CharArrayReader done
Event: 97.578 Loading class java/beans/IntrospectionException
Event: 97.578 Loading class java/beans/IntrospectionException done

Classes unloaded (0 events):
No events

Classes redefined (0 events):
No events

Internal exceptions (20 events):
Event: 96.594 Thread 0x000001ac7c6e32d0 Implicit null exception at 0x000001ac080c5627 to 0x000001ac080c571c
Event: 97.528 Thread 0x000001ac7c6e32d0 Exception <a 'java/lang/ClassNotFoundException'{0x00000000897c7e40}: com/android/build/gradle/internal/dsl/DefaultConfig$AgpDecorated_DecoratedBeanInfo> (0x00000000897c7e40) 
thrown [s\src\hotspot\share\classfile\systemDictionary.cpp, line 256]
Event: 97.529 Thread 0x000001ac7c6e32d0 Exception <a 'java/lang/ClassNotFoundException'{0x00000000897de000}: com/android/build/gradle/internal/dsl/DefaultConfig$AgpDecoratedBeanInfo> (0x00000000897de000) 
thrown [s\src\hotspot\share\classfile\systemDictionary.cpp, line 256]
Event: 97.531 Thread 0x000001ac7c6e32d0 Exception <a 'java/lang/ClassNotFoundException'{0x00000000897f3f08}: com/android/build/gradle/internal/dsl/DefaultConfigBeanInfo> (0x00000000897f3f08) 
thrown [s\src\hotspot\share\classfile\systemDictionary.cpp, line 256]
Event: 97.551 Thread 0x000001ac7c6e32d0 Exception <a 'java/lang/ClassNotFoundException'{0x000000008c409ff8}: com/android/build/gradle/internal/dsl/BaseFlavorBeanInfo> (0x000000008c409ff8) 
thrown [s\src\hotspot\share\classfile\systemDictionary.cpp, line 256]
Event: 97.553 Thread 0x000001ac7c6e32d0 Exception <a 'java/lang/ClassNotFoundException'{0x000000008c41fc20}: com/android/builder/core/AbstractProductFlavorBeanInfo> (0x000000008c41fc20) 
thrown [s\src\hotspot\share\classfile\systemDictionary.cpp, line 256]
Event: 97.560 Thread 0x000001ac7c6e32d0 Exception <a 'java/lang/ClassNotFoundException'{0x000000008c4358e0}: com/android/builder/internal/BaseConfigImplBeanInfo> (0x000000008c4358e0) 
thrown [s\src\hotspot\share\classfile\systemDictionary.cpp, line 256]
Event: 97.562 Thread 0x000001ac7c6e32d0 Exception <a 'java/lang/ClassNotFoundException'{0x000000008c44b568}: com/android/builder/internal/BaseConfigImplCustomizer> (0x000000008c44b568) 
thrown [s\src\hotspot\share\classfile\systemDictionary.cpp, line 256]
Event: 97.566 Thread 0x000001ac7c6e32d0 Exception <a 'java/lang/ClassNotFoundException'{0x000000008c487338}: com/android/builder/core/AbstractProductFlavorCustomizer> (0x000000008c487338) 
thrown [s\src\hotspot\share\classfile\systemDictionary.cpp, line 256]
Event: 97.575 Thread 0x000001ac7c6e32d0 Exception <a 'java/lang/ClassNotFoundException'{0x000000008c4d8d48}: com/android/build/gradle/internal/dsl/BaseFlavorCustomizer> (0x000000008c4d8d48) 
thrown [s\src\hotspot\share\classfile\systemDictionary.cpp, line 256]
Event: 97.635 Thread 0x000001ac7c6e32d0 Exception <a 'java/lang/ClassNotFoundException'{0x000000008c352b58}: com/android/build/gradle/internal/dsl/DefaultConfigCustomizer> (0x000000008c352b58) 
thrown [s\src\hotspot\share\classfile\systemDictionary.cpp, line 256]
Event: 97.646 Thread 0x000001ac7c6e32d0 Exception <a 'java/lang/ClassNotFoundException'{0x000000008c387d78}: com/android/build/gradle/internal/dsl/DefaultConfig$AgpDecoratedCustomizer> (0x000000008c387d78) 
thrown [s\src\hotspot\share\classfile\systemDictionary.cpp, line 256]
Event: 97.653 Thread 0x000001ac7c6e32d0 Exception <a 'java/lang/ClassNotFoundException'{0x000000008c3e5ef8}: com/android/build/gradle/internal/dsl/DefaultConfig$AgpDecorated_DecoratedCustomizer> (0x000000008c3e5ef8) 
thrown [s\src\hotspot\share\classfile\systemDictionary.cpp, line 256]
Event: 97.746 Thread 0x000001ac7c6e32d0 Exception <a 'java/lang/ClassNotFoundException'{0x000000008c12cc70}: org/gradle/api/internal/NamedDomainObjectContainerConfigureDelegateBeanInfo> (0x000000008c12cc70) 
thrown [s\src\hotspot\share\classfile\systemDictionary.cpp, line 256]
Event: 97.749 Thread 0x000001ac7c6e32d0 Exception <a 'java/lang/ClassNotFoundException'{0x000000008c14c1e8}: org/gradle/api/internal/NamedDomainObjectContainerConfigureDelegateCustomizer> (0x000000008c14c1e8) 
thrown [s\src\hotspot\share\classfile\systemDictionary.cpp, line 256]
Event: 97.836 Thread 0x000001ac7c6e32d0 Exception <a 'java/lang/ClassNotFoundException'{0x000000008bfc4270}: org/gradle/api/internal/FactoryNamedDomainObjectContainer_DecoratedBeanInfo> (0x000000008bfc4270) 
thrown [s\src\hotspot\share\classfile\systemDictionary.cpp, line 256]
Event: 97.843 Thread 0x000001ac7c6e32d0 Exception <a 'java/lang/ClassNotFoundException'{0x000000008bfe5778}: org/gradle/api/internal/FactoryNamedDomainObjectContainerBeanInfo> (0x000000008bfe5778) 
thrown [s\src\hotspot\share\classfile\systemDictionary.cpp, line 256]
Event: 97.847 Thread 0x000001ac7c6e32d0 Exception <a 'java/lang/ClassNotFoundException'{0x000000008be06f40}: org/gradle/api/internal/AbstractNamedDomainObjectContainerBeanInfo> (0x000000008be06f40) 
thrown [s\src\hotspot\share\classfile\systemDictionary.cpp, line 256]
Event: 97.850 Thread 0x000001ac7c6e32d0 Exception <a 'java/lang/ClassNotFoundException'{0x000000008be286d8}: org/gradle/api/internal/DefaultNamedDomainObjectSetBeanInfo> (0x000000008be286d8) 
thrown [s\src\hotspot\share\classfile\systemDictionary.cpp, line 256]
Event: 97.858 Thread 0x000001ac7c6e32d0 Exception <a 'java/lang/ClassNotFoundException'{0x000000008be498f0}: org/gradle/api/internal/DefaultNamedDomainObjectSetCustomizer> (0x000000008be498f0) 
thrown [s\src\hotspot\share\classfile\systemDictionary.cpp, line 256]

VM Operations (20 events):
Event: 89.857 Executing VM operation: G1CollectForAllocation done
Event: 90.210 Executing VM operation: G1TryInitiateConcMark
Event: 90.216 Executing VM operation: G1TryInitiateConcMark done
Event: 92.231 Executing VM operation: Cleanup
Event: 92.277 Executing VM operation: Cleanup done
Event: 92.897 Executing VM operation: G1CollectForAllocation
Event: 92.906 Executing VM operation: G1CollectForAllocation done
Event: 93.907 Executing VM operation: Cleanup
Event: 93.999 Executing VM operation: Cleanup done
Event: 94.335 Executing VM operation: HandshakeAllThreads
Event: 94.335 Executing VM operation: HandshakeAllThreads done
Event: 95.342 Executing VM operation: Cleanup
Event: 95.359 Executing VM operation: Cleanup done
Event: 96.367 Executing VM operation: Cleanup
Event: 96.367 Executing VM operation: Cleanup done
Event: 97.375 Executing VM operation: Cleanup
Event: 97.419 Executing VM operation: Cleanup done
Event: 97.532 Executing VM operation: G1CollectForAllocation
Event: 97.546 Executing VM operation: G1CollectForAllocation done
Event: 98.045 Executing VM operation: G1PauseRemark

Memory protections (0 events):
No events

Nmethod flushes (20 events):
Event: 64.449 Thread 0x000001ac7c43fb20 flushing  nmethod 0x000001ac011c5e10
Event: 64.449 Thread 0x000001ac7c43fb20 flushing  nmethod 0x000001ac011c7010
Event: 64.449 Thread 0x000001ac7c43fb20 flushing  nmethod 0x000001ac011c8590
Event: 64.449 Thread 0x000001ac7c43fb20 flushing  nmethod 0x000001ac011c9e90
Event: 64.449 Thread 0x000001ac7c43fb20 flushing  nmethod 0x000001ac011cc690
Event: 64.450 Thread 0x000001ac7c43fb20 flushing  nmethod 0x000001ac0129d390
Event: 64.450 Thread 0x000001ac7c43fb20 flushing  nmethod 0x000001ac012a4e10
Event: 84.250 Thread 0x000001ac7c43fb20 flushing  nmethod 0x000001ac00018c90
Event: 84.251 Thread 0x000001ac7c43fb20 flushing  nmethod 0x000001ac00062c10
Event: 84.251 Thread 0x000001ac7c43fb20 flushing  nmethod 0x000001ac00070210
Event: 84.251 Thread 0x000001ac7c43fb20 flushing  nmethod 0x000001ac000c6890
Event: 84.256 Thread 0x000001ac7c43fb20 flushing  nmethod 0x000001ac00407790
Event: 84.260 Thread 0x000001ac7c43fb20 flushing  nmethod 0x000001ac0070d490
Event: 84.260 Thread 0x000001ac7c43fb20 flushing  nmethod 0x000001ac00731710
Event: 84.260 Thread 0x000001ac7c43fb20 flushing  nmethod 0x000001ac00732810
Event: 84.260 Thread 0x000001ac7c43fb20 flushing  nmethod 0x000001ac00789d90
Event: 84.265 Thread 0x000001ac7c43fb20 flushing  nmethod 0x000001ac00ae9590
Event: 84.265 Thread 0x000001ac7c43fb20 flushing  nmethod 0x000001ac00aeb010
Event: 84.265 Thread 0x000001ac7c43fb20 flushing  nmethod 0x000001ac00b3d810
Event: 84.265 Thread 0x000001ac7c43fb20 flushing  nmethod 0x000001ac00b40510

Events (20 events):
Event: 54.662 Thread 0x000001ac2f3a3970 Thread added: 0x000001ac7f58b2f0
Event: 54.664 Thread 0x000001ac2f3a3970 Thread added: 0x000001ac7f58e080
Event: 56.046 Thread 0x000001ac2f3a3970 Thread added: 0x000001ac7f58cc40
Event: 56.160 Thread 0x000001ac2f3a3970 Thread added: 0x000001ac7f58d660
Event: 56.161 Thread 0x000001ac2f3a3970 Thread added: 0x000001ac7f58db70
Event: 56.162 Thread 0x000001ac2f3a3970 Thread added: 0x000001ac7f58a8d0
Event: 59.134 Thread 0x000001ac7c6e32d0 Thread added: 0x000001ac7f58ade0
Event: 59.134 Thread 0x000001ac7c6e32d0 Thread added: 0x000001ac7f58b800
Event: 59.134 Thread 0x000001ac7c6e32d0 Thread added: 0x000001ac7f58bd10
Event: 59.233 Thread 0x000001ac7c6e32d0 Thread added: 0x000001ac7f58d150
Event: 59.234 Thread 0x000001ac7c6e32d0 Thread added: 0x000001ac2e1eafc0
Event: 59.235 Thread 0x000001ac7c6e32d0 Thread added: 0x000001ac2e1eb9e0
Event: 59.428 Thread 0x000001ac7c6e32d0 Thread added: 0x000001ac2e1e7d20
Event: 59.429 Thread 0x000001ac7c6e32d0 Thread added: 0x000001ac2e1e9670
Event: 59.430 Thread 0x000001ac7c6e32d0 Thread added: 0x000001ac2e1eaab0
Event: 66.524 Thread 0x000001ac2f3a3970 Thread added: 0x000001ac2e1e8230
Event: 66.526 Thread 0x000001ac2f3a3970 Thread added: 0x000001ac2e1e8740
Event: 66.526 Thread 0x000001ac2f3a3970 Thread added: 0x000001ac2e1e6df0
Event: 89.315 Thread 0x000001ac7c6e32d0 Thread added: 0x000001ac2e1e63d0
Event: 91.106 Thread 0x000001ac7c6e32d0 Thread added: 0x000001ac2e1ec910


Dynamic libraries:
0x00007ff6088b0000 - 0x00007ff6088be000 	C:\Program Files\Microsoft\jdk-17.0.15.6-hotspot\bin\java.exe
0x00007ffb446b0000 - 0x00007ffb448a8000 	C:\Windows\SYSTEM32\ntdll.dll
0x00007ffb42730000 - 0x00007ffb427f2000 	C:\Windows\System32\KERNEL32.DLL
0x00007ffb42030000 - 0x00007ffb42326000 	C:\Windows\System32\KERNELBASE.dll
0x00007ffb41df0000 - 0x00007ffb41ef0000 	C:\Windows\System32\ucrtbase.dll
0x00007ffb3c400000 - 0x00007ffb3c41d000 	C:\Program Files\Microsoft\jdk-17.0.15.6-hotspot\bin\VCRUNTIME140.dll
0x00007ffb3c060000 - 0x00007ffb3c077000 	C:\Program Files\Microsoft\jdk-17.0.15.6-hotspot\bin\jli.dll
0x00007ffb43250000 - 0x00007ffb433ed000 	C:\Windows\System32\USER32.dll
0x00007ffb41f70000 - 0x00007ffb41f92000 	C:\Windows\System32\win32u.dll
0x00007ffb43bc0000 - 0x00007ffb43beb000 	C:\Windows\System32\GDI32.dll
0x00007ffb42330000 - 0x00007ffb42449000 	C:\Windows\System32\gdi32full.dll
0x00007ffb373c0000 - 0x00007ffb3765a000 	C:\Windows\WinSxS\amd64_microsoft.windows.common-controls_6595b64144ccf1df_6.0.19041.5915_none_60b4b9d171f9c7c7\COMCTL32.dll
0x00007ffb43b20000 - 0x00007ffb43bbe000 	C:\Windows\System32\msvcrt.dll
0x00007ffb42630000 - 0x00007ffb426cd000 	C:\Windows\System32\msvcp_win.dll
0x00007ffb43bf0000 - 0x00007ffb43c1f000 	C:\Windows\System32\IMM32.DLL
0x00007ffb3bf40000 - 0x00007ffb3bf4c000 	C:\Program Files\Microsoft\jdk-17.0.15.6-hotspot\bin\vcruntime140_1.dll
0x00007ffb196b0000 - 0x00007ffb1973d000 	C:\Program Files\Microsoft\jdk-17.0.15.6-hotspot\bin\msvcp140.dll
0x00007ffb0b780000 - 0x00007ffb0c3f2000 	C:\Program Files\Microsoft\jdk-17.0.15.6-hotspot\bin\server\jvm.dll
0x00007ffb44060000 - 0x00007ffb44111000 	C:\Windows\System32\ADVAPI32.dll
0x00007ffb44370000 - 0x00007ffb4440f000 	C:\Windows\System32\sechost.dll
0x00007ffb44240000 - 0x00007ffb44363000 	C:\Windows\System32\RPCRT4.dll
0x00007ffb41f40000 - 0x00007ffb41f67000 	C:\Windows\System32\bcrypt.dll
0x00007ffb431e0000 - 0x00007ffb4324b000 	C:\Windows\System32\WS2_32.dll
0x00007ffb41ba0000 - 0x00007ffb41beb000 	C:\Windows\SYSTEM32\POWRPROF.dll
0x00007ffb37aa0000 - 0x00007ffb37ac7000 	C:\Windows\SYSTEM32\WINMM.dll
0x00007ffb39640000 - 0x00007ffb3964a000 	C:\Windows\SYSTEM32\VERSION.dll
0x00007ffb41b80000 - 0x00007ffb41b92000 	C:\Windows\SYSTEM32\UMPDC.dll
0x00007ffb3fbc0000 - 0x00007ffb3fbd2000 	C:\Windows\SYSTEM32\kernel.appcore.dll
0x00007ffb3be00000 - 0x00007ffb3be0a000 	C:\Program Files\Microsoft\jdk-17.0.15.6-hotspot\bin\jimage.dll
0x00007ffb3a370000 - 0x00007ffb3a571000 	C:\Windows\SYSTEM32\DBGHELP.DLL
0x00007ffb3a330000 - 0x00007ffb3a364000 	C:\Windows\SYSTEM32\dbgcore.DLL
0x00007ffb41fa0000 - 0x00007ffb42022000 	C:\Windows\System32\bcryptPrimitives.dll
0x00007ffb3a8b0000 - 0x00007ffb3a8be000 	C:\Program Files\Microsoft\jdk-17.0.15.6-hotspot\bin\instrument.dll
0x00007ffb337d0000 - 0x00007ffb337f5000 	C:\Program Files\Microsoft\jdk-17.0.15.6-hotspot\bin\java.dll
0x00007ffb19560000 - 0x00007ffb19636000 	C:\Program Files\Microsoft\jdk-17.0.15.6-hotspot\bin\jsvml.dll
0x00007ffb42830000 - 0x00007ffb42f9e000 	C:\Windows\System32\SHELL32.dll
0x00007ffb3fdc0000 - 0x00007ffb40564000 	C:\Windows\SYSTEM32\windows.storage.dll
0x00007ffb43c80000 - 0x00007ffb43fd3000 	C:\Windows\System32\combase.dll
0x00007ffb416a0000 - 0x00007ffb416cb000 	C:\Windows\SYSTEM32\Wldp.dll
0x00007ffb42fb0000 - 0x00007ffb4307d000 	C:\Windows\System32\OLEAUT32.dll
0x00007ffb445c0000 - 0x00007ffb4466d000 	C:\Windows\System32\SHCORE.dll
0x00007ffb43110000 - 0x00007ffb4316b000 	C:\Windows\System32\shlwapi.dll
0x00007ffb41c70000 - 0x00007ffb41c94000 	C:\Windows\SYSTEM32\profapi.dll
0x00007ffb38cd0000 - 0x00007ffb38ce8000 	C:\Program Files\Microsoft\jdk-17.0.15.6-hotspot\bin\zip.dll
0x00007ffb38c90000 - 0x00007ffb38caa000 	C:\Program Files\Microsoft\jdk-17.0.15.6-hotspot\bin\net.dll
0x00007ffb3a680000 - 0x00007ffb3a78a000 	C:\Windows\SYSTEM32\WINHTTP.dll
0x00007ffb41400000 - 0x00007ffb4146a000 	C:\Windows\system32\mswsock.dll
0x00007ffb38750000 - 0x00007ffb38766000 	C:\Program Files\Microsoft\jdk-17.0.15.6-hotspot\bin\nio.dll
0x00007ffb396f0000 - 0x00007ffb39700000 	C:\Program Files\Microsoft\jdk-17.0.15.6-hotspot\bin\verify.dll
0x00007ffb3a8c0000 - 0x00007ffb3a8e7000 	C:\Users\Dell\.gradle\native\1def1411415f61bf3af743bc5b6707747c0891f09f0c88961ee8f79bc544acac\windows-amd64\native-platform.dll
0x00007ffb179a0000 - 0x00007ffb17a18000 	C:\Users\Dell\.gradle\native\0.2.7\x86_64-windows-gnu\gradle-fileevents.dll
0x00007ffb38250000 - 0x00007ffb3825a000 	C:\Program Files\Microsoft\jdk-17.0.15.6-hotspot\bin\management.dll
0x00007ffb37210000 - 0x00007ffb3721b000 	C:\Program Files\Microsoft\jdk-17.0.15.6-hotspot\bin\management_ext.dll
0x00007ffb43170000 - 0x00007ffb43178000 	C:\Windows\System32\PSAPI.DLL
0x00007ffb410e0000 - 0x00007ffb4111b000 	C:\Windows\SYSTEM32\IPHLPAPI.DLL
0x00007ffb42820000 - 0x00007ffb42828000 	C:\Windows\System32\NSI.dll
0x00007ffb3aa60000 - 0x00007ffb3aa77000 	C:\Windows\SYSTEM32\dhcpcsvc6.DLL
0x00007ffb3ba70000 - 0x00007ffb3ba8d000 	C:\Windows\SYSTEM32\dhcpcsvc.DLL
0x00007ffb41120000 - 0x00007ffb411ea000 	C:\Windows\SYSTEM32\DNSAPI.dll
0x00007ffb36120000 - 0x00007ffb36129000 	C:\Program Files\Microsoft\jdk-17.0.15.6-hotspot\bin\extnet.dll
0x00007ffb415f0000 - 0x00007ffb41608000 	C:\Windows\SYSTEM32\CRYPTSP.dll
0x00007ffb40d20000 - 0x00007ffb40d58000 	C:\Windows\system32\rsaenh.dll
0x00007ffb41c30000 - 0x00007ffb41c5e000 	C:\Windows\SYSTEM32\USERENV.dll
0x00007ffb41610000 - 0x00007ffb4161c000 	C:\Windows\SYSTEM32\CRYPTBASE.dll
0x00007ffb337a0000 - 0x00007ffb337ae000 	C:\Program Files\Microsoft\jdk-17.0.15.6-hotspot\bin\sunmscapi.dll
0x00007ffb42450000 - 0x00007ffb425ad000 	C:\Windows\System32\CRYPT32.dll
0x00007ffb41710000 - 0x00007ffb41737000 	C:\Windows\SYSTEM32\ncrypt.dll
0x00007ffb416d0000 - 0x00007ffb4170b000 	C:\Windows\SYSTEM32\NTASN1.dll
0x00007ffb3cad0000 - 0x00007ffb3cad7000 	C:\Windows\system32\wshunix.dll

dbghelp: loaded successfully - version: 4.0.5 - missing functions: none
symbol engine: initialized successfully - sym options: 0x614 - pdb path: .;C:\Program Files\Microsoft\jdk-17.0.15.6-hotspot\bin;C:\Windows\SYSTEM32;C:\Windows\WinSxS\amd64_microsoft.windows.common-controls_6595b64144ccf1df_6.0.19041.5915_none_60b4b9d171f9c7c7;C:\Program Files\Microsoft\jdk-17.0.15.6-hotspot\bin\server;C:\Users\Dell\.gradle\native\1def1411415f61bf3af743bc5b6707747c0891f09f0c88961ee8f79bc544acac\windows-amd64;C:\Users\Dell\.gradle\native\0.2.7\x86_64-windows-gnu

VM Arguments:
jvm_args: --add-opens=java.base/java.lang=ALL-UNNAMED --add-opens=java.base/java.lang.invoke=ALL-UNNAMED --add-opens=java.base/java.util=ALL-UNNAMED --add-opens=java.prefs/java.util.prefs=ALL-UNNAMED --add-exports=jdk.compiler/com.sun.tools.javac.api=ALL-UNNAMED --add-exports=jdk.compiler/com.sun.tools.javac.util=ALL-UNNAMED --add-opens=java.base/java.util=ALL-UNNAMED --add-opens=java.prefs/java.util.prefs=ALL-UNNAMED --add-opens=java.base/java.nio.charset=ALL-UNNAMED --add-opens=java.base/java.net=ALL-UNNAMED --add-opens=java.base/java.util.concurrent.atomic=ALL-UNNAMED --add-opens=java.xml/javax.xml.namespace=ALL-UNNAMED -XX:MaxMetaspaceSize=512m -Xmx2048m -Dfile.encoding=UTF-8 -Duser.country=US -Duser.language=en -Duser.variant -javaagent:C:\Users\Dell\.gradle\wrapper\dists\gradle-8.14.1-bin\baw1sv0jfoi8rxs14qo3h49cs\gradle-8.14.1\lib\agents\gradle-instrumentation-agent-8.14.1.jar 
java_command: org.gradle.launcher.daemon.bootstrap.GradleDaemon 8.14.1
java_class_path (initial): C:\Users\Dell\.gradle\wrapper\dists\gradle-8.14.1-bin\baw1sv0jfoi8rxs14qo3h49cs\gradle-8.14.1\lib\gradle-daemon-main-8.14.1.jar
Launcher Type: SUN_STANDARD

[Global flags]
     intx CICompilerCount                          = 3                                         {product} {ergonomic}
   size_t CompressedClassSpaceSize                 = 436207616                                 {product} {ergonomic}
     uint ConcGCThreads                            = 1                                         {product} {ergonomic}
     uint G1ConcRefinementThreads                  = 4                                         {product} {ergonomic}
   size_t G1HeapRegionSize                         = 1048576                                   {product} {ergonomic}
    uintx GCDrainStackTargetSize                   = 64                                        {product} {ergonomic}
   size_t InitialHeapSize                          = 134217728                                 {product} {ergonomic}
   size_t MarkStackSize                            = 4194304                                   {product} {ergonomic}
   size_t MaxHeapSize                              = 2147483648                                {product} {command line}
   size_t MaxMetaspaceSize                         = 536870912                                 {product} {command line}
   size_t MaxNewSize                               = 1287651328                                {product} {ergonomic}
   size_t MinHeapDeltaBytes                        = 1048576                                   {product} {ergonomic}
   size_t MinHeapSize                              = 8388608                                   {product} {ergonomic}
    uintx NonNMethodCodeHeapSize                   = 5832780                                {pd product} {ergonomic}
    uintx NonProfiledCodeHeapSize                  = 122912730                              {pd product} {ergonomic}
    uintx ProfiledCodeHeapSize                     = 122912730                              {pd product} {ergonomic}
    uintx ReservedCodeCacheSize                    = 251658240                              {pd product} {ergonomic}
     bool SegmentedCodeCache                       = true                                      {product} {ergonomic}
   size_t SoftMaxHeapSize                          = 2147483648                             {manageable} {ergonomic}
     bool UseCompressedClassPointers               = true                           {product lp64_product} {ergonomic}
     bool UseCompressedOops                        = true                           {product lp64_product} {ergonomic}
     bool UseG1GC                                  = true                                      {product} {ergonomic}
     bool UseLargePagesIndividualAllocation        = false                                  {pd product} {ergonomic}

Logging:
Log output configuration:
 #0: stdout all=warning uptime,level,tags
 #1: stderr all=off uptime,level,tags

Environment Variables:
JAVA_HOME=C:\Program Files\Microsoft\jdk-17.0.15.6-hotspot\
PATH=C:\Program Files\Microsoft\jdk-17.0.15.6-hotspot\bin;C:\Python313\Scripts\;C:\Python313\;C:\Windows\system32;C:\Windows;C:\Windows\System32\Wbem;C:\Windows\System32\WindowsPowerShell\v1.0\;C:\Windows\System32\OpenSSH\;C:\Program Files\Git\cmd;C:\ProgramData\chocolatey\bin;C:\Program Files\nodejs\;C:\Users\Dell\AppData\Local\Microsoft\WindowsApps;C:\Users\Dell\AppData\Local\Programs\Microsoft VS Code\bin;C:\Users\Dell\AppData\Roaming\npm;C:\Users\Dell\AppData\Local\Android\Sdk\platform-tools;C:\Users\Dell\AppData\Local\Programs\cursor\resources\app\bin
USERNAME=Dell
OS=Windows_NT
PROCESSOR_IDENTIFIER=Intel64 Family 6 Model 69 Stepping 1, GenuineIntel
TMP=C:\Users\Dell\AppData\Local\Temp
TEMP=C:\Users\Dell\AppData\Local\Temp



Periodic native trim disabled


---------------  S Y S T E M  ---------------

OS:
 Windows 10 , 64 bit Build 19041 (10.0.19041.5915)
OS uptime: 4 days 14:04 hours

CPU: total 4 (initial active 4) (2 cores per cpu, 2 threads per core) family 6 model 69 stepping 1 microcode 0x25, cx8, cmov, fxsr, ht, mmx, sse, sse2, sse3, ssse3, sse4.1, sse4.2, popcnt, lzcnt, tsc, tscinvbit, avx, avx2, aes, erms, clmul, bmi1, bmi2, fma, vzeroupper, clflush
Processor Information for the first 4 processors :
  Max Mhz: 1700, Current Mhz: 1700, Mhz Limit: 1700

Memory: 4k page, system-wide physical 8096M (325M free)
TotalPageFile size 32672M (AvailPageFile size 4M)
current process WorkingSet (physical memory assigned to process): 403M, peak: 409M
current process commit charge ("private bytes"): 491M, peak: 499M

vm_info: OpenJDK 64-Bit Server VM (17.0.15+6-LTS) for windows-amd64 JRE (17.0.15+6-LTS), built on Apr  9 2025 22:27:25 by "MicrosoftCorporation" with unknown MS VC++:1939

END.
