#
# There is insufficient memory for the Java Runtime Environment to continue.
# Native memory allocation (mmap) failed to map 105906176 bytes. Error detail: G1 virtual space
# Possible reasons:
#   The system is out of physical RAM or swap space
#   This process is running with CompressedOops enabled, and the Java Heap may be blocking the growth of the native heap
# Possible solutions:
#   Reduce memory load on the system
#   Increase physical memory or swap space
#   Check if swap backing store is full
#   Decrease Java heap size (-Xmx/-Xms)
#   Decrease number of Java threads
#   Decrease Java thread stack sizes (-Xss)
#   Set larger code cache with -XX:ReservedCodeCacheSize=
#   JVM is running with Unscaled Compressed Oops mode in which the Java heap is
#     placed in the first 4GB address space. The Java Heap base address is the
#     maximum limit for the native heap growth. Please use -XX:HeapBaseMinAddress
#     to set the Java Heap base and to place the Java Heap above 4GB virtual address.
# This output file may be truncated or incomplete.
#
#  Out of Memory Error (os_windows.cpp:3710), pid=13348, tid=5388
#
# JRE version: OpenJDK Runtime Environment Microsoft-11369865 (17.0.15+6) (build 17.0.15+6-LTS)
# Java VM: OpenJDK 64-Bit Server VM Microsoft-11369865 (17.0.15+6-LTS, mixed mode, sharing, tiered, compressed oops, compressed class ptrs, g1 gc, windows-amd64)
# No core dump will be written. Minidumps are not enabled by default on client versions of Windows
#

---------------  S U M M A R Y ------------

Command Line: --add-opens=java.base/java.lang=ALL-UNNAMED --add-opens=java.base/java.lang.invoke=ALL-UNNAMED --add-opens=java.base/java.util=ALL-UNNAMED --add-opens=java.prefs/java.util.prefs=ALL-UNNAMED --add-exports=jdk.compiler/com.sun.tools.javac.api=ALL-UNNAMED --add-exports=jdk.compiler/com.sun.tools.javac.util=ALL-UNNAMED --add-opens=java.base/java.util=ALL-UNNAMED --add-opens=java.prefs/java.util.prefs=ALL-UNNAMED --add-opens=java.base/java.nio.charset=ALL-UNNAMED --add-opens=java.base/java.net=ALL-UNNAMED --add-opens=java.base/java.util.concurrent.atomic=ALL-UNNAMED --add-opens=java.xml/javax.xml.namespace=ALL-UNNAMED -XX:MaxMetaspaceSize=512m -Xmx2048m -Dfile.encoding=UTF-8 -Duser.country=US -Duser.language=en -Duser.variant -javaagent:C:\Users\Dell\.gradle\wrapper\dists\gradle-8.14.1-bin\baw1sv0jfoi8rxs14qo3h49cs\gradle-8.14.1\lib\agents\gradle-instrumentation-agent-8.14.1.jar org.gradle.launcher.daemon.bootstrap.GradleDaemon 8.14.1

Host: Intel(R) Core(TM) i3-4005U CPU @ 1.70GHz, 4 cores, 7G,  Windows 10 , 64 bit Build 19041 (10.0.19041.5915)
Time: Tue Jul 15 21:44:00 2025 India Standard Time elapsed time: 81.960403 seconds (0d 0h 1m 21s)

---------------  T H R E A D  ---------------

Current thread (0x0000021a5ebc9af0):  VMThread "VM Thread" [stack: 0x00000084fc200000,0x00000084fc300000] [id=5388]

Stack: [0x00000084fc200000,0x00000084fc300000]
Native frames: (J=compiled Java code, j=interpreted, Vv=VM code, C=native code)
V  [jvm.dll+0x6887a9]
V  [jvm.dll+0x83f5a8]
V  [jvm.dll+0x841053]
V  [jvm.dll+0x8416c3]
V  [jvm.dll+0x2496ef]
V  [jvm.dll+0x6856e9]
V  [jvm.dll+0x679b7a]
V  [jvm.dll+0x30b0d7]
V  [jvm.dll+0x312646]
V  [jvm.dll+0x36300e]
V  [jvm.dll+0x36324d]
V  [jvm.dll+0x2e236c]
V  [jvm.dll+0x2e0719]
V  [jvm.dll+0x2dfe7c]
V  [jvm.dll+0x322a2b]
V  [jvm.dll+0x845efd]
V  [jvm.dll+0x846c33]
V  [jvm.dll+0x84715f]
V  [jvm.dll+0x847544]
V  [jvm.dll+0x84760e]
V  [jvm.dll+0x7ef2dc]
V  [jvm.dll+0x687687]
C  [ucrtbase.dll+0x21bb2]
C  [KERNEL32.DLL+0x17374]
C  [ntdll.dll+0x4cc91]

VM_Operation (0x00000084fd8f2430): G1CollectForAllocation, mode: safepoint, requested by thread 0x0000021a7e23de00


---------------  P R O C E S S  ---------------

Threads class SMR info:
_java_thread_list=0x0000021a02cea090, length=88, elements={
0x0000021a40fe0760, 0x0000021a5ebd0720, 0x0000021a5ebd14b0, 0x0000021a5ebe5de0,
0x0000021a5ebe96d0, 0x0000021a5ebe9fa0, 0x0000021a5ebea870, 0x0000021a5ebeb520,
0x0000021a5ebec2f0, 0x0000021a7e008070, 0x0000021a5ebb8ab0, 0x0000021a7e1efbe0,
0x0000021a7e42fa60, 0x0000021a7f2c8550, 0x0000021a7f703720, 0x0000021a7e1b7100,
0x0000021a7e3a52a0, 0x0000021a7e23d3e0, 0x0000021a7e23de00, 0x0000021a7e23e310,
0x0000021a7e23e820, 0x0000021a7e23b070, 0x0000021a7e23b580, 0x0000021a7e23ba90,
0x0000021a7e23c9c0, 0x0000021a7e23c4b0, 0x0000021a7e23ced0, 0x0000021a7e23d8f0,
0x0000021a01f94930, 0x0000021a01f95860, 0x0000021a01f94e40, 0x0000021a01f93f10,
0x0000021a01f96ca0, 0x0000021a01f95350, 0x0000021a01f95d70, 0x0000021a01f96280,
0x0000021a01f96790, 0x0000021a00ce74f0, 0x0000021a00ce8420, 0x0000021a00ce9860,
0x0000021a00ce9350, 0x0000021a00ce9d70, 0x0000021a00ce6ad0, 0x0000021a00ce7a00,
0x0000021a00ce7f10, 0x0000021a00ce8930, 0x0000021a00ce8e40, 0x0000021a00e2b080,
0x0000021a00e2baa0, 0x0000021a00e2b590, 0x0000021a00e2a150, 0x0000021a00e2bfb0,
0x0000021a00e2c4c0, 0x0000021a00e27de0, 0x0000021a00e273c0, 0x0000021a00e28800,
0x0000021a00e29730, 0x0000021a00e2d3f0, 0x0000021a00e26490, 0x0000021a00e28d10,
0x0000021a00e29c40, 0x0000021a00e2de10, 0x0000021a00e26eb0, 0x0000021a00e278d0,
0x0000021a00e29220, 0x0000021a00e2a660, 0x0000021a011cd3d0, 0x0000021a011c6980,
0x0000021a011cb570, 0x0000021a011c87e0, 0x0000021a011c78b0, 0x0000021a011cb060,
0x0000021a011ccec0, 0x0000021a011cc9b0, 0x0000021a011c5f60, 0x0000021a011cba80,
0x0000021a011cbf90, 0x0000021a011cc4a0, 0x0000021a011c6470, 0x0000021a011c6e90,
0x0000021a011c73a0, 0x0000021a011c7dc0, 0x0000021a011c82d0, 0x0000021a011c8cf0,
0x0000021a011c9200, 0x0000021a011cab50, 0x0000021a011c9c20, 0x0000021a011ca130
}

Java Threads: ( => current thread )
  0x0000021a40fe0760 JavaThread "main" [_thread_blocked, id=12628, stack(0x00000084fbc00000,0x00000084fbd00000)]
  0x0000021a5ebd0720 JavaThread "Reference Handler" daemon [_thread_blocked, id=13700, stack(0x00000084fc300000,0x00000084fc400000)]
  0x0000021a5ebd14b0 JavaThread "Finalizer" daemon [_thread_blocked, id=1148, stack(0x00000084fc400000,0x00000084fc500000)]
  0x0000021a5ebe5de0 JavaThread "Signal Dispatcher" daemon [_thread_blocked, id=14464, stack(0x00000084fc500000,0x00000084fc600000)]
  0x0000021a5ebe96d0 JavaThread "Attach Listener" daemon [_thread_blocked, id=14396, stack(0x00000084fc600000,0x00000084fc700000)]
  0x0000021a5ebe9fa0 JavaThread "Service Thread" daemon [_thread_blocked, id=3336, stack(0x00000084fc700000,0x00000084fc800000)]
  0x0000021a5ebea870 JavaThread "Monitor Deflation Thread" daemon [_thread_blocked, id=13148, stack(0x00000084fc800000,0x00000084fc900000)]
  0x0000021a5ebeb520 JavaThread "C2 CompilerThread0" daemon [_thread_blocked, id=5184, stack(0x00000084fc900000,0x00000084fca00000)]
  0x0000021a5ebec2f0 JavaThread "C1 CompilerThread0" daemon [_thread_blocked, id=9396, stack(0x00000084fca00000,0x00000084fcb00000)]
  0x0000021a7e008070 JavaThread "Sweeper thread" daemon [_thread_blocked, id=3792, stack(0x00000084fcb00000,0x00000084fcc00000)]
  0x0000021a5ebb8ab0 JavaThread "Common-Cleaner" daemon [_thread_blocked, id=5240, stack(0x00000084fcc00000,0x00000084fcd00000)]
  0x0000021a7e1efbe0 JavaThread "Notification Thread" daemon [_thread_blocked, id=14164, stack(0x00000084fcd00000,0x00000084fce00000)]
  0x0000021a7e42fa60 JavaThread "Daemon health stats" [_thread_blocked, id=16216, stack(0x00000084fd200000,0x00000084fd300000)]
  0x0000021a7f2c8550 JavaThread "Incoming local TCP Connector on port 53696" [_thread_in_native, id=1800, stack(0x00000084fd300000,0x00000084fd400000)]
  0x0000021a7f703720 JavaThread "Daemon periodic checks" [_thread_blocked, id=15412, stack(0x00000084fd400000,0x00000084fd500000)]
  0x0000021a7e1b7100 JavaThread "Daemon" [_thread_blocked, id=17352, stack(0x00000084fd500000,0x00000084fd600000)]
  0x0000021a7e3a52a0 JavaThread "Handler for socket connection from /127.0.0.1:53696 to /127.0.0.1:53697" [_thread_in_native, id=12580, stack(0x00000084fd600000,0x00000084fd700000)]
  0x0000021a7e23d3e0 JavaThread "Cancel handler" [_thread_blocked, id=15280, stack(0x00000084fd700000,0x00000084fd800000)]
  0x0000021a7e23de00 JavaThread "Daemon worker" [_thread_blocked, id=15852, stack(0x00000084fd800000,0x00000084fd900000)]
  0x0000021a7e23e310 JavaThread "Asynchronous log dispatcher for DefaultDaemonConnection: socket connection from /127.0.0.1:53696 to /127.0.0.1:53697" [_thread_blocked, id=5548, stack(0x00000084fd900000,0x00000084fda00000)]
  0x0000021a7e23e820 JavaThread "Stdin handler" [_thread_blocked, id=15968, stack(0x00000084fda00000,0x00000084fdb00000)]
  0x0000021a7e23b070 JavaThread "Daemon client event forwarder" [_thread_blocked, id=13136, stack(0x00000084fdb00000,0x00000084fdc00000)]
  0x0000021a7e23b580 JavaThread "Cache worker for journal cache (C:\Users\Dell\.gradle\caches\journal-1)" [_thread_blocked, id=11400, stack(0x00000084fdc00000,0x00000084fdd00000)]
  0x0000021a7e23ba90 JavaThread "File lock request listener" [_thread_in_native, id=15540, stack(0x00000084fdd00000,0x00000084fde00000)]
  0x0000021a7e23c9c0 JavaThread "Cache worker for file hash cache (C:\Users\Dell\.gradle\caches\8.14.1\fileHashes)" [_thread_blocked, id=7548, stack(0x00000084fde00000,0x00000084fdf00000)]
  0x0000021a7e23c4b0 JavaThread "Cache worker for file hash cache (C:\Users\Dell\Desktop\War\FarmerPayA\android\.gradle\8.14.1\fileHashes)" [_thread_blocked, id=15232, stack(0x00000084fe000000,0x00000084fe100000)]
  0x0000021a7e23ced0 JavaThread "Cache worker for Build Output Cleanup Cache (C:\Users\Dell\Desktop\War\FarmerPayA\android\.gradle\buildOutputCleanup)" [_thread_blocked, id=8672, stack(0x00000084fe100000,0x00000084fe200000)]
  0x0000021a7e23d8f0 JavaThread "File watcher server" daemon [_thread_in_native, id=12584, stack(0x00000084fe200000,0x00000084fe300000)]
  0x0000021a01f94930 JavaThread "File watcher consumer" daemon [_thread_blocked, id=4856, stack(0x00000084fe300000,0x00000084fe400000)]
  0x0000021a01f95860 JavaThread "jar transforms" [_thread_blocked, id=11336, stack(0x00000084fe400000,0x00000084fe500000)]
  0x0000021a01f94e40 JavaThread "jar transforms Thread 2" [_thread_blocked, id=9952, stack(0x00000084fe500000,0x00000084fe600000)]
  0x0000021a01f93f10 JavaThread "Cache worker for checksums cache (C:\Users\Dell\Desktop\War\FarmerPayA\android\.gradle\8.14.1\checksums)" [_thread_blocked, id=14564, stack(0x00000084fe600000,0x00000084fe700000)]
  0x0000021a01f96ca0 JavaThread "Cache worker for file content cache (C:\Users\Dell\.gradle\caches\8.14.1\fileContent)" [_thread_blocked, id=13356, stack(0x00000084fe700000,0x00000084fe800000)]
  0x0000021a01f95350 JavaThread "jar transforms Thread 3" [_thread_blocked, id=3704, stack(0x00000084fdf00000,0x00000084fe000000)]
  0x0000021a01f95d70 JavaThread "Cache worker for cache directory md-supplier (C:\Users\Dell\.gradle\caches\8.14.1\md-supplier)" [_thread_blocked, id=10564, stack(0x00000084fe800000,0x00000084fe900000)]
  0x0000021a01f96280 JavaThread "Cache worker for cache directory md-rule (C:\Users\Dell\.gradle\caches\8.14.1\md-rule)" [_thread_blocked, id=12756, stack(0x00000084fe900000,0x00000084fea00000)]
  0x0000021a01f96790 JavaThread "Cache worker for Build Output Cleanup Cache (C:\Users\Dell\Desktop\War\FarmerPayA\node_modules\@react-native\gradle-plugin\.gradle\buildOutputCleanup)" [_thread_blocked, id=1248, stack(0x00000084fea00000,0x00000084feb00000)]
  0x0000021a00ce74f0 JavaThread "Unconstrained build operations" [_thread_blocked, id=7456, stack(0x00000084feb00000,0x00000084fec00000)]
  0x0000021a00ce8420 JavaThread "Unconstrained build operations Thread 2" [_thread_blocked, id=8148, stack(0x00000084fec00000,0x00000084fed00000)]
  0x0000021a00ce9860 JavaThread "Unconstrained build operations Thread 3" [_thread_blocked, id=11980, stack(0x00000084fed00000,0x00000084fee00000)]
  0x0000021a00ce9350 JavaThread "Unconstrained build operations Thread 4" [_thread_blocked, id=12012, stack(0x00000084fee00000,0x00000084fef00000)]
  0x0000021a00ce9d70 JavaThread "Unconstrained build operations Thread 5" [_thread_blocked, id=13516, stack(0x00000084fef00000,0x00000084ff000000)]
  0x0000021a00ce6ad0 JavaThread "Unconstrained build operations Thread 6" [_thread_blocked, id=15020, stack(0x00000084ff000000,0x00000084ff100000)]
  0x0000021a00ce7a00 JavaThread "Unconstrained build operations Thread 7" [_thread_blocked, id=2856, stack(0x00000084ff300000,0x00000084ff400000)]
  0x0000021a00ce7f10 JavaThread "Unconstrained build operations Thread 8" [_thread_blocked, id=6932, stack(0x00000084ff400000,0x00000084ff500000)]
  0x0000021a00ce8930 JavaThread "Unconstrained build operations Thread 9" [_thread_blocked, id=992, stack(0x00000084ff500000,0x00000084ff600000)]
  0x0000021a00ce8e40 JavaThread "Unconstrained build operations Thread 10" [_thread_blocked, id=13012, stack(0x00000084ff600000,0x00000084ff700000)]
  0x0000021a00e2b080 JavaThread "Unconstrained build operations Thread 11" [_thread_blocked, id=10960, stack(0x00000084ff700000,0x00000084ff800000)]
  0x0000021a00e2baa0 JavaThread "Unconstrained build operations Thread 12" [_thread_blocked, id=9392, stack(0x00000084ff800000,0x00000084ff900000)]
  0x0000021a00e2b590 JavaThread "Unconstrained build operations Thread 13" [_thread_blocked, id=1272, stack(0x00000084ff900000,0x00000084ffa00000)]
  0x0000021a00e2a150 JavaThread "Unconstrained build operations Thread 14" [_thread_blocked, id=15964, stack(0x00000084ffa00000,0x00000084ffb00000)]
  0x0000021a00e2bfb0 JavaThread "Unconstrained build operations Thread 15" [_thread_blocked, id=8856, stack(0x00000084ffb00000,0x00000084ffc00000)]
  0x0000021a00e2c4c0 JavaThread "build event listener" [_thread_blocked, id=2108, stack(0x00000084ffc00000,0x00000084ffd00000)]
  0x0000021a00e27de0 JavaThread "Memory manager" [_thread_blocked, id=11188, stack(0x00000084ffd00000,0x00000084ffe00000)]
  0x0000021a00e273c0 JavaThread "ForkJoinPool.commonPool-worker-1" daemon [_thread_blocked, id=3340, stack(0x00000084fbb00000,0x00000084fbc00000)]
  0x0000021a00e28800 JavaThread "ForkJoinPool.commonPool-worker-2" daemon [_thread_blocked, id=5012, stack(0x00000084ffe00000,0x00000084fff00000)]
  0x0000021a00e29730 JavaThread "ForkJoinPool.commonPool-worker-3" daemon [_thread_blocked, id=11352, stack(0x00000084fff00000,0x0000008500000000)]
  0x0000021a00e2d3f0 JavaThread "included builds" [_thread_blocked, id=4384, stack(0x0000008480000000,0x0000008480100000)]
  0x0000021a00e26490 JavaThread "Execution worker" [_thread_blocked, id=15800, stack(0x0000008480100000,0x0000008480200000)]
  0x0000021a00e28d10 JavaThread "Execution worker Thread 2" [_thread_blocked, id=2676, stack(0x0000008480200000,0x0000008480300000)]
  0x0000021a00e29c40 JavaThread "Execution worker Thread 3" [_thread_blocked, id=8284, stack(0x0000008480300000,0x0000008480400000)]
  0x0000021a00e2de10 JavaThread "Cache worker for execution history cache (C:\Users\Dell\Desktop\War\FarmerPayA\node_modules\@react-native\gradle-plugin\.gradle\8.14.1\executionHistory)" [_thread_blocked, id=13772, stack(0x0000008480400000,0x0000008480500000)]
  0x0000021a00e26eb0 JavaThread "Unconstrained build operations Thread 16" [_thread_blocked, id=14360, stack(0x0000008480500000,0x0000008480600000)]
  0x0000021a00e278d0 JavaThread "Unconstrained build operations Thread 17" [_thread_blocked, id=13544, stack(0x0000008480600000,0x0000008480700000)]
  0x0000021a00e29220 JavaThread "Unconstrained build operations Thread 18" [_thread_blocked, id=10060, stack(0x0000008480700000,0x0000008480800000)]
  0x0000021a00e2a660 JavaThread "Unconstrained build operations Thread 19" [_thread_blocked, id=11504, stack(0x0000008480800000,0x0000008480900000)]
  0x0000021a011cd3d0 JavaThread "Unconstrained build operations Thread 20" [_thread_blocked, id=8012, stack(0x0000008480900000,0x0000008480a00000)]
  0x0000021a011c6980 JavaThread "Unconstrained build operations Thread 21" [_thread_blocked, id=3700, stack(0x0000008480a00000,0x0000008480b00000)]
  0x0000021a011cb570 JavaThread "Unconstrained build operations Thread 22" [_thread_blocked, id=3088, stack(0x0000008480b00000,0x0000008480c00000)]
  0x0000021a011c87e0 JavaThread "Unconstrained build operations Thread 23" [_thread_blocked, id=7468, stack(0x0000008480c00000,0x0000008480d00000)]
  0x0000021a011c78b0 JavaThread "Unconstrained build operations Thread 24" [_thread_blocked, id=5892, stack(0x0000008480d00000,0x0000008480e00000)]
  0x0000021a011cb060 JavaThread "Unconstrained build operations Thread 25" [_thread_blocked, id=2568, stack(0x0000008480e00000,0x0000008480f00000)]
  0x0000021a011ccec0 JavaThread "Unconstrained build operations Thread 26" [_thread_blocked, id=9996, stack(0x0000008480f00000,0x0000008481000000)]
  0x0000021a011cc9b0 JavaThread "Unconstrained build operations Thread 27" [_thread_blocked, id=10192, stack(0x0000008481000000,0x0000008481100000)]
  0x0000021a011c5f60 JavaThread "Unconstrained build operations Thread 28" [_thread_blocked, id=13508, stack(0x0000008481100000,0x0000008481200000)]
  0x0000021a011cba80 JavaThread "Unconstrained build operations Thread 29" [_thread_blocked, id=15088, stack(0x0000008481300000,0x0000008481400000)]
  0x0000021a011cbf90 JavaThread "Unconstrained build operations Thread 30" [_thread_blocked, id=16256, stack(0x0000008481400000,0x0000008481500000)]
  0x0000021a011cc4a0 JavaThread "Unconstrained build operations Thread 31" [_thread_blocked, id=10080, stack(0x0000008481500000,0x0000008481600000)]
  0x0000021a011c6470 JavaThread "Unconstrained build operations Thread 32" [_thread_blocked, id=16000, stack(0x0000008481600000,0x0000008481700000)]
  0x0000021a011c6e90 JavaThread "Unconstrained build operations Thread 33" [_thread_blocked, id=7868, stack(0x0000008481200000,0x0000008481300000)]
  0x0000021a011c73a0 JavaThread "Unconstrained build operations Thread 34" [_thread_blocked, id=16508, stack(0x0000008481700000,0x0000008481800000)]
  0x0000021a011c7dc0 JavaThread "Unconstrained build operations Thread 35" [_thread_blocked, id=11744, stack(0x0000008481800000,0x0000008481900000)]
  0x0000021a011c82d0 JavaThread "Unconstrained build operations Thread 36" [_thread_blocked, id=11952, stack(0x0000008481900000,0x0000008481a00000)]
  0x0000021a011c8cf0 JavaThread "Unconstrained build operations Thread 37" [_thread_blocked, id=10152, stack(0x0000008481a00000,0x0000008481b00000)]
  0x0000021a011c9200 JavaThread "jar transforms Thread 4" [_thread_blocked, id=5460, stack(0x0000008481c00000,0x0000008481d00000)]
  0x0000021a011cab50 JavaThread "Unconstrained build operations Thread 38" [_thread_blocked, id=4360, stack(0x0000008481d00000,0x0000008481e00000)]
  0x0000021a011c9c20 JavaThread "Unconstrained build operations Thread 39" [_thread_blocked, id=8248, stack(0x0000008481e00000,0x0000008481f00000)]
  0x0000021a011ca130 JavaThread "Unconstrained build operations Thread 40" [_thread_blocked, id=15264, stack(0x0000008481f00000,0x0000008482000000)]

Other Threads:
=>0x0000021a5ebc9af0 VMThread "VM Thread" [stack: 0x00000084fc200000,0x00000084fc300000] [id=5388]
  0x0000021a7e14b680 WatcherThread [stack: 0x00000084fce00000,0x00000084fcf00000] [id=12724]
  0x0000021a4103ad60 GCTaskThread "GC Thread#0" [stack: 0x00000084fbd00000,0x00000084fbe00000] [id=8056]
  0x0000021a7e35af10 GCTaskThread "GC Thread#1" [stack: 0x00000084fcf00000,0x00000084fd000000] [id=7664]
  0x0000021a7e357240 GCTaskThread "GC Thread#2" [stack: 0x00000084fd000000,0x00000084fd100000] [id=16808]
  0x0000021a7ec64fe0 GCTaskThread "GC Thread#3" [stack: 0x00000084fd100000,0x00000084fd200000] [id=1444]
  0x0000021a4104bbc0 ConcurrentGCThread "G1 Main Marker" [stack: 0x00000084fbe00000,0x00000084fbf00000] [id=14508]
  0x0000021a4104c4f0 ConcurrentGCThread "G1 Conc#0" [stack: 0x00000084fbf00000,0x00000084fc000000] [id=11368]
  0x0000021a4109e530 ConcurrentGCThread "G1 Refine#0" [stack: 0x00000084fc000000,0x00000084fc100000] [id=10212]
  0x0000021a5ea840c0 ConcurrentGCThread "G1 Service" [stack: 0x00000084fc100000,0x00000084fc200000] [id=17208]

Threads with active compile tasks:
C2 CompilerThread0    82049 11680       4       org.gradle.internal.instantiation.generator.AbstractClassGenerator$PropertyMetadata$$Lambda$138/0x0000021a601b3ba8::get (12 bytes)

VM state: at safepoint (normal execution)

VM Mutex/Monitor currently owned by a thread:  ([mutex/lock_event])
[0x0000021a40fdd4e0] Threads_lock - owner thread: 0x0000021a5ebc9af0
[0x0000021a40fdc640] Heap_lock - owner thread: 0x0000021a7e23de00

Heap address: 0x0000000080000000, size: 2048 MB, Compressed Oops mode: 32-bit

CDS archive(s) mapped at: [0x0000021a5f000000-0x0000021a5fbb0000-0x0000021a5fbb0000), size 12255232, SharedBaseAddress: 0x0000021a5f000000, ArchiveRelocationMode: 1.
Compressed class space mapped at: 0x0000021a60000000-0x0000021a7a000000, reserved size: 436207616
Narrow klass base: 0x0000021a5f000000, Narrow klass shift: 0, Narrow klass range: 0x100000000

GC Precious Log:
 CPUs: 4 total, 4 available
 Memory: 8096M
 Large Page Support: Disabled
 NUMA Support: Disabled
 Compressed Oops: Enabled (32-bit)
 Heap Region Size: 1M
 Heap Min Capacity: 8M
 Heap Initial Capacity: 128M
 Heap Max Capacity: 2G
 Pre-touch: Disabled
 Parallel Workers: 4
 Concurrent Workers: 1
 Concurrent Refinement Workers: 4
 Periodic GC: Disabled

Heap:
 garbage-first heap   total 162816K, used 94866K [0x0000000080000000, 0x0000000100000000)
  region size 1024K, 1 young (1024K), 1 survivors (1024K)
 Metaspace       used 78880K, committed 79808K, reserved 557056K
  class space    used 10980K, committed 11456K, reserved 425984K

Heap Regions: E=young(eden), S=young(survivor), O=old, HS=humongous(starts), HC=humongous(continues), CS=collection set, F=free, OA=open archive, CA=closed archive, TAMS=top-at-mark-start (previous, next)
|   0|0x0000000080000000, 0x0000000080100000, 0x0000000080100000|100%|HS|  |TAMS 0x0000000080100000, 0x0000000080000000| Complete 
|   1|0x0000000080100000, 0x0000000080200000, 0x0000000080200000|100%|HC|  |TAMS 0x0000000080200000, 0x0000000080100000| Complete 
|   2|0x0000000080200000, 0x0000000080300000, 0x0000000080300000|100%|HC|  |TAMS 0x0000000080300000, 0x0000000080200000| Complete 
|   3|0x0000000080300000, 0x0000000080400000, 0x0000000080400000|100%| O|  |TAMS 0x0000000080400000, 0x0000000080300000| Untracked 
|   4|0x0000000080400000, 0x0000000080500000, 0x0000000080500000|100%| O|  |TAMS 0x0000000080500000, 0x0000000080400000| Untracked 
|   5|0x0000000080500000, 0x0000000080600000, 0x0000000080600000|100%| O|  |TAMS 0x0000000080600000, 0x0000000080500000| Untracked 
|   6|0x0000000080600000, 0x0000000080700000, 0x0000000080700000|100%| O|  |TAMS 0x0000000080700000, 0x0000000080600000| Untracked 
|   7|0x0000000080700000, 0x0000000080800000, 0x0000000080800000|100%|HS|  |TAMS 0x0000000080800000, 0x0000000080700000| Complete 
|   8|0x0000000080800000, 0x0000000080900000, 0x0000000080900000|100%| O|  |TAMS 0x0000000080900000, 0x0000000080800000| Untracked 
|   9|0x0000000080900000, 0x0000000080a00000, 0x0000000080a00000|100%| O|  |TAMS 0x0000000080a00000, 0x0000000080900000| Untracked 
|  10|0x0000000080a00000, 0x0000000080b00000, 0x0000000080b00000|100%| O|  |TAMS 0x0000000080b00000, 0x0000000080a00000| Untracked 
|  11|0x0000000080b00000, 0x0000000080c00000, 0x0000000080c00000|100%| O|  |TAMS 0x0000000080c00000, 0x0000000080b00000| Untracked 
|  12|0x0000000080c00000, 0x0000000080d00000, 0x0000000080d00000|100%| O|  |TAMS 0x0000000080d00000, 0x0000000080c00000| Untracked 
|  13|0x0000000080d00000, 0x0000000080e00000, 0x0000000080e00000|100%| O|  |TAMS 0x0000000080e00000, 0x0000000080d00000| Untracked 
|  14|0x0000000080e00000, 0x0000000080f00000, 0x0000000080f00000|100%| O|  |TAMS 0x0000000080f00000, 0x0000000080e00000| Untracked 
|  15|0x0000000080f00000, 0x0000000081000000, 0x0000000081000000|100%| O|  |TAMS 0x0000000081000000, 0x0000000080f00000| Untracked 
|  16|0x0000000081000000, 0x0000000081100000, 0x0000000081100000|100%| O|  |TAMS 0x0000000081100000, 0x0000000081000000| Untracked 
|  17|0x0000000081100000, 0x0000000081200000, 0x0000000081200000|100%| O|  |TAMS 0x0000000081200000, 0x0000000081100000| Untracked 
|  18|0x0000000081200000, 0x0000000081300000, 0x0000000081300000|100%| O|  |TAMS 0x0000000081300000, 0x0000000081200000| Untracked 
|  19|0x0000000081300000, 0x0000000081400000, 0x0000000081400000|100%| O|  |TAMS 0x0000000081400000, 0x0000000081300000| Untracked 
|  20|0x0000000081400000, 0x0000000081500000, 0x0000000081500000|100%| O|  |TAMS 0x0000000081500000, 0x0000000081400000| Untracked 
|  21|0x0000000081500000, 0x0000000081600000, 0x0000000081600000|100%| O|  |TAMS 0x0000000081600000, 0x0000000081500000| Untracked 
|  22|0x0000000081600000, 0x0000000081700000, 0x0000000081700000|100%| O|  |TAMS 0x0000000081700000, 0x0000000081600000| Untracked 
|  23|0x0000000081700000, 0x0000000081800000, 0x0000000081800000|100%| O|  |TAMS 0x0000000081800000, 0x0000000081700000| Untracked 
|  24|0x0000000081800000, 0x0000000081900000, 0x0000000081900000|100%| O|  |TAMS 0x0000000081900000, 0x0000000081800000| Untracked 
|  25|0x0000000081900000, 0x0000000081a00000, 0x0000000081a00000|100%| O|  |TAMS 0x0000000081a00000, 0x0000000081900000| Untracked 
|  26|0x0000000081a00000, 0x0000000081b00000, 0x0000000081b00000|100%| O|  |TAMS 0x0000000081b00000, 0x0000000081a00000| Untracked 
|  27|0x0000000081b00000, 0x0000000081c00000, 0x0000000081c00000|100%| O|  |TAMS 0x0000000081c00000, 0x0000000081b00000| Untracked 
|  28|0x0000000081c00000, 0x0000000081d00000, 0x0000000081d00000|100%| O|  |TAMS 0x0000000081d00000, 0x0000000081c00000| Untracked 
|  29|0x0000000081d00000, 0x0000000081e00000, 0x0000000081e00000|100%| O|  |TAMS 0x0000000081e00000, 0x0000000081d00000| Untracked 
|  30|0x0000000081e00000, 0x0000000081f00000, 0x0000000081f00000|100%| O|  |TAMS 0x0000000081f00000, 0x0000000081e00000| Untracked 
|  31|0x0000000081f00000, 0x0000000082000000, 0x0000000082000000|100%| O|  |TAMS 0x0000000082000000, 0x0000000081f00000| Untracked 
|  32|0x0000000082000000, 0x0000000082100000, 0x0000000082100000|100%| O|  |TAMS 0x0000000082100000, 0x0000000082000000| Untracked 
|  33|0x0000000082100000, 0x0000000082200000, 0x0000000082200000|100%| O|  |TAMS 0x0000000082200000, 0x0000000082100000| Untracked 
|  34|0x0000000082200000, 0x0000000082300000, 0x0000000082300000|100%| O|  |TAMS 0x0000000082300000, 0x0000000082200000| Untracked 
|  35|0x0000000082300000, 0x0000000082400000, 0x0000000082400000|100%| O|  |TAMS 0x0000000082400000, 0x0000000082300000| Untracked 
|  36|0x0000000082400000, 0x0000000082500000, 0x0000000082500000|100%| O|  |TAMS 0x0000000082500000, 0x0000000082400000| Untracked 
|  37|0x0000000082500000, 0x0000000082600000, 0x0000000082600000|100%| O|  |TAMS 0x0000000082600000, 0x0000000082500000| Untracked 
|  38|0x0000000082600000, 0x0000000082700000, 0x0000000082700000|100%| O|  |TAMS 0x0000000082700000, 0x0000000082600000| Untracked 
|  39|0x0000000082700000, 0x0000000082800000, 0x0000000082800000|100%| O|  |TAMS 0x0000000082800000, 0x0000000082700000| Untracked 
|  40|0x0000000082800000, 0x0000000082900000, 0x0000000082900000|100%| O|  |TAMS 0x0000000082900000, 0x0000000082800000| Untracked 
|  41|0x0000000082900000, 0x0000000082a00000, 0x0000000082a00000|100%| O|  |TAMS 0x0000000082a00000, 0x0000000082900000| Untracked 
|  42|0x0000000082a00000, 0x0000000082b00000, 0x0000000082b00000|100%| O|  |TAMS 0x0000000082b00000, 0x0000000082a00000| Untracked 
|  43|0x0000000082b00000, 0x0000000082c00000, 0x0000000082c00000|100%| O|  |TAMS 0x0000000082c00000, 0x0000000082b00000| Untracked 
|  44|0x0000000082c00000, 0x0000000082d00000, 0x0000000082d00000|100%| O|  |TAMS 0x0000000082d00000, 0x0000000082c00000| Untracked 
|  45|0x0000000082d00000, 0x0000000082e00000, 0x0000000082e00000|100%|HS|  |TAMS 0x0000000082e00000, 0x0000000082d00000| Complete 
|  46|0x0000000082e00000, 0x0000000082f00000, 0x0000000082f00000|100%|HC|  |TAMS 0x0000000082f00000, 0x0000000082e00000| Complete 
|  47|0x0000000082f00000, 0x0000000083000000, 0x0000000083000000|100%|HC|  |TAMS 0x0000000083000000, 0x0000000082f00000| Complete 
|  48|0x0000000083000000, 0x0000000083100000, 0x0000000083100000|100%|HS|  |TAMS 0x0000000083100000, 0x0000000083000000| Complete 
|  49|0x0000000083100000, 0x0000000083200000, 0x0000000083200000|100%|HC|  |TAMS 0x0000000083200000, 0x0000000083100000| Complete 
|  50|0x0000000083200000, 0x0000000083300000, 0x0000000083300000|100%|HC|  |TAMS 0x0000000083300000, 0x0000000083200000| Complete 
|  51|0x0000000083300000, 0x0000000083400000, 0x0000000083400000|100%| O|  |TAMS 0x0000000083365200, 0x0000000083300000| Untracked 
|  52|0x0000000083400000, 0x0000000083500000, 0x0000000083500000|100%| O|  |TAMS 0x0000000083500000, 0x0000000083400000| Untracked 
|  53|0x0000000083500000, 0x0000000083600000, 0x0000000083600000|100%| O|  |TAMS 0x0000000083600000, 0x0000000083500000| Untracked 
|  54|0x0000000083600000, 0x0000000083700000, 0x0000000083700000|100%| O|  |TAMS 0x0000000083700000, 0x0000000083600000| Untracked 
|  55|0x0000000083700000, 0x0000000083800000, 0x0000000083800000|100%| O|  |TAMS 0x0000000083800000, 0x0000000083700000| Untracked 
|  56|0x0000000083800000, 0x0000000083900000, 0x0000000083900000|100%| O|  |TAMS 0x0000000083900000, 0x0000000083800000| Untracked 
|  57|0x0000000083900000, 0x0000000083a00000, 0x0000000083a00000|100%| O|  |TAMS 0x0000000083a00000, 0x0000000083900000| Untracked 
|  58|0x0000000083a00000, 0x0000000083b00000, 0x0000000083b00000|100%| O|  |TAMS 0x0000000083b00000, 0x0000000083a00000| Untracked 
|  59|0x0000000083b00000, 0x0000000083c00000, 0x0000000083c00000|100%| O|  |TAMS 0x0000000083c00000, 0x0000000083b00000| Untracked 
|  60|0x0000000083c00000, 0x0000000083c00000, 0x0000000083d00000|  0%| F|  |TAMS 0x0000000083c00000, 0x0000000083c00000| Untracked 
|  61|0x0000000083d00000, 0x0000000083e00000, 0x0000000083e00000|100%|HS|  |TAMS 0x0000000083e00000, 0x0000000083d00000| Complete 
|  62|0x0000000083e00000, 0x0000000083f00000, 0x0000000083f00000|100%| O|  |TAMS 0x0000000083f00000, 0x0000000083e00000| Untracked 
|  63|0x0000000083f00000, 0x0000000084000000, 0x0000000084000000|100%| O|  |TAMS 0x0000000084000000, 0x0000000083f00000| Untracked 
|  64|0x0000000084000000, 0x0000000084100000, 0x0000000084100000|100%| O|  |TAMS 0x0000000084100000, 0x0000000084000000| Untracked 
|  65|0x0000000084100000, 0x0000000084200000, 0x0000000084200000|100%| O|  |TAMS 0x0000000084200000, 0x0000000084100000| Untracked 
|  66|0x0000000084200000, 0x0000000084300000, 0x0000000084300000|100%| O|  |TAMS 0x0000000084300000, 0x0000000084200000| Untracked 
|  67|0x0000000084300000, 0x0000000084400000, 0x0000000084400000|100%| O|  |TAMS 0x0000000084400000, 0x0000000084300000| Untracked 
|  68|0x0000000084400000, 0x0000000084500000, 0x0000000084500000|100%| O|  |TAMS 0x0000000084500000, 0x0000000084400000| Untracked 
|  69|0x0000000084500000, 0x0000000084600000, 0x0000000084600000|100%| O|  |TAMS 0x0000000084600000, 0x0000000084500000| Untracked 
|  70|0x0000000084600000, 0x0000000084700000, 0x0000000084700000|100%| O|  |TAMS 0x0000000084700000, 0x0000000084600000| Untracked 
|  71|0x0000000084700000, 0x0000000084800000, 0x0000000084800000|100%| O|  |TAMS 0x0000000084800000, 0x0000000084700000| Untracked 
|  72|0x0000000084800000, 0x0000000084900000, 0x0000000084900000|100%| O|  |TAMS 0x0000000084900000, 0x0000000084800000| Untracked 
|  73|0x0000000084900000, 0x0000000084900000, 0x0000000084a00000|  0%| F|  |TAMS 0x0000000084900000, 0x0000000084900000| Untracked 
|  74|0x0000000084a00000, 0x0000000084b00000, 0x0000000084b00000|100%| O|  |TAMS 0x0000000084b00000, 0x0000000084a00000| Untracked 
|  75|0x0000000084b00000, 0x0000000084c00000, 0x0000000084c00000|100%| O|  |TAMS 0x0000000084c00000, 0x0000000084b00000| Untracked 
|  76|0x0000000084c00000, 0x0000000084d00000, 0x0000000084d00000|100%| O|  |TAMS 0x0000000084d00000, 0x0000000084c00000| Untracked 
|  77|0x0000000084d00000, 0x0000000084e00000, 0x0000000084e00000|100%| O|  |TAMS 0x0000000084e00000, 0x0000000084d00000| Untracked 
|  78|0x0000000084e00000, 0x0000000084e00000, 0x0000000084f00000|  0%| F|  |TAMS 0x0000000084e00000, 0x0000000084e00000| Untracked 
|  79|0x0000000084f00000, 0x0000000084f00000, 0x0000000085000000|  0%| F|  |TAMS 0x0000000084f00000, 0x0000000084f00000| Untracked 
|  80|0x0000000085000000, 0x0000000085100000, 0x0000000085100000|100%| O|  |TAMS 0x0000000085000000, 0x0000000085000000| Untracked 
|  81|0x0000000085100000, 0x0000000085200000, 0x0000000085200000|100%|HS|  |TAMS 0x0000000085100000, 0x0000000085100000| Complete 
|  82|0x0000000085200000, 0x0000000085300000, 0x0000000085300000|100%|HS|  |TAMS 0x0000000085200000, 0x0000000085200000| Complete 
|  83|0x0000000085300000, 0x0000000085400000, 0x0000000085400000|100%|HS|  |TAMS 0x0000000085300000, 0x0000000085300000| Complete 
|  84|0x0000000085400000, 0x0000000085500000, 0x0000000085500000|100%| O|  |TAMS 0x0000000085400000, 0x0000000085400000| Untracked 
|  85|0x0000000085500000, 0x0000000085600000, 0x0000000085600000|100%|HS|  |TAMS 0x0000000085500000, 0x0000000085500000| Complete 
|  86|0x0000000085600000, 0x0000000085700000, 0x0000000085700000|100%|HS|  |TAMS 0x0000000085600000, 0x0000000085600000| Complete 
|  87|0x0000000085700000, 0x0000000085800000, 0x0000000085800000|100%| O|  |TAMS 0x0000000085700000, 0x0000000085700000| Untracked 
|  88|0x0000000085800000, 0x0000000085900000, 0x0000000085900000|100%| O|  |TAMS 0x0000000085800000, 0x0000000085800000| Untracked 
|  89|0x0000000085900000, 0x0000000085a00000, 0x0000000085a00000|100%| O|  |TAMS 0x0000000085900000, 0x0000000085900000| Untracked 
|  90|0x0000000085a00000, 0x0000000085b00000, 0x0000000085b00000|100%| O|  |TAMS 0x0000000085a00000, 0x0000000085a00000| Untracked 
|  91|0x0000000085b00000, 0x0000000085c00000, 0x0000000085c00000|100%| O|  |TAMS 0x0000000085b00000, 0x0000000085b00000| Untracked 
|  92|0x0000000085c00000, 0x0000000085d00000, 0x0000000085d00000|100%| O|  |TAMS 0x0000000085c00000, 0x0000000085c00000| Untracked 
|  93|0x0000000085d00000, 0x0000000085e00000, 0x0000000085e00000|100%| O|  |TAMS 0x0000000085d00000, 0x0000000085d00000| Untracked 
|  94|0x0000000085e00000, 0x0000000085f00000, 0x0000000085f00000|100%| O|  |TAMS 0x0000000085e00000, 0x0000000085e00000| Untracked 
|  95|0x0000000085f00000, 0x0000000085fbee00, 0x0000000086000000| 74%| O|  |TAMS 0x0000000085f00000, 0x0000000085f00000| Untracked 
|  96|0x0000000086000000, 0x0000000086000000, 0x0000000086100000|  0%| F|  |TAMS 0x0000000086000000, 0x0000000086000000| Untracked 
|  97|0x0000000086100000, 0x0000000086100000, 0x0000000086200000|  0%| F|  |TAMS 0x0000000086100000, 0x0000000086100000| Untracked 
|  98|0x0000000086200000, 0x0000000086200000, 0x0000000086300000|  0%| F|  |TAMS 0x0000000086200000, 0x0000000086200000| Untracked 
|  99|0x0000000086300000, 0x0000000086300000, 0x0000000086400000|  0%| F|  |TAMS 0x0000000086300000, 0x0000000086300000| Untracked 
| 100|0x0000000086400000, 0x0000000086400000, 0x0000000086500000|  0%| F|  |TAMS 0x0000000086400000, 0x0000000086400000| Untracked 
| 101|0x0000000086500000, 0x0000000086500000, 0x0000000086600000|  0%| F|  |TAMS 0x0000000086500000, 0x0000000086500000| Untracked 
| 102|0x0000000086600000, 0x0000000086600000, 0x0000000086700000|  0%| F|  |TAMS 0x0000000086600000, 0x0000000086600000| Untracked 
| 103|0x0000000086700000, 0x0000000086700000, 0x0000000086800000|  0%| F|  |TAMS 0x0000000086700000, 0x0000000086700000| Untracked 
| 104|0x0000000086800000, 0x0000000086800000, 0x0000000086900000|  0%| F|  |TAMS 0x0000000086800000, 0x0000000086800000| Untracked 
| 105|0x0000000086900000, 0x0000000086900000, 0x0000000086a00000|  0%| F|  |TAMS 0x0000000086900000, 0x0000000086900000| Untracked 
| 106|0x0000000086a00000, 0x0000000086a00000, 0x0000000086b00000|  0%| F|  |TAMS 0x0000000086a00000, 0x0000000086a00000| Untracked 
| 107|0x0000000086b00000, 0x0000000086b00000, 0x0000000086c00000|  0%| F|  |TAMS 0x0000000086b00000, 0x0000000086b00000| Untracked 
| 108|0x0000000086c00000, 0x0000000086c00000, 0x0000000086d00000|  0%| F|  |TAMS 0x0000000086c00000, 0x0000000086c00000| Untracked 
| 109|0x0000000086d00000, 0x0000000086d00000, 0x0000000086e00000|  0%| F|  |TAMS 0x0000000086d00000, 0x0000000086d00000| Untracked 
| 110|0x0000000086e00000, 0x0000000086e00000, 0x0000000086f00000|  0%| F|  |TAMS 0x0000000086e00000, 0x0000000086e00000| Untracked 
| 111|0x0000000086f00000, 0x0000000086f00000, 0x0000000087000000|  0%| F|  |TAMS 0x0000000086f00000, 0x0000000086f00000| Untracked 
| 112|0x0000000087000000, 0x0000000087000000, 0x0000000087100000|  0%| F|  |TAMS 0x0000000087000000, 0x0000000087000000| Untracked 
| 113|0x0000000087100000, 0x0000000087100000, 0x0000000087200000|  0%| F|  |TAMS 0x0000000087100000, 0x0000000087100000| Untracked 
| 114|0x0000000087200000, 0x0000000087200000, 0x0000000087300000|  0%| F|  |TAMS 0x0000000087200000, 0x0000000087200000| Untracked 
| 115|0x0000000087300000, 0x0000000087300000, 0x0000000087400000|  0%| F|  |TAMS 0x0000000087300000, 0x0000000087300000| Untracked 
| 116|0x0000000087400000, 0x0000000087400000, 0x0000000087500000|  0%| F|  |TAMS 0x0000000087400000, 0x0000000087400000| Untracked 
| 117|0x0000000087500000, 0x0000000087500000, 0x0000000087600000|  0%| F|  |TAMS 0x0000000087500000, 0x0000000087500000| Untracked 
| 118|0x0000000087600000, 0x0000000087600000, 0x0000000087700000|  0%| F|  |TAMS 0x0000000087600000, 0x0000000087600000| Untracked 
| 119|0x0000000087700000, 0x0000000087700000, 0x0000000087800000|  0%| F|  |TAMS 0x0000000087700000, 0x0000000087700000| Untracked 
| 120|0x0000000087800000, 0x0000000087800000, 0x0000000087900000|  0%| F|  |TAMS 0x0000000087800000, 0x0000000087800000| Untracked 
| 121|0x0000000087900000, 0x0000000087900000, 0x0000000087a00000|  0%| F|  |TAMS 0x0000000087900000, 0x0000000087900000| Untracked 
| 122|0x0000000087a00000, 0x0000000087a00000, 0x0000000087b00000|  0%| F|  |TAMS 0x0000000087a00000, 0x0000000087a00000| Untracked 
| 123|0x0000000087b00000, 0x0000000087b00000, 0x0000000087c00000|  0%| F|  |TAMS 0x0000000087b00000, 0x0000000087b00000| Untracked 
| 124|0x0000000087c00000, 0x0000000087ce5a98, 0x0000000087d00000| 89%| S|CS|TAMS 0x0000000087c00000, 0x0000000087c00000| Complete 
| 125|0x0000000087d00000, 0x0000000087d00000, 0x0000000087e00000|  0%| F|  |TAMS 0x0000000087d00000, 0x0000000087d00000| Untracked 
| 126|0x0000000087e00000, 0x0000000087e00000, 0x0000000087f00000|  0%| F|  |TAMS 0x0000000087e00000, 0x0000000087e00000| Untracked 
| 127|0x0000000087f00000, 0x0000000087f00000, 0x0000000088000000|  0%| F|  |TAMS 0x0000000087f00000, 0x0000000087f00000| Untracked 
| 128|0x0000000088000000, 0x0000000088000000, 0x0000000088100000|  0%| F|  |TAMS 0x0000000088000000, 0x0000000088000000| Untracked 
| 129|0x0000000088100000, 0x0000000088100000, 0x0000000088200000|  0%| F|  |TAMS 0x0000000088100000, 0x0000000088100000| Untracked 
| 130|0x0000000088200000, 0x0000000088200000, 0x0000000088300000|  0%| F|  |TAMS 0x0000000088200000, 0x0000000088200000| Untracked 
| 131|0x0000000088300000, 0x0000000088300000, 0x0000000088400000|  0%| F|  |TAMS 0x0000000088300000, 0x0000000088300000| Untracked 
| 132|0x0000000088400000, 0x0000000088400000, 0x0000000088500000|  0%| F|  |TAMS 0x0000000088400000, 0x0000000088400000| Untracked 
| 133|0x0000000088500000, 0x0000000088500000, 0x0000000088600000|  0%| F|  |TAMS 0x0000000088500000, 0x0000000088500000| Untracked 
| 134|0x0000000088600000, 0x0000000088600000, 0x0000000088700000|  0%| F|  |TAMS 0x0000000088600000, 0x0000000088600000| Untracked 
| 135|0x0000000088700000, 0x0000000088700000, 0x0000000088800000|  0%| F|  |TAMS 0x0000000088700000, 0x0000000088700000| Untracked 
| 136|0x0000000088800000, 0x0000000088800000, 0x0000000088900000|  0%| F|  |TAMS 0x0000000088800000, 0x0000000088800000| Untracked 
| 137|0x0000000088900000, 0x0000000088900000, 0x0000000088a00000|  0%| F|  |TAMS 0x0000000088900000, 0x0000000088900000| Untracked 
| 138|0x0000000088a00000, 0x0000000088a00000, 0x0000000088b00000|  0%| F|  |TAMS 0x0000000088a00000, 0x0000000088a00000| Untracked 
| 139|0x0000000088b00000, 0x0000000088b00000, 0x0000000088c00000|  0%| F|  |TAMS 0x0000000088b00000, 0x0000000088b00000| Untracked 
| 140|0x0000000088c00000, 0x0000000088c00000, 0x0000000088d00000|  0%| F|  |TAMS 0x0000000088c00000, 0x0000000088c00000| Untracked 
| 141|0x0000000088d00000, 0x0000000088d00000, 0x0000000088e00000|  0%| F|  |TAMS 0x0000000088d00000, 0x0000000088d00000| Untracked 
| 142|0x0000000088e00000, 0x0000000088e00000, 0x0000000088f00000|  0%| F|  |TAMS 0x0000000088e00000, 0x0000000088e00000| Untracked 
| 143|0x0000000088f00000, 0x0000000088f00000, 0x0000000089000000|  0%| F|  |TAMS 0x0000000088f00000, 0x0000000088f00000| Untracked 
| 144|0x0000000089000000, 0x0000000089000000, 0x0000000089100000|  0%| F|  |TAMS 0x0000000089000000, 0x0000000089000000| Untracked 
| 145|0x0000000089100000, 0x0000000089100000, 0x0000000089200000|  0%| F|  |TAMS 0x0000000089100000, 0x0000000089100000| Untracked 
| 146|0x0000000089200000, 0x0000000089200000, 0x0000000089300000|  0%| F|  |TAMS 0x0000000089200000, 0x0000000089200000| Untracked 
| 147|0x0000000089300000, 0x0000000089300000, 0x0000000089400000|  0%| F|  |TAMS 0x0000000089300000, 0x0000000089300000| Untracked 
| 148|0x0000000089400000, 0x0000000089400000, 0x0000000089500000|  0%| F|  |TAMS 0x0000000089400000, 0x0000000089400000| Untracked 
| 149|0x0000000089500000, 0x0000000089500000, 0x0000000089600000|  0%| F|  |TAMS 0x0000000089500000, 0x0000000089500000| Untracked 
| 150|0x0000000089600000, 0x0000000089600000, 0x0000000089700000|  0%| F|  |TAMS 0x0000000089600000, 0x0000000089600000| Untracked 
| 151|0x0000000089700000, 0x0000000089700000, 0x0000000089800000|  0%| F|  |TAMS 0x0000000089700000, 0x0000000089700000| Untracked 
| 152|0x0000000089800000, 0x0000000089800000, 0x0000000089900000|  0%| F|  |TAMS 0x0000000089800000, 0x0000000089800000| Untracked 
| 153|0x0000000089900000, 0x0000000089900000, 0x0000000089a00000|  0%| F|  |TAMS 0x0000000089900000, 0x0000000089900000| Untracked 
| 154|0x0000000089a00000, 0x0000000089a00000, 0x0000000089b00000|  0%| F|  |TAMS 0x0000000089a00000, 0x0000000089a00000| Untracked 
| 155|0x0000000089b00000, 0x0000000089b00000, 0x0000000089c00000|  0%| F|  |TAMS 0x0000000089b00000, 0x0000000089b00000| Untracked 
| 156|0x0000000089c00000, 0x0000000089c00000, 0x0000000089d00000|  0%| F|  |TAMS 0x0000000089c00000, 0x0000000089c00000| Untracked 
| 157|0x0000000089d00000, 0x0000000089d00000, 0x0000000089e00000|  0%| F|  |TAMS 0x0000000089d00000, 0x0000000089d00000| Untracked 
| 158|0x0000000089e00000, 0x0000000089e00000, 0x0000000089f00000|  0%| F|  |TAMS 0x0000000089e00000, 0x0000000089e00000| Untracked 

Card table byte_map: [0x0000021a57f30000,0x0000021a58330000] _byte_map_base: 0x0000021a57b30000

Marking Bits (Prev, Next): (CMBitMap*) 0x0000021a4103b2d0, (CMBitMap*) 0x0000021a4103b290
 Prev Bits: [0x0000021a5a730000, 0x0000021a5c730000)
 Next Bits: [0x0000021a58730000, 0x0000021a5a730000)

Polling page: 0x0000021a3ed50000

Metaspace:

Usage:
  Non-class:     66.31 MB used.
      Class:     10.72 MB used.
       Both:     77.03 MB used.

Virtual space:
  Non-class space:      128.00 MB reserved,      66.75 MB ( 52%) committed,  2 nodes.
      Class space:      416.00 MB reserved,      11.19 MB (  3%) committed,  1 nodes.
             Both:      544.00 MB reserved,      77.94 MB ( 14%) committed. 

Chunk freelists:
   Non-Class:  12.52 MB
       Class:  4.67 MB
        Both:  17.19 MB

MaxMetaspaceSize: 512.00 MB
CompressedClassSpaceSize: 416.00 MB
Initial GC threshold: 21.00 MB
Current GC threshold: 122.50 MB
CDS: on
MetaspaceReclaimPolicy: balanced
 - commit_granule_bytes: 65536.
 - commit_granule_words: 8192.
 - virtual_space_node_default_size: 8388608.
 - enlarge_chunks_in_place: 1.
 - new_chunks_are_fully_committed: 0.
 - uncommit_free_chunks: 1.
 - use_allocation_guard: 0.
 - handle_deallocations: 1.


Internal statistics:

num_allocs_failed_limit: 6.
num_arena_births: 1234.
num_arena_deaths: 0.
num_vsnodes_births: 3.
num_vsnodes_deaths: 0.
num_space_committed: 1247.
num_space_uncommitted: 0.
num_chunks_returned_to_freelist: 6.
num_chunks_taken_from_freelist: 4869.
num_chunk_merges: 6.
num_chunk_splits: 3038.
num_chunks_enlarged: 1829.
num_inconsistent_stats: 0.

CodeHeap 'non-profiled nmethods': size=120000Kb used=6403Kb max_used=6403Kb free=113596Kb
 bounds [0x0000021a50600000, 0x0000021a50c50000, 0x0000021a57b30000]
CodeHeap 'profiled nmethods': size=120000Kb used=19078Kb max_used=19078Kb free=100921Kb
 bounds [0x0000021a48b30000, 0x0000021a49de0000, 0x0000021a50060000]
CodeHeap 'non-nmethods': size=5760Kb used=2389Kb max_used=2446Kb free=3370Kb
 bounds [0x0000021a50060000, 0x0000021a502d0000, 0x0000021a50600000]
 total_blobs=11076 nmethods=10154 adapters=834
 compilation: enabled
              stopped_count=0, restarted_count=0
 full_count=0

Compilation events (20 events):
Event: 81.879 Thread 0x0000021a5ebec2f0 11687       3       org.gradle.api.internal.provider.sources.GradlePropertyValueSource$Parameters_Decorated::<init> (9 bytes)
Event: 81.881 Thread 0x0000021a5ebec2f0 nmethod 11687 0x0000021a49dcd010 code [0x0000021a49dcd300, 0x0000021a49dce468]
Event: 81.881 Thread 0x0000021a5ebec2f0 11688       3       org.gradle.api.internal.provider.sources.GradlePropertyValueSource$Parameters_Decorated::unpackState (14 bytes)
Event: 81.882 Thread 0x0000021a5ebec2f0 nmethod 11688 0x0000021a49dce990 code [0x0000021a49dceb40, 0x0000021a49dceec8]
Event: 81.882 Thread 0x0000021a5ebec2f0 11690       3       org.gradle.api.internal.provider.Providers::ofNullable (13 bytes)
Event: 81.883 Thread 0x0000021a5ebec2f0 nmethod 11690 0x0000021a49dcf010 code [0x0000021a49dcf200, 0x0000021a49dcf788]
Event: 81.883 Thread 0x0000021a5ebec2f0 11689       3       org.gradle.api.internal.provider.sources.GradlePropertyValueSource$Parameters_Decorated::getFactoryId (4 bytes)
Event: 81.883 Thread 0x0000021a5ebec2f0 nmethod 11689 0x0000021a49dcf990 code [0x0000021a49dcfb20, 0x0000021a49dcfc38]
Event: 81.883 Thread 0x0000021a5ebec2f0 11691       3       org.gradle.api.internal.provider.sources.GradlePropertyValueSource$Inject::<init> (9 bytes)
Event: 81.885 Thread 0x0000021a5ebec2f0 nmethod 11691 0x0000021a49dcfd10 code [0x0000021a49dd0000, 0x0000021a49dd1228]
Event: 81.902 Thread 0x0000021a5ebec2f0 11692       3       org.gradle.internal.instantiation.generator.AsmBackedClassGenerator$ClassBuilderImpl::access$700 (4 bytes)
Event: 81.902 Thread 0x0000021a5ebec2f0 nmethod 11692 0x0000021a4927e190 code [0x0000021a4927e320, 0x0000021a4927e418]
Event: 81.902 Thread 0x0000021a5ebec2f0 11693       3       org.gradle.internal.instantiation.generator.AsmBackedClassGenerator$ClassBuilderImpl::access$6500 (4 bytes)
Event: 81.903 Thread 0x0000021a5ebec2f0 nmethod 11693 0x0000021a49332e10 code [0x0000021a49332fa0, 0x0000021a49333098]
Event: 81.907 Thread 0x0000021a5ebec2f0 11694       3       org.gradle.api.internal.provider.ManagedFactories$ProviderManagedFactory::fromState (21 bytes)
Event: 81.908 Thread 0x0000021a5ebec2f0 nmethod 11694 0x0000021a49dd1790 code [0x0000021a49dd19e0, 0x0000021a49dd22d8]
Event: 81.908 Thread 0x0000021a5ebec2f0 11695       3       org.gradle.api.internal.provider.DefaultProperty::set (32 bytes)
Event: 81.909 Thread 0x0000021a5ebec2f0 nmethod 11695 0x0000021a49dd2610 code [0x0000021a49dd2820, 0x0000021a49dd3188]
Event: 81.926 Thread 0x0000021a5ebec2f0 11696       3       org.gradle.api.services.internal.DefaultBuildServicesRegistry$DefaultServiceRegistration_Decorated::getName (39 bytes)
Event: 81.926 Thread 0x0000021a5ebec2f0 nmethod 11696 0x0000021a49dd3390 code [0x0000021a49dd3560, 0x0000021a49dd38b8]

GC Heap History (20 events):
Event: 71.098 GC heap after
{Heap after GC invocations=40 (full 0):
 garbage-first heap   total 122880K, used 76034K [0x0000000080000000, 0x0000000100000000)
  region size 1024K, 4 young (4096K), 4 survivors (4096K)
 Metaspace       used 73687K, committed 74560K, reserved 491520K
  class space    used 10443K, committed 10880K, reserved 425984K
}
Event: 72.887 GC heap before
{Heap before GC invocations=40 (full 0):
 garbage-first heap   total 122880K, used 98562K [0x0000000080000000, 0x0000000100000000)
  region size 1024K, 27 young (27648K), 4 survivors (4096K)
 Metaspace       used 74221K, committed 75200K, reserved 491520K
  class space    used 10465K, committed 10944K, reserved 425984K
}
Event: 72.906 GC heap after
{Heap after GC invocations=41 (full 0):
 garbage-first heap   total 147456K, used 79707K [0x0000000080000000, 0x0000000100000000)
  region size 1024K, 4 young (4096K), 4 survivors (4096K)
 Metaspace       used 74221K, committed 75200K, reserved 491520K
  class space    used 10465K, committed 10944K, reserved 425984K
}
Event: 74.169 GC heap before
{Heap before GC invocations=42 (full 0):
 garbage-first heap   total 147456K, used 114523K [0x0000000080000000, 0x0000000100000000)
  region size 1024K, 39 young (39936K), 4 survivors (4096K)
 Metaspace       used 74353K, committed 75328K, reserved 491520K
  class space    used 10465K, committed 10944K, reserved 425984K
}
Event: 74.185 GC heap after
{Heap after GC invocations=43 (full 0):
 garbage-first heap   total 147456K, used 82403K [0x0000000080000000, 0x0000000100000000)
  region size 1024K, 4 young (4096K), 4 survivors (4096K)
 Metaspace       used 74353K, committed 75328K, reserved 491520K
  class space    used 10465K, committed 10944K, reserved 425984K
}
Event: 74.349 GC heap before
{Heap before GC invocations=43 (full 0):
 garbage-first heap   total 147456K, used 85475K [0x0000000080000000, 0x0000000100000000)
  region size 1024K, 7 young (7168K), 4 survivors (4096K)
 Metaspace       used 74357K, committed 75328K, reserved 491520K
  class space    used 10465K, committed 10944K, reserved 425984K
}
Event: 74.362 GC heap after
{Heap after GC invocations=44 (full 0):
 garbage-first heap   total 147456K, used 79761K [0x0000000080000000, 0x0000000100000000)
  region size 1024K, 1 young (1024K), 1 survivors (1024K)
 Metaspace       used 74357K, committed 75328K, reserved 491520K
  class space    used 10465K, committed 10944K, reserved 425984K
}
Event: 75.433 GC heap before
{Heap before GC invocations=44 (full 0):
 garbage-first heap   total 147456K, used 115601K [0x0000000080000000, 0x0000000100000000)
  region size 1024K, 37 young (37888K), 1 survivors (1024K)
 Metaspace       used 74390K, committed 75328K, reserved 491520K
  class space    used 10466K, committed 10944K, reserved 425984K
}
Event: 75.442 GC heap after
{Heap after GC invocations=45 (full 0):
 garbage-first heap   total 147456K, used 82175K [0x0000000080000000, 0x0000000100000000)
  region size 1024K, 4 young (4096K), 4 survivors (4096K)
 Metaspace       used 74390K, committed 75328K, reserved 491520K
  class space    used 10466K, committed 10944K, reserved 425984K
}
Event: 76.425 GC heap before
{Heap before GC invocations=45 (full 0):
 garbage-first heap   total 147456K, used 115967K [0x0000000080000000, 0x0000000100000000)
  region size 1024K, 38 young (38912K), 4 survivors (4096K)
 Metaspace       used 74397K, committed 75328K, reserved 491520K
  class space    used 10466K, committed 10944K, reserved 425984K
}
Event: 76.438 GC heap after
{Heap after GC invocations=46 (full 0):
 garbage-first heap   total 147456K, used 83128K [0x0000000080000000, 0x0000000100000000)
  region size 1024K, 4 young (4096K), 4 survivors (4096K)
 Metaspace       used 74397K, committed 75328K, reserved 491520K
  class space    used 10466K, committed 10944K, reserved 425984K
}
Event: 77.794 GC heap before
{Heap before GC invocations=46 (full 0):
 garbage-first heap   total 147456K, used 116920K [0x0000000080000000, 0x0000000100000000)
  region size 1024K, 38 young (38912K), 4 survivors (4096K)
 Metaspace       used 74400K, committed 75328K, reserved 491520K
  class space    used 10466K, committed 10944K, reserved 425984K
}
Event: 77.804 GC heap after
{Heap after GC invocations=47 (full 0):
 garbage-first heap   total 147456K, used 83816K [0x0000000080000000, 0x0000000100000000)
  region size 1024K, 4 young (4096K), 4 survivors (4096K)
 Metaspace       used 74400K, committed 75328K, reserved 491520K
  class space    used 10466K, committed 10944K, reserved 425984K
}
Event: 78.476 GC heap before
{Heap before GC invocations=47 (full 0):
 garbage-first heap   total 147456K, used 109416K [0x0000000080000000, 0x0000000100000000)
  region size 1024K, 30 young (30720K), 4 survivors (4096K)
 Metaspace       used 74428K, committed 75392K, reserved 491520K
  class space    used 10470K, committed 10944K, reserved 425984K
}
Event: 78.487 GC heap after
{Heap after GC invocations=48 (full 0):
 garbage-first heap   total 147456K, used 85648K [0x0000000080000000, 0x0000000100000000)
  region size 1024K, 4 young (4096K), 4 survivors (4096K)
 Metaspace       used 74428K, committed 75392K, reserved 491520K
  class space    used 10470K, committed 10944K, reserved 425984K
}
Event: 80.717 GC heap before
{Heap before GC invocations=49 (full 0):
 garbage-first heap   total 162816K, used 123536K [0x0000000080000000, 0x0000000100000000)
  region size 1024K, 36 young (36864K), 4 survivors (4096K)
 Metaspace       used 75965K, committed 76928K, reserved 557056K
  class space    used 10660K, committed 11136K, reserved 425984K
}
Event: 80.728 GC heap after
{Heap after GC invocations=50 (full 0):
 garbage-first heap   total 162816K, used 96582K [0x0000000080000000, 0x0000000100000000)
  region size 1024K, 5 young (5120K), 5 survivors (5120K)
 Metaspace       used 75965K, committed 76928K, reserved 557056K
  class space    used 10660K, committed 11136K, reserved 425984K
}
Event: 80.791 GC heap before
{Heap before GC invocations=50 (full 0):
 garbage-first heap   total 162816K, used 98630K [0x0000000080000000, 0x0000000100000000)
  region size 1024K, 7 young (7168K), 5 survivors (5120K)
 Metaspace       used 76090K, committed 77056K, reserved 557056K
  class space    used 10672K, committed 11136K, reserved 425984K
}
Event: 80.802 GC heap after
{Heap after GC invocations=51 (full 0):
 garbage-first heap   total 162816K, used 94480K [0x0000000080000000, 0x0000000100000000)
  region size 1024K, 1 young (1024K), 1 survivors (1024K)
 Metaspace       used 76090K, committed 77056K, reserved 557056K
  class space    used 10672K, committed 11136K, reserved 425984K
}
Event: 81.948 GC heap before
{Heap before GC invocations=51 (full 0):
 garbage-first heap   total 162816K, used 127248K [0x0000000080000000, 0x0000000100000000)
  region size 1024K, 34 young (34816K), 1 survivors (1024K)
 Metaspace       used 78880K, committed 79808K, reserved 557056K
  class space    used 10980K, committed 11456K, reserved 425984K
}

Dll operation events (15 events):
Event: 0.095 Loaded shared library C:\Program Files\Microsoft\jdk-17.0.15.6-hotspot\bin\java.dll
Event: 0.250 Loaded shared library C:\Program Files\Microsoft\jdk-17.0.15.6-hotspot\bin\jsvml.dll
Event: 0.798 Loaded shared library C:\Program Files\Microsoft\jdk-17.0.15.6-hotspot\bin\zip.dll
Event: 0.815 Loaded shared library C:\Program Files\Microsoft\jdk-17.0.15.6-hotspot\bin\instrument.dll
Event: 0.871 Loaded shared library C:\Program Files\Microsoft\jdk-17.0.15.6-hotspot\bin\net.dll
Event: 0.879 Loaded shared library C:\Program Files\Microsoft\jdk-17.0.15.6-hotspot\bin\nio.dll
Event: 0.885 Loaded shared library C:\Program Files\Microsoft\jdk-17.0.15.6-hotspot\bin\zip.dll
Event: 2.890 Loaded shared library C:\Program Files\Microsoft\jdk-17.0.15.6-hotspot\bin\jimage.dll
Event: 3.939 Loaded shared library C:\Program Files\Microsoft\jdk-17.0.15.6-hotspot\bin\verify.dll
Event: 4.420 Loaded shared library C:\Users\Dell\.gradle\native\1def1411415f61bf3af743bc5b6707747c0891f09f0c88961ee8f79bc544acac\windows-amd64\native-platform.dll
Event: 4.514 Loaded shared library C:\Users\Dell\.gradle\native\0.2.7\x86_64-windows-gnu\gradle-fileevents.dll
Event: 10.571 Loaded shared library C:\Program Files\Microsoft\jdk-17.0.15.6-hotspot\bin\management.dll
Event: 10.641 Loaded shared library C:\Program Files\Microsoft\jdk-17.0.15.6-hotspot\bin\management_ext.dll
Event: 12.876 Loaded shared library C:\Program Files\Microsoft\jdk-17.0.15.6-hotspot\bin\extnet.dll
Event: 14.596 Loaded shared library C:\Program Files\Microsoft\jdk-17.0.15.6-hotspot\bin\sunmscapi.dll

Deoptimization events (20 events):
Event: 80.548 Thread 0x0000021a7e23de00 Uncommon trap: trap_request=0xffffff45 fr.pc=0x0000021a506d1f3c relative=0x000000000000035c
Event: 80.548 Thread 0x0000021a7e23de00 Uncommon trap: reason=unstable_if action=reinterpret pc=0x0000021a506d1f3c method=com.google.common.reflect.TypeResolver$TypeVariableKey.equalsTypeVariable(Ljava/lang/reflect/TypeVariable;)Z @ 41 c2
Event: 80.548 Thread 0x0000021a7e23de00 DEOPT PACKING pc=0x0000021a506d1f3c sp=0x00000084fd8f3b50
Event: 80.548 Thread 0x0000021a7e23de00 DEOPT UNPACKING pc=0x0000021a500b69a3 sp=0x00000084fd8f3b00 mode 2
Event: 80.969 Thread 0x0000021a7e23de00 Uncommon trap: trap_request=0xffffffd6 fr.pc=0x0000021a50b5ad08 relative=0x0000000000000368
Event: 80.969 Thread 0x0000021a7e23de00 Uncommon trap: reason=array_check action=maybe_recompile pc=0x0000021a50b5ad08 method=java.util.LinkedHashMap.keysToArray([Ljava/lang/Object;)[Ljava/lang/Object; @ 25 c2
Event: 80.969 Thread 0x0000021a7e23de00 DEOPT PACKING pc=0x0000021a50b5ad08 sp=0x00000084fd8f2e50
Event: 80.969 Thread 0x0000021a7e23de00 DEOPT UNPACKING pc=0x0000021a500b69a3 sp=0x00000084fd8f2df8 mode 2
Event: 81.020 Thread 0x0000021a7e23de00 Uncommon trap: trap_request=0xffffffc6 fr.pc=0x0000021a50a8cb60 relative=0x00000000000007e0
Event: 81.020 Thread 0x0000021a7e23de00 Uncommon trap: reason=bimorphic_or_optimized_type_check action=maybe_recompile pc=0x0000021a50a8cb60 method=java.io.BufferedInputStream.read1([BII)I @ 39 c2
Event: 81.020 Thread 0x0000021a7e23de00 DEOPT PACKING pc=0x0000021a50a8cb60 sp=0x00000084fd8f4130
Event: 81.020 Thread 0x0000021a7e23de00 DEOPT UNPACKING pc=0x0000021a500b69a3 sp=0x00000084fd8f4048 mode 2
Event: 81.020 Thread 0x0000021a7e23de00 Uncommon trap: trap_request=0xffffffde fr.pc=0x0000021a507df168 relative=0x00000000000001a8
Event: 81.020 Thread 0x0000021a7e23de00 Uncommon trap: reason=class_check action=maybe_recompile pc=0x0000021a507df168 method=java.io.BufferedInputStream.read1([BII)I @ 39 c2
Event: 81.020 Thread 0x0000021a7e23de00 DEOPT PACKING pc=0x0000021a507df168 sp=0x00000084fd8f4090
Event: 81.020 Thread 0x0000021a7e23de00 DEOPT UNPACKING pc=0x0000021a500b69a3 sp=0x00000084fd8f4038 mode 2
Event: 81.666 Thread 0x0000021a7e23de00 Uncommon trap: trap_request=0xffffffd6 fr.pc=0x0000021a50b5ad08 relative=0x0000000000000368
Event: 81.666 Thread 0x0000021a7e23de00 Uncommon trap: reason=array_check action=maybe_recompile pc=0x0000021a50b5ad08 method=java.util.LinkedHashMap.keysToArray([Ljava/lang/Object;)[Ljava/lang/Object; @ 25 c2
Event: 81.666 Thread 0x0000021a7e23de00 DEOPT PACKING pc=0x0000021a50b5ad08 sp=0x00000084fd8f22e0
Event: 81.666 Thread 0x0000021a7e23de00 DEOPT UNPACKING pc=0x0000021a500b69a3 sp=0x00000084fd8f2288 mode 2

Classes loaded (20 events):
Event: 70.146 Loading class java/util/Currency
Event: 70.147 Loading class java/util/Currency done
Event: 70.189 Loading class java/util/concurrent/atomic/AtomicLongArray
Event: 70.189 Loading class java/util/concurrent/atomic/AtomicLongArray done
Event: 70.355 Loading class sun/reflect/generics/repository/FieldRepository
Event: 70.355 Loading class sun/reflect/generics/repository/FieldRepository done
Event: 70.445 Loading class jdk/internal/vm/annotation/ForceInline
Event: 70.445 Loading class jdk/internal/vm/annotation/ForceInline done
Event: 70.519 Loading class java/util/AbstractMap$2
Event: 70.519 Loading class java/util/AbstractMap$2 done
Event: 70.519 Loading class java/util/AbstractMap$2$1
Event: 70.519 Loading class java/util/AbstractMap$2$1 done
Event: 71.903 Loading class java/util/Collections$ReverseComparator
Event: 71.903 Loading class java/util/Collections$ReverseComparator done
Event: 71.903 Loading class java/util/Collections$ReverseComparator2
Event: 71.904 Loading class java/util/Collections$ReverseComparator2 done
Event: 72.649 Loading class jdk/internal/misc/ScopedMemoryAccess$Scope$Handle
Event: 72.649 Loading class jdk/internal/misc/ScopedMemoryAccess$Scope$Handle done
Event: 81.686 Loading class java/util/concurrent/Executors$DefaultThreadFactory
Event: 81.687 Loading class java/util/concurrent/Executors$DefaultThreadFactory done

Classes unloaded (0 events):
No events

Classes redefined (0 events):
No events

Internal exceptions (20 events):
Event: 71.036 Thread 0x0000021a7e23de00 Exception <a 'java/lang/ClassNotFoundException'{0x0000000085fc5de8}: org/gradle/api/internal/DefaultNamedDomainObjectCollectionBeanInfo> (0x0000000085fc5de8) 
thrown [s\src\hotspot\share\classfile\systemDictionary.cpp, line 256]
Event: 71.045 Thread 0x0000021a7e23de00 Exception <a 'java/lang/ClassNotFoundException'{0x0000000085fdc1f8}: org/gradle/api/internal/DefaultNamedDomainObjectCollectionCustomizer> (0x0000000085fdc1f8) 
thrown [s\src\hotspot\share\classfile\systemDictionary.cpp, line 256]
Event: 71.054 Thread 0x0000021a7e23de00 Exception <a 'java/lang/ClassNotFoundException'{0x0000000085e28ad0}: org/gradle/api/internal/DefaultNamedDomainObjectListCustomizer> (0x0000000085e28ad0) 
thrown [s\src\hotspot\share\classfile\systemDictionary.cpp, line 256]
Event: 71.063 Thread 0x0000021a7e23de00 Exception <a 'java/lang/ClassNotFoundException'{0x0000000085e72520}: org/gradle/api/internal/artifacts/DefaultArtifactRepositoryContainerCustomizer> (0x0000000085e72520) 
thrown [s\src\hotspot\share\classfile\systemDictionary.cpp, line 256]
Event: 71.068 Thread 0x0000021a7e23de00 Exception <a 'java/lang/ClassNotFoundException'{0x0000000085eb5238}: org/gradle/api/internal/artifacts/dsl/DefaultRepositoryHandlerCustomizer> (0x0000000085eb5238) 
thrown [s\src\hotspot\share\classfile\systemDictionary.cpp, line 256]
Event: 71.102 Thread 0x0000021a7e23de00 Exception <a 'java/lang/ClassNotFoundException'{0x00000000877078e0}: org/gradle/api/internal/artifacts/dsl/DefaultRepositoryHandler_DecoratedCustomizer> (0x00000000877078e0) 
thrown [s\src\hotspot\share\classfile\systemDictionary.cpp, line 256]
Event: 71.145 Thread 0x0000021a7e23de00 Exception <a 'java/lang/ClassNotFoundException'{0x00000000877d0970}: org/gradle/api/internal/artifacts/dsl/dependencies/DefaultDependencyHandler_DecoratedBeanInfo> (0x00000000877d0970) 
thrown [s\src\hotspot\share\classfile\systemDictionary.cpp, line 256]
Event: 71.148 Thread 0x0000021a7e23de00 Exception <a 'java/lang/ClassNotFoundException'{0x00000000877e9e78}: org/gradle/api/internal/artifacts/dsl/dependencies/DefaultDependencyHandlerBeanInfo> (0x00000000877e9e78) 
thrown [s\src\hotspot\share\classfile\systemDictionary.cpp, line 256]
Event: 71.151 Thread 0x0000021a7e23de00 Exception <a 'java/lang/ClassNotFoundException'{0x0000000087603ab0}: org/gradle/api/internal/artifacts/dsl/dependencies/DefaultDependencyHandlerCustomizer> (0x0000000087603ab0) 
thrown [s\src\hotspot\share\classfile\systemDictionary.cpp, line 256]
Event: 71.156 Thread 0x0000021a7e23de00 Exception <a 'java/lang/ClassNotFoundException'{0x0000000087650070}: org/gradle/api/internal/artifacts/dsl/dependencies/DefaultDependencyHandler_DecoratedCustomizer> (0x0000000087650070) 
thrown [s\src\hotspot\share\classfile\systemDictionary.cpp, line 256]
Event: 72.867 Thread 0x0000021a00e29c40 Exception <a 'sun/nio/fs/WindowsException'{0x00000000861c1f60}> (0x00000000861c1f60) 
thrown [s\src\hotspot\share\prims\jni.cpp, line 516]
Event: 72.868 Thread 0x0000021a00e29c40 Exception <a 'sun/nio/fs/WindowsException'{0x00000000861c8008}> (0x00000000861c8008) 
thrown [s\src\hotspot\share\prims\jni.cpp, line 516]
Event: 72.869 Thread 0x0000021a00e29c40 Exception <a 'sun/nio/fs/WindowsException'{0x00000000861ca9e8}> (0x00000000861ca9e8) 
thrown [s\src\hotspot\share\prims\jni.cpp, line 516]
Event: 72.870 Thread 0x0000021a00e29c40 Exception <a 'sun/nio/fs/WindowsException'{0x00000000861cd000}> (0x00000000861cd000) 
thrown [s\src\hotspot\share\prims\jni.cpp, line 516]
Event: 78.417 Thread 0x0000021a7e23de00 Exception <a 'java/lang/ClassNotFoundException'{0x0000000087634a00}: build_ezi6g5ctqi8uu6tlhbroaegd0BeanInfo> (0x0000000087634a00) 
thrown [s\src\hotspot\share\classfile\systemDictionary.cpp, line 256]
Event: 78.419 Thread 0x0000021a7e23de00 Exception <a 'java/lang/ClassNotFoundException'{0x000000008763c178}: build_ezi6g5ctqi8uu6tlhbroaegd0Customizer> (0x000000008763c178) 
thrown [s\src\hotspot\share\classfile\systemDictionary.cpp, line 256]
Event: 79.202 Thread 0x0000021a7e23de00 Exception <a 'java/lang/ClassNotFoundException'{0x0000000089efd100}: org/gradle/api/internal/plugins/DefaultObjectConfigurationActionBeanInfo> (0x0000000089efd100) 
thrown [s\src\hotspot\share\classfile\systemDictionary.cpp, line 256]
Event: 79.206 Thread 0x0000021a7e23de00 Exception <a 'java/lang/ClassNotFoundException'{0x0000000089d11e78}: org/gradle/api/internal/plugins/DefaultObjectConfigurationActionCustomizer> (0x0000000089d11e78) 
thrown [s\src\hotspot\share\classfile\systemDictionary.cpp, line 256]
Event: 79.635 Thread 0x0000021a7e23de00 Exception <a 'java/lang/ClassNotFoundException'{0x0000000089cbe8a8}: build_3t52yh6h9s73w1tazmbc55pumBeanInfo> (0x0000000089cbe8a8) 
thrown [s\src\hotspot\share\classfile\systemDictionary.cpp, line 256]
Event: 79.637 Thread 0x0000021a7e23de00 Exception <a 'java/lang/ClassNotFoundException'{0x0000000089ccc3c0}: build_3t52yh6h9s73w1tazmbc55pumCustomizer> (0x0000000089ccc3c0) 
thrown [s\src\hotspot\share\classfile\systemDictionary.cpp, line 256]

VM Operations (20 events):
Event: 77.804 Executing VM operation: G1CollectForAllocation done
Event: 78.476 Executing VM operation: G1TryInitiateConcMark
Event: 78.487 Executing VM operation: G1TryInitiateConcMark done
Event: 78.618 Executing VM operation: HandshakeAllThreads
Event: 78.618 Executing VM operation: HandshakeAllThreads done
Event: 78.859 Executing VM operation: G1PauseRemark
Event: 78.870 Executing VM operation: G1PauseRemark done
Event: 79.034 Executing VM operation: G1PauseCleanup
Event: 79.034 Executing VM operation: G1PauseCleanup done
Event: 80.038 Executing VM operation: Cleanup
Event: 80.038 Executing VM operation: Cleanup done
Event: 80.300 Executing VM operation: HandshakeAllThreads
Event: 80.301 Executing VM operation: HandshakeAllThreads done
Event: 80.717 Executing VM operation: G1CollectForAllocation
Event: 80.728 Executing VM operation: G1CollectForAllocation done
Event: 80.791 Executing VM operation: G1CollectForAllocation
Event: 80.802 Executing VM operation: G1CollectForAllocation done
Event: 81.802 Executing VM operation: Cleanup
Event: 81.802 Executing VM operation: Cleanup done
Event: 81.948 Executing VM operation: G1CollectForAllocation

Memory protections (0 events):
No events

Nmethod flushes (20 events):
Event: 70.628 Thread 0x0000021a7e008070 flushing  nmethod 0x0000021a4997a890
Event: 70.629 Thread 0x0000021a7e008070 flushing  nmethod 0x0000021a499ed310
Event: 70.629 Thread 0x0000021a7e008070 flushing  nmethod 0x0000021a499f0190
Event: 70.629 Thread 0x0000021a7e008070 flushing  nmethod 0x0000021a49a7b510
Event: 70.629 Thread 0x0000021a7e008070 flushing  nmethod 0x0000021a49a7b990
Event: 70.629 Thread 0x0000021a7e008070 flushing  nmethod 0x0000021a49a82290
Event: 70.629 Thread 0x0000021a7e008070 flushing  nmethod 0x0000021a49a82c90
Event: 70.629 Thread 0x0000021a7e008070 flushing  nmethod 0x0000021a49a83310
Event: 70.629 Thread 0x0000021a7e008070 flushing  nmethod 0x0000021a49a88310
Event: 70.629 Thread 0x0000021a7e008070 flushing  nmethod 0x0000021a49a8c210
Event: 70.630 Thread 0x0000021a7e008070 flushing  nmethod 0x0000021a49a91390
Event: 70.630 Thread 0x0000021a7e008070 flushing  nmethod 0x0000021a49a91890
Event: 70.630 Thread 0x0000021a7e008070 flushing  nmethod 0x0000021a49b15c90
Event: 70.630 Thread 0x0000021a7e008070 flushing  nmethod 0x0000021a49b1f490
Event: 70.631 Thread 0x0000021a7e008070 flushing  nmethod 0x0000021a49b88490
Event: 70.632 Thread 0x0000021a7e008070 flushing  nmethod 0x0000021a49c76090
Event: 70.633 Thread 0x0000021a7e008070 flushing  nmethod 0x0000021a49cfc410
Event: 80.318 Thread 0x0000021a7e008070 flushing  nmethod 0x0000021a49406410
Event: 80.331 Thread 0x0000021a7e008070 flushing  nmethod 0x0000021a49d05690
Event: 80.331 Thread 0x0000021a7e008070 flushing  nmethod 0x0000021a49d0a390

Events (20 events):
Event: 69.015 Thread 0x0000021a7e23de00 Thread added: 0x0000021a011cba80
Event: 69.015 Thread 0x0000021a7e23de00 Thread added: 0x0000021a011cbf90
Event: 69.015 Thread 0x0000021a7e23de00 Thread added: 0x0000021a011cc4a0
Event: 69.077 Thread 0x0000021a7e23de00 Thread added: 0x0000021a011c6470
Event: 69.078 Thread 0x0000021a029de590 Thread exited: 0x0000021a029de590
Event: 69.078 Thread 0x0000021a7e23de00 Thread added: 0x0000021a011c6e90
Event: 69.080 Thread 0x0000021a7e23de00 Thread added: 0x0000021a011c73a0
Event: 69.188 Thread 0x0000021a7e23de00 Thread added: 0x0000021a011c7dc0
Event: 69.192 Thread 0x0000021a7e23de00 Thread added: 0x0000021a011c82d0
Event: 69.194 Thread 0x0000021a7e23de00 Thread added: 0x0000021a011c8cf0
Event: 69.301 Thread 0x0000021a5ebec2f0 Thread added: 0x0000021a01b940f0
Event: 69.677 Thread 0x0000021a7e23de00 Thread added: 0x0000021a011c9200
Event: 71.839 Thread 0x0000021a01b940f0 Thread exited: 0x0000021a01b940f0
Event: 72.157 Thread 0x0000021a5ebec2f0 Thread added: 0x0000021a00260280
Event: 72.488 Thread 0x0000021a00e29c40 Thread added: 0x0000021a011cab50
Event: 72.490 Thread 0x0000021a00e29c40 Thread added: 0x0000021a011c9c20
Event: 72.490 Thread 0x0000021a00e29c40 Thread added: 0x0000021a011ca130
Event: 72.973 Thread 0x0000021a00260280 Thread exited: 0x0000021a00260280
Event: 73.786 Thread 0x0000021a5ebec2f0 Thread added: 0x0000021a03b41290
Event: 78.641 Thread 0x0000021a03b41290 Thread exited: 0x0000021a03b41290


Dynamic libraries:
0x00007ff6088b0000 - 0x00007ff6088be000 	C:\Program Files\Microsoft\jdk-17.0.15.6-hotspot\bin\java.exe
0x00007ffb446b0000 - 0x00007ffb448a8000 	C:\Windows\SYSTEM32\ntdll.dll
0x00007ffb42730000 - 0x00007ffb427f2000 	C:\Windows\System32\KERNEL32.DLL
0x00007ffb42030000 - 0x00007ffb42326000 	C:\Windows\System32\KERNELBASE.dll
0x00007ffb41df0000 - 0x00007ffb41ef0000 	C:\Windows\System32\ucrtbase.dll
0x00007ffb3c7c0000 - 0x00007ffb3c7d7000 	C:\Program Files\Microsoft\jdk-17.0.15.6-hotspot\bin\jli.dll
0x00007ffb43250000 - 0x00007ffb433ed000 	C:\Windows\System32\USER32.dll
0x00007ffb41f70000 - 0x00007ffb41f92000 	C:\Windows\System32\win32u.dll
0x00007ffb43bc0000 - 0x00007ffb43beb000 	C:\Windows\System32\GDI32.dll
0x00007ffb42330000 - 0x00007ffb42449000 	C:\Windows\System32\gdi32full.dll
0x00007ffb42630000 - 0x00007ffb426cd000 	C:\Windows\System32\msvcp_win.dll
0x00007ffb3c400000 - 0x00007ffb3c41d000 	C:\Program Files\Microsoft\jdk-17.0.15.6-hotspot\bin\VCRUNTIME140.dll
0x00007ffb373c0000 - 0x00007ffb3765a000 	C:\Windows\WinSxS\amd64_microsoft.windows.common-controls_6595b64144ccf1df_6.0.19041.5915_none_60b4b9d171f9c7c7\COMCTL32.dll
0x00007ffb43b20000 - 0x00007ffb43bbe000 	C:\Windows\System32\msvcrt.dll
0x00007ffb43bf0000 - 0x00007ffb43c1f000 	C:\Windows\System32\IMM32.DLL
0x00007ffb3c070000 - 0x00007ffb3c07c000 	C:\Program Files\Microsoft\jdk-17.0.15.6-hotspot\bin\vcruntime140_1.dll
0x00007ffb196b0000 - 0x00007ffb1973d000 	C:\Program Files\Microsoft\jdk-17.0.15.6-hotspot\bin\msvcp140.dll
0x00007ffb0b780000 - 0x00007ffb0c3f2000 	C:\Program Files\Microsoft\jdk-17.0.15.6-hotspot\bin\server\jvm.dll
0x00007ffb44060000 - 0x00007ffb44111000 	C:\Windows\System32\ADVAPI32.dll
0x00007ffb44370000 - 0x00007ffb4440f000 	C:\Windows\System32\sechost.dll
0x00007ffb44240000 - 0x00007ffb44363000 	C:\Windows\System32\RPCRT4.dll
0x00007ffb41f40000 - 0x00007ffb41f67000 	C:\Windows\System32\bcrypt.dll
0x00007ffb431e0000 - 0x00007ffb4324b000 	C:\Windows\System32\WS2_32.dll
0x00007ffb41ba0000 - 0x00007ffb41beb000 	C:\Windows\SYSTEM32\POWRPROF.dll
0x00007ffb37aa0000 - 0x00007ffb37ac7000 	C:\Windows\SYSTEM32\WINMM.dll
0x00007ffb39640000 - 0x00007ffb3964a000 	C:\Windows\SYSTEM32\VERSION.dll
0x00007ffb41b80000 - 0x00007ffb41b92000 	C:\Windows\SYSTEM32\UMPDC.dll
0x00007ffb3fbc0000 - 0x00007ffb3fbd2000 	C:\Windows\SYSTEM32\kernel.appcore.dll
0x00007ffb3c060000 - 0x00007ffb3c06a000 	C:\Program Files\Microsoft\jdk-17.0.15.6-hotspot\bin\jimage.dll
0x00007ffb3a370000 - 0x00007ffb3a571000 	C:\Windows\SYSTEM32\DBGHELP.DLL
0x00007ffb3a330000 - 0x00007ffb3a364000 	C:\Windows\SYSTEM32\dbgcore.DLL
0x00007ffb41fa0000 - 0x00007ffb42022000 	C:\Windows\System32\bcryptPrimitives.dll
0x00007ffb3bf40000 - 0x00007ffb3bf4e000 	C:\Program Files\Microsoft\jdk-17.0.15.6-hotspot\bin\instrument.dll
0x00007ffb337d0000 - 0x00007ffb337f5000 	C:\Program Files\Microsoft\jdk-17.0.15.6-hotspot\bin\java.dll
0x00007ffb195d0000 - 0x00007ffb196a6000 	C:\Program Files\Microsoft\jdk-17.0.15.6-hotspot\bin\jsvml.dll
0x00007ffb42830000 - 0x00007ffb42f9e000 	C:\Windows\System32\SHELL32.dll
0x00007ffb3fdc0000 - 0x00007ffb40564000 	C:\Windows\SYSTEM32\windows.storage.dll
0x00007ffb43c80000 - 0x00007ffb43fd3000 	C:\Windows\System32\combase.dll
0x00007ffb416a0000 - 0x00007ffb416cb000 	C:\Windows\SYSTEM32\Wldp.dll
0x00007ffb42fb0000 - 0x00007ffb4307d000 	C:\Windows\System32\OLEAUT32.dll
0x00007ffb445c0000 - 0x00007ffb4466d000 	C:\Windows\System32\SHCORE.dll
0x00007ffb43110000 - 0x00007ffb4316b000 	C:\Windows\System32\shlwapi.dll
0x00007ffb41c70000 - 0x00007ffb41c94000 	C:\Windows\SYSTEM32\profapi.dll
0x00007ffb38cd0000 - 0x00007ffb38ce8000 	C:\Program Files\Microsoft\jdk-17.0.15.6-hotspot\bin\zip.dll
0x00007ffb38c90000 - 0x00007ffb38caa000 	C:\Program Files\Microsoft\jdk-17.0.15.6-hotspot\bin\net.dll
0x00007ffb3a680000 - 0x00007ffb3a78a000 	C:\Windows\SYSTEM32\WINHTTP.dll
0x00007ffb41400000 - 0x00007ffb4146a000 	C:\Windows\system32\mswsock.dll
0x00007ffb38750000 - 0x00007ffb38766000 	C:\Program Files\Microsoft\jdk-17.0.15.6-hotspot\bin\nio.dll
0x00007ffb3be00000 - 0x00007ffb3be10000 	C:\Program Files\Microsoft\jdk-17.0.15.6-hotspot\bin\verify.dll
0x00007ffb3a8c0000 - 0x00007ffb3a8e7000 	C:\Users\Dell\.gradle\native\1def1411415f61bf3af743bc5b6707747c0891f09f0c88961ee8f79bc544acac\windows-amd64\native-platform.dll
0x00007ffb19550000 - 0x00007ffb195c8000 	C:\Users\Dell\.gradle\native\0.2.7\x86_64-windows-gnu\gradle-fileevents.dll
0x00007ffb3a8b0000 - 0x00007ffb3a8ba000 	C:\Program Files\Microsoft\jdk-17.0.15.6-hotspot\bin\management.dll
0x00007ffb396f0000 - 0x00007ffb396fb000 	C:\Program Files\Microsoft\jdk-17.0.15.6-hotspot\bin\management_ext.dll
0x00007ffb43170000 - 0x00007ffb43178000 	C:\Windows\System32\PSAPI.DLL
0x00007ffb410e0000 - 0x00007ffb4111b000 	C:\Windows\SYSTEM32\IPHLPAPI.DLL
0x00007ffb42820000 - 0x00007ffb42828000 	C:\Windows\System32\NSI.dll
0x00007ffb3aa60000 - 0x00007ffb3aa77000 	C:\Windows\SYSTEM32\dhcpcsvc6.DLL
0x00007ffb3ba70000 - 0x00007ffb3ba8d000 	C:\Windows\SYSTEM32\dhcpcsvc.DLL
0x00007ffb41120000 - 0x00007ffb411ea000 	C:\Windows\SYSTEM32\DNSAPI.dll
0x00007ffb38250000 - 0x00007ffb38259000 	C:\Program Files\Microsoft\jdk-17.0.15.6-hotspot\bin\extnet.dll
0x00007ffb415f0000 - 0x00007ffb41608000 	C:\Windows\SYSTEM32\CRYPTSP.dll
0x00007ffb40d20000 - 0x00007ffb40d58000 	C:\Windows\system32\rsaenh.dll
0x00007ffb41c30000 - 0x00007ffb41c5e000 	C:\Windows\SYSTEM32\USERENV.dll
0x00007ffb41610000 - 0x00007ffb4161c000 	C:\Windows\SYSTEM32\CRYPTBASE.dll
0x00007ffb37210000 - 0x00007ffb3721e000 	C:\Program Files\Microsoft\jdk-17.0.15.6-hotspot\bin\sunmscapi.dll
0x00007ffb42450000 - 0x00007ffb425ad000 	C:\Windows\System32\CRYPT32.dll
0x00007ffb41710000 - 0x00007ffb41737000 	C:\Windows\SYSTEM32\ncrypt.dll
0x00007ffb416d0000 - 0x00007ffb4170b000 	C:\Windows\SYSTEM32\NTASN1.dll
0x00007ffb3cad0000 - 0x00007ffb3cad7000 	C:\Windows\system32\wshunix.dll

dbghelp: loaded successfully - version: 4.0.5 - missing functions: none
symbol engine: initialized successfully - sym options: 0x614 - pdb path: .;C:\Program Files\Microsoft\jdk-17.0.15.6-hotspot\bin;C:\Windows\SYSTEM32;C:\Windows\WinSxS\amd64_microsoft.windows.common-controls_6595b64144ccf1df_6.0.19041.5915_none_60b4b9d171f9c7c7;C:\Program Files\Microsoft\jdk-17.0.15.6-hotspot\bin\server;C:\Users\Dell\.gradle\native\1def1411415f61bf3af743bc5b6707747c0891f09f0c88961ee8f79bc544acac\windows-amd64;C:\Users\Dell\.gradle\native\0.2.7\x86_64-windows-gnu

VM Arguments:
jvm_args: --add-opens=java.base/java.lang=ALL-UNNAMED --add-opens=java.base/java.lang.invoke=ALL-UNNAMED --add-opens=java.base/java.util=ALL-UNNAMED --add-opens=java.prefs/java.util.prefs=ALL-UNNAMED --add-exports=jdk.compiler/com.sun.tools.javac.api=ALL-UNNAMED --add-exports=jdk.compiler/com.sun.tools.javac.util=ALL-UNNAMED --add-opens=java.base/java.util=ALL-UNNAMED --add-opens=java.prefs/java.util.prefs=ALL-UNNAMED --add-opens=java.base/java.nio.charset=ALL-UNNAMED --add-opens=java.base/java.net=ALL-UNNAMED --add-opens=java.base/java.util.concurrent.atomic=ALL-UNNAMED --add-opens=java.xml/javax.xml.namespace=ALL-UNNAMED -XX:MaxMetaspaceSize=512m -Xmx2048m -Dfile.encoding=UTF-8 -Duser.country=US -Duser.language=en -Duser.variant -javaagent:C:\Users\Dell\.gradle\wrapper\dists\gradle-8.14.1-bin\baw1sv0jfoi8rxs14qo3h49cs\gradle-8.14.1\lib\agents\gradle-instrumentation-agent-8.14.1.jar 
java_command: org.gradle.launcher.daemon.bootstrap.GradleDaemon 8.14.1
java_class_path (initial): C:\Users\Dell\.gradle\wrapper\dists\gradle-8.14.1-bin\baw1sv0jfoi8rxs14qo3h49cs\gradle-8.14.1\lib\gradle-daemon-main-8.14.1.jar
Launcher Type: SUN_STANDARD

[Global flags]
     intx CICompilerCount                          = 3                                         {product} {ergonomic}
   size_t CompressedClassSpaceSize                 = 436207616                                 {product} {ergonomic}
     uint ConcGCThreads                            = 1                                         {product} {ergonomic}
     uint G1ConcRefinementThreads                  = 4                                         {product} {ergonomic}
   size_t G1HeapRegionSize                         = 1048576                                   {product} {ergonomic}
    uintx GCDrainStackTargetSize                   = 64                                        {product} {ergonomic}
   size_t InitialHeapSize                          = 134217728                                 {product} {ergonomic}
   size_t MarkStackSize                            = 4194304                                   {product} {ergonomic}
   size_t MaxHeapSize                              = 2147483648                                {product} {command line}
   size_t MaxMetaspaceSize                         = 536870912                                 {product} {command line}
   size_t MaxNewSize                               = 1287651328                                {product} {ergonomic}
   size_t MinHeapDeltaBytes                        = 1048576                                   {product} {ergonomic}
   size_t MinHeapSize                              = 8388608                                   {product} {ergonomic}
    uintx NonNMethodCodeHeapSize                   = 5832780                                {pd product} {ergonomic}
    uintx NonProfiledCodeHeapSize                  = 122912730                              {pd product} {ergonomic}
    uintx ProfiledCodeHeapSize                     = 122912730                              {pd product} {ergonomic}
    uintx ReservedCodeCacheSize                    = 251658240                              {pd product} {ergonomic}
     bool SegmentedCodeCache                       = true                                      {product} {ergonomic}
   size_t SoftMaxHeapSize                          = 2147483648                             {manageable} {ergonomic}
     bool UseCompressedClassPointers               = true                           {product lp64_product} {ergonomic}
     bool UseCompressedOops                        = true                           {product lp64_product} {ergonomic}
     bool UseG1GC                                  = true                                      {product} {ergonomic}
     bool UseLargePagesIndividualAllocation        = false                                  {pd product} {ergonomic}

Logging:
Log output configuration:
 #0: stdout all=warning uptime,level,tags
 #1: stderr all=off uptime,level,tags

Environment Variables:
JAVA_HOME=C:\Program Files\Microsoft\jdk-17.0.15.6-hotspot\
PATH=C:\Program Files\Microsoft\jdk-17.0.15.6-hotspot\bin;C:\Python313\Scripts\;C:\Python313\;C:\Windows\system32;C:\Windows;C:\Windows\System32\Wbem;C:\Windows\System32\WindowsPowerShell\v1.0\;C:\Windows\System32\OpenSSH\;C:\Program Files\Git\cmd;C:\ProgramData\chocolatey\bin;C:\Program Files\nodejs\;C:\Users\Dell\AppData\Local\Microsoft\WindowsApps;C:\Users\Dell\AppData\Local\Programs\Microsoft VS Code\bin;C:\Users\Dell\AppData\Roaming\npm;C:\Users\Dell\AppData\Local\Android\Sdk\platform-tools;C:\Users\Dell\AppData\Local\Programs\cursor\resources\app\bin
USERNAME=Dell
OS=Windows_NT
PROCESSOR_IDENTIFIER=Intel64 Family 6 Model 69 Stepping 1, GenuineIntel
TMP=C:\Users\Dell\AppData\Local\Temp
TEMP=C:\Users\Dell\AppData\Local\Temp



Periodic native trim disabled


---------------  S Y S T E M  ---------------

OS:
 Windows 10 , 64 bit Build 19041 (10.0.19041.5915)
OS uptime: 4 days 14:06 hours

CPU: total 4 (initial active 4) (2 cores per cpu, 2 threads per core) family 6 model 69 stepping 1 microcode 0x25, cx8, cmov, fxsr, ht, mmx, sse, sse2, sse3, ssse3, sse4.1, sse4.2, popcnt, lzcnt, tsc, tscinvbit, avx, avx2, aes, erms, clmul, bmi1, bmi2, fma, vzeroupper, clflush
Processor Information for the first 4 processors :
  Max Mhz: 1700, Current Mhz: 1700, Mhz Limit: 1700

Memory: 4k page, system-wide physical 8096M (405M free)
TotalPageFile size 32672M (AvailPageFile size 98M)
current process WorkingSet (physical memory assigned to process): 390M, peak: 390M
current process commit charge ("private bytes"): 426M, peak: 527M

vm_info: OpenJDK 64-Bit Server VM (17.0.15+6-LTS) for windows-amd64 JRE (17.0.15+6-LTS), built on Apr  9 2025 22:27:25 by "MicrosoftCorporation" with unknown MS VC++:1939

END.
