#
# There is insufficient memory for the Java Runtime Environment to continue.
# Native memory allocation (malloc) failed to allocate 1048576 bytes for AllocateHeap
# Possible reasons:
#   The system is out of physical RAM or swap space
#   The process is running with CompressedOops enabled, and the Java Heap may be blocking the growth of the native heap
# Possible solutions:
#   Reduce memory load on the system
#   Increase physical memory or swap space
#   Check if swap backing store is full
#   Decrease Java heap size (-Xmx/-Xms)
#   Decrease number of Java threads
#   Decrease Java thread stack sizes (-Xss)
#   Set larger code cache with -XX:ReservedCodeCacheSize=
#   JVM is running with Unscaled Compressed Oops mode in which the Java heap is
#     placed in the first 4GB address space. The Java Heap base address is the
#     maximum limit for the native heap growth. Please use -XX:HeapBaseMinAddress
#     to set the Java Heap base and to place the Java Heap above 4GB virtual address.
# This output file may be truncated or incomplete.
#
#  Out of Memory Error (allocation.cpp:44), pid=180512, tid=180996
#
# JRE version:  (17.0.12+8) (build )
# Java VM: Java HotSpot(TM) 64-Bit Server VM (17.0.12+8-LTS-286, mixed mode, sharing, tiered, compressed oops, compressed class ptrs, g1 gc, windows-amd64)
# No core dump will be written. Minidumps are not enabled by default on client versions of Windows
#

---------------  S U M M A R Y ------------

Command Line: -Xmx64m -Xms64m -Dorg.gradle.appname=gradlew D:\Mau\Projects\Web Development\React Native\FarmerPayA\android\\gradle\wrapper\gradle-wrapper.jar app:installDebug -PreactNativeDevServerPort=8081

Host: 12th Gen Intel(R) Core(TM) i5-1235U, 12 cores, 15G,  Windows 11 , 64 bit Build 26100 (10.0.26100.4484)
Time: Sat Jul 12 14:17:32 2025 India Standard Time elapsed time: 0.015153 seconds (0d 0h 0m 0s)

---------------  T H R E A D  ---------------

Current thread (0x000001fc3c72bee0):  JavaThread "Unknown thread" [_thread_in_vm, id=180996, stack(0x0000001e0c800000,0x0000001e0c900000)]

Stack: [0x0000001e0c800000,0x0000001e0c900000]
Native frames: (J=compiled Java code, j=interpreted, Vv=VM code, C=native code)
V  [jvm.dll+0x67a04a]
V  [jvm.dll+0x7da4ed]
V  [jvm.dll+0x7dbe33]
V  [jvm.dll+0x7dc4a3]
V  [jvm.dll+0x24508f]
V  [jvm.dll+0xa5e2b]
V  [jvm.dll+0x2d4e37]
V  [jvm.dll+0x7ac9ec]
V  [jvm.dll+0x367591]
V  [jvm.dll+0x78b999]
V  [jvm.dll+0x3ec83f]
V  [jvm.dll+0x3ee471]
C  [jli.dll+0x5297]
C  [ucrtbase.dll+0x37b0]
C  [KERNEL32.DLL+0x2e8d7]
C  [ntdll.dll+0x3c34c]


---------------  P R O C E S S  ---------------

Threads class SMR info:
_java_thread_list=0x00007ff8927e7a18, length=0, elements={
}

Java Threads: ( => current thread )

Other Threads:

=>0x000001fc3c72bee0 (exited) JavaThread "Unknown thread" [_thread_in_vm, id=180996, stack(0x0000001e0c800000,0x0000001e0c900000)]

Threads with active compile tasks:

VM state: not at safepoint (not fully initialized)

VM Mutex/Monitor currently owned by a thread: None

Heap address: 0x0000000000000000, size: 0 MB, Compressed Oops mode: 32-bit

CDS archive(s) mapped at: [0x0000000000000000-0x0000000000000000-0x0000000000000000), size 0, SharedBaseAddress: 0x0000000800000000, ArchiveRelocationMode: 1.
Narrow klass base: 0x0000000000000000, Narrow klass shift: 0, Narrow klass range: 0x0

GC Precious Log:
<Empty>

GC Heap History (0 events):
No events

Deoptimization events (0 events):
No events

Classes unloaded (0 events):
No events

Classes redefined (0 events):
No events

Internal exceptions (0 events):
No events

VM Operations (0 events):
No events

Events (1 events):
Event: 0.010 Loaded shared library C:\Program Files\Java\jdk-17\bin\java.dll


Dynamic libraries:
0x00007ff6517e0000 - 0x00007ff6517f0000 	C:\Program Files\Java\jdk-17\bin\java.exe
0x00007ff92b3e0000 - 0x00007ff92b648000 	C:\WINDOWS\SYSTEM32\ntdll.dll
0x00007ff92adf0000 - 0x00007ff92aeb9000 	C:\WINDOWS\System32\KERNEL32.DLL
0x00007ff928530000 - 0x00007ff92891d000 	C:\WINDOWS\System32\KERNELBASE.dll
0x00007ff928ed0000 - 0x00007ff92901b000 	C:\WINDOWS\System32\ucrtbase.dll
0x00007ff8ed1e0000 - 0x00007ff8ed1f9000 	C:\Program Files\Java\jdk-17\bin\jli.dll
0x00007ff8ece50000 - 0x00007ff8ece6b000 	C:\Program Files\Java\jdk-17\bin\VCRUNTIME140.dll
0x00007ff929510000 - 0x00007ff9295c4000 	C:\WINDOWS\System32\ADVAPI32.dll
0x00007ff929be0000 - 0x00007ff929c89000 	C:\WINDOWS\System32\msvcrt.dll
0x00007ff92b040000 - 0x00007ff92b0e6000 	C:\WINDOWS\System32\sechost.dll
0x00007ff929680000 - 0x00007ff929798000 	C:\WINDOWS\System32\RPCRT4.dll
0x00007ff9298a0000 - 0x00007ff929a6c000 	C:\WINDOWS\System32\USER32.dll
0x00007ff928a60000 - 0x00007ff928a87000 	C:\WINDOWS\System32\win32u.dll
0x00007ff92aff0000 - 0x00007ff92b01b000 	C:\WINDOWS\System32\GDI32.dll
0x00007ff928a90000 - 0x00007ff928bc7000 	C:\WINDOWS\System32\gdi32full.dll
0x00007ff902880000 - 0x00007ff902b1a000 	C:\WINDOWS\WinSxS\amd64_microsoft.windows.common-controls_6595b64144ccf1df_6.0.26100.4484_none_3e0e6d4ce32ef3b3\COMCTL32.dll
0x00007ff928920000 - 0x00007ff9289c3000 	C:\WINDOWS\System32\msvcp_win.dll
0x00007ff914e70000 - 0x00007ff914e7b000 	C:\WINDOWS\SYSTEM32\VERSION.dll
0x00007ff92b0f0000 - 0x00007ff92b11f000 	C:\WINDOWS\System32\IMM32.DLL
0x00007ff916380000 - 0x00007ff91638c000 	C:\Program Files\Java\jdk-17\bin\vcruntime140_1.dll
0x00007ff8b9900000 - 0x00007ff8b998e000 	C:\Program Files\Java\jdk-17\bin\msvcp140.dll
0x00007ff891d30000 - 0x00007ff892910000 	C:\Program Files\Java\jdk-17\bin\server\jvm.dll
0x00007ff929c90000 - 0x00007ff929c98000 	C:\WINDOWS\System32\PSAPI.DLL
0x00007ff9167b0000 - 0x00007ff9167ba000 	C:\WINDOWS\SYSTEM32\WSOCK32.dll
0x00007ff91db50000 - 0x00007ff91db85000 	C:\WINDOWS\SYSTEM32\WINMM.dll
0x00007ff92ac80000 - 0x00007ff92acf4000 	C:\WINDOWS\System32\WS2_32.dll
0x00007ff927230000 - 0x00007ff92724b000 	C:\WINDOWS\SYSTEM32\kernel.appcore.dll
0x00007ff8f5ff0000 - 0x00007ff8f5ffa000 	C:\Program Files\Java\jdk-17\bin\jimage.dll
0x00007ff925c80000 - 0x00007ff925ec1000 	C:\WINDOWS\SYSTEM32\DBGHELP.DLL
0x00007ff929180000 - 0x00007ff929506000 	C:\WINDOWS\System32\combase.dll
0x00007ff92ad00000 - 0x00007ff92ade0000 	C:\WINDOWS\System32\OLEAUT32.dll
0x00007ff902590000 - 0x00007ff9025d3000 	C:\WINDOWS\SYSTEM32\dbgcore.DLL
0x00007ff929020000 - 0x00007ff9290b9000 	C:\WINDOWS\System32\bcryptPrimitives.dll
0x00007ff8c8b10000 - 0x00007ff8c8b35000 	C:\Program Files\Java\jdk-17\bin\java.dll

dbghelp: loaded successfully - version: 4.0.5 - missing functions: none
symbol engine: initialized successfully - sym options: 0x614 - pdb path: .;C:\Program Files\Java\jdk-17\bin;C:\WINDOWS\SYSTEM32;C:\WINDOWS\WinSxS\amd64_microsoft.windows.common-controls_6595b64144ccf1df_6.0.26100.4484_none_3e0e6d4ce32ef3b3;C:\Program Files\Java\jdk-17\bin\server

VM Arguments:
jvm_args: -Xmx64m -Xms64m -Dorg.gradle.appname=gradlew 
java_command: D:\Mau\Projects\Web Development\React Native\FarmerPayA\android\\gradle\wrapper\gradle-wrapper.jar app:installDebug -PreactNativeDevServerPort=8081
java_class_path (initial): D:\Mau\Projects\Web Development\React Native\FarmerPayA\android\\gradle\wrapper\gradle-wrapper.jar
Launcher Type: SUN_STANDARD

[Global flags]
     intx CICompilerCount                          = 4                                         {product} {ergonomic}
     uint ConcGCThreads                            = 3                                         {product} {ergonomic}
     uint G1ConcRefinementThreads                  = 10                                        {product} {ergonomic}
   size_t G1HeapRegionSize                         = 1048576                                   {product} {ergonomic}
    uintx GCDrainStackTargetSize                   = 64                                        {product} {ergonomic}
   size_t InitialHeapSize                          = 67108864                                  {product} {command line}
   size_t MarkStackSize                            = 4194304                                   {product} {ergonomic}
   size_t MaxHeapSize                              = 67108864                                  {product} {command line}
   size_t MinHeapDeltaBytes                        = 1048576                                   {product} {ergonomic}
   size_t MinHeapSize                              = 67108864                                  {product} {command line}
    uintx NonNMethodCodeHeapSize                   = 5839372                                {pd product} {ergonomic}
    uintx NonProfiledCodeHeapSize                  = 122909434                              {pd product} {ergonomic}
    uintx ProfiledCodeHeapSize                     = 122909434                              {pd product} {ergonomic}
    uintx ReservedCodeCacheSize                    = 251658240                              {pd product} {ergonomic}
     bool SegmentedCodeCache                       = true                                      {product} {ergonomic}
   size_t SoftMaxHeapSize                          = 67108864                               {manageable} {ergonomic}
     bool UseCompressedClassPointers               = true                           {product lp64_product} {ergonomic}
     bool UseCompressedOops                        = true                           {product lp64_product} {ergonomic}
     bool UseG1GC                                  = true                                      {product} {ergonomic}
     bool UseLargePagesIndividualAllocation        = false                                  {pd product} {ergonomic}

Logging:
Log output configuration:
 #0: stdout all=warning uptime,level,tags
 #1: stderr all=off uptime,level,tags

Environment Variables:
JAVA_HOME=C:\Program Files\Java\jdk-17
PATH=D:\Mau\Projects\Web Development\React Native\FarmerPayA\node_modules\.bin;D:\Mau\Projects\Web Development\React Native\FarmerPayA\node_modules\.bin;D:\Mau\Projects\Web Development\React Native\node_modules\.bin;D:\Mau\Projects\Web Development\node_modules\.bin;D:\Mau\Projects\node_modules\.bin;D:\Mau\node_modules\.bin;D:\node_modules\.bin;C:\Users\Masoom\AppData\Roaming\npm\node_modules\npm\node_modules\@npmcli\run-script\lib\node-gyp-bin;C:\Users\Masoom\bin;C:\Program Files\Git\mingw64\bin;C:\Program Files\Git\usr\local\bin;C:\Program Files\Git\usr\bin;C:\Program Files\Git\usr\bin;C:\Program Files\Git\mingw64\bin;C:\Program Files\Git\usr\bin;C:\Users\Masoom\bin;C:\Program Files\Common Files\Oracle\Java\javapath;C:\windows\system32;C:\windows;C:\windows\System32\Wbem;C:\windows\System32\WindowsPowerShell\v1.0;C:\windows\System32\OpenSSH;C:\Program Files\Git\cmd;C:\Program Files\HP\HP One Agent;C:\Users\Masoom\flutter\bin;C:\Program Files\MinGW\bin;C:\ProgramData\chocolatey\bin;C:\WINDOWS\system32;C:\WINDOWS;C:\WINDOWS\System32\Wbem;C:\WINDOWS\System32\WindowsPowerShell\v1.0;C:\WINDOWS\System32\OpenSSH;D:\Program Files\Tesseract-OCR;C:\Program Files\Java\jdk-17\bin;C:\Program Files\apache-maven-3.9.9\bin;C:\Program Files\nodejs;C:\Program Files\Python312\Lib\site-packages;C:\Program Files\Python312;C:\Program Files\Python312\Scripts;C:\Program Files\Docker\Docker\resources\bin;C:\Users\Masoom\Flutter\src\flutter\bin;C:\Users\Masoom\AppData\Local\Android\Sdk\platform-tools;C:\Users\Masoom\AppData\Local\Android\Sdk\emulator;C:\Program Files\Java\jdk-17;C:\Program Files\Java\jdk-17\bin;C:\Users\Masoom\AppData\Local\Android\Sdk\platform-tools;C:\Users\Masoom\AppData\Local\Android\Sdk\emulator;C:\Program Files\MySQL\MySQL Shell 8.0\bin;C:\Users\Masoom\AppData\Local\Programs\Python\Python313\Scripts;C:\Users\Masoom\AppData\Local\Programs\Python\Python313;C:\Users\Masoom\AppData\Local\Programs\Microsoft VS Code\bin;C:\Program Files\Python311;C:\Program Files\Python311\Scr
USERNAME=Masoom
SHELL=C:\Program Files\Git\usr\bin\bash.exe
DISPLAY=needs-to-be-defined
LANG=en_US.UTF-8
OS=Windows_NT
PROCESSOR_IDENTIFIER=Intel64 Family 6 Model 154 Stepping 4, GenuineIntel



---------------  S Y S T E M  ---------------

OS:
 Windows 11 , 64 bit Build 26100 (10.0.26100.4484)
OS uptime: 0 days 7:38 hours
Hyper-V role detected

CPU: total 12 (initial active 12) (6 cores per cpu, 2 threads per core) family 6 model 154 stepping 4 microcode 0x42c, cx8, cmov, fxsr, ht, mmx, 3dnowpref, sse, sse2, sse3, ssse3, sse4.1, sse4.2, popcnt, lzcnt, tsc, tscinvbit, avx, avx2, aes, erms, clmul, bmi1, bmi2, adx, sha, fma, vzeroupper, clflush, clflushopt, clwb, hv

Memory: 4k page, system-wide physical 16055M (2598M free)
TotalPageFile size 37290M (AvailPageFile size 5M)
current process WorkingSet (physical memory assigned to process): 11M, peak: 11M
current process commit charge ("private bytes"): 14M, peak: 15M

vm_info: Java HotSpot(TM) 64-Bit Server VM (17.0.12+8-LTS-286) for windows-amd64 JRE (17.0.12+8-LTS-286), built on Jun  5 2024 06:46:59 by "mach5one" with MS VC++ 17.6 (VS2022)

END.
