#
# There is insufficient memory for the Java Runtime Environment to continue.
# Native memory allocation (mmap) failed to map 67108864 bytes for G1 virtual space
# Possible reasons:
#   The system is out of physical RAM or swap space
#   The process is running with CompressedOops enabled, and the Java Heap may be blocking the growth of the native heap
# Possible solutions:
#   Reduce memory load on the system
#   Increase physical memory or swap space
#   Check if swap backing store is full
#   Decrease Java heap size (-Xmx/-Xms)
#   Decrease number of Java threads
#   Decrease Java thread stack sizes (-Xss)
#   Set larger code cache with -XX:ReservedCodeCacheSize=
#   JVM is running with Unscaled Compressed Oops mode in which the Java heap is
#     placed in the first 4GB address space. The Java Heap base address is the
#     maximum limit for the native heap growth. Please use -XX:HeapBaseMinAddress
#     to set the Java Heap base and to place the Java Heap above 4GB virtual address.
# This output file may be truncated or incomplete.
#
#  Out of Memory Error (os_windows.cpp:3548), pid=159428, tid=153224
#
# JRE version:  (17.0.12+8) (build )
# Java VM: Java HotSpot(TM) 64-Bit Server VM (17.0.12+8-LTS-286, mixed mode, sharing, tiered, compressed oops, compressed class ptrs, g1 gc, windows-amd64)
# No core dump will be written. Minidumps are not enabled by default on client versions of Windows
#

---------------  S U M M A R Y ------------

Command Line: -Xmx64m -Xms64m -Dorg.gradle.appname=gradlew D:\Mau\Projects\Web Development\React Native\FarmerPayA\android\\gradle\wrapper\gradle-wrapper.jar app:installDebug -PreactNativeDevServerPort=8081

Host: 12th Gen Intel(R) Core(TM) i5-1235U, 12 cores, 15G,  Windows 11 , 64 bit Build 26100 (10.0.26100.4484)
Time: Tue Jul 22 13:27:25 2025 India Standard Time elapsed time: 0.018628 seconds (0d 0h 0m 0s)

---------------  T H R E A D  ---------------

Current thread (0x00000214581f4fc0):  JavaThread "Unknown thread" [_thread_in_vm, id=153224, stack(0x0000007fa5e00000,0x0000007fa5f00000)]

Stack: [0x0000007fa5e00000,0x0000007fa5f00000]
Native frames: (J=compiled Java code, j=interpreted, Vv=VM code, C=native code)
V  [jvm.dll+0x67a04a]
V  [jvm.dll+0x7da4ed]
V  [jvm.dll+0x7dbe33]
V  [jvm.dll+0x7dc4a3]
V  [jvm.dll+0x24508f]
V  [jvm.dll+0x677089]
V  [jvm.dll+0x66bd32]
V  [jvm.dll+0x301fa6]
V  [jvm.dll+0x309546]
V  [jvm.dll+0x359d2e]
V  [jvm.dll+0x359f5f]
V  [jvm.dll+0x2d9078]
V  [jvm.dll+0x2d9fe4]
V  [jvm.dll+0x7aca21]
V  [jvm.dll+0x367591]
V  [jvm.dll+0x78b999]
V  [jvm.dll+0x3ec83f]
V  [jvm.dll+0x3ee471]
C  [jli.dll+0x5297]
C  [ucrtbase.dll+0x37b0]
C  [KERNEL32.DLL+0x2e8d7]
C  [ntdll.dll+0x3c34c]


---------------  P R O C E S S  ---------------

Threads class SMR info:
_java_thread_list=0x00007ffa97077a18, length=0, elements={
}

Java Threads: ( => current thread )

Other Threads:
  0x0000021458219d20 GCTaskThread "GC Thread#0" [stack: 0x0000007fa5f00000,0x0000007fa6000000] [id=65964]
  0x000002145821c480 ConcurrentGCThread "G1 Main Marker" [stack: 0x0000007fa6000000,0x0000007fa6100000] [id=65780]
  0x000002145821db60 ConcurrentGCThread "G1 Conc#0" [stack: 0x0000007fa6100000,0x0000007fa6200000] [id=154500]

[error occurred during error reporting (printing all threads), id 0xc0000005, EXCEPTION_ACCESS_VIOLATION (0xc0000005) at pc=0x00007ffa968a9b67]

VM state: not at safepoint (not fully initialized)

VM Mutex/Monitor currently owned by a thread:  ([mutex/lock_event])
[0x00000214581f1ef0] Heap_lock - owner thread: 0x00000214581f4fc0

Heap address: 0x00000000fc000000, size: 64 MB, Compressed Oops mode: 32-bit

CDS archive(s) mapped at: [0x0000000000000000-0x0000000000000000-0x0000000000000000), size 0, SharedBaseAddress: 0x0000000800000000, ArchiveRelocationMode: 1.
Narrow klass base: 0x0000000000000000, Narrow klass shift: 0, Narrow klass range: 0x0

GC Precious Log:
<Empty>

Heap:
 garbage-first heap   total 0K, used 0K [0x00000000fc000000, 0x0000000100000000)
  region size 1024K, 0 young (0K), 0 survivors (0K)

[error occurred during error reporting (printing heap information), id 0xc0000005, EXCEPTION_ACCESS_VIOLATION (0xc0000005) at pc=0x00007ffa96c93859]

GC Heap History (0 events):
No events

Deoptimization events (0 events):
No events

Classes unloaded (0 events):
No events

Classes redefined (0 events):
No events

Internal exceptions (0 events):
No events

VM Operations (0 events):
No events

Events (1 events):
Event: 0.010 Loaded shared library C:\Program Files\Java\jdk-17\bin\java.dll


Dynamic libraries:
0x00007ff7bb9f0000 - 0x00007ff7bba00000 	C:\Program Files\Java\jdk-17\bin\java.exe
0x00007ffb7ff80000 - 0x00007ffb801e8000 	C:\WINDOWS\SYSTEM32\ntdll.dll
0x00007ffb7e510000 - 0x00007ffb7e5d9000 	C:\WINDOWS\System32\KERNEL32.DLL
0x00007ffb7d640000 - 0x00007ffb7da2d000 	C:\WINDOWS\System32\KERNELBASE.dll
0x00007ffb7d180000 - 0x00007ffb7d2cb000 	C:\WINDOWS\System32\ucrtbase.dll
0x00007ffb71c60000 - 0x00007ffb71c79000 	C:\Program Files\Java\jdk-17\bin\jli.dll
0x00007ffb21070000 - 0x00007ffb2108b000 	C:\Program Files\Java\jdk-17\bin\VCRUNTIME140.dll
0x00007ffb7e320000 - 0x00007ffb7e3d4000 	C:\WINDOWS\System32\ADVAPI32.dll
0x00007ffb7eee0000 - 0x00007ffb7ef89000 	C:\WINDOWS\System32\msvcrt.dll
0x00007ffb7f680000 - 0x00007ffb7f726000 	C:\WINDOWS\System32\sechost.dll
0x00007ffb7e770000 - 0x00007ffb7e888000 	C:\WINDOWS\System32\RPCRT4.dll
0x00007ffb7e890000 - 0x00007ffb7ea5c000 	C:\WINDOWS\System32\USER32.dll
0x00007ffb7dcf0000 - 0x00007ffb7dd17000 	C:\WINDOWS\System32\win32u.dll
0x00007ffb7e3e0000 - 0x00007ffb7e40b000 	C:\WINDOWS\System32\GDI32.dll
0x00007ffb57290000 - 0x00007ffb5752a000 	C:\WINDOWS\WinSxS\amd64_microsoft.windows.common-controls_6595b64144ccf1df_6.0.26100.4484_none_3e0e6d4ce32ef3b3\COMCTL32.dll
0x00007ffb7dbb0000 - 0x00007ffb7dce7000 	C:\WINDOWS\System32\gdi32full.dll
0x00007ffb7d0d0000 - 0x00007ffb7d173000 	C:\WINDOWS\System32\msvcp_win.dll
0x00007ffb69e70000 - 0x00007ffb69e7b000 	C:\WINDOWS\SYSTEM32\VERSION.dll
0x00007ffb7ee80000 - 0x00007ffb7eeaf000 	C:\WINDOWS\System32\IMM32.DLL
0x00007ffb77e80000 - 0x00007ffb77e8c000 	C:\Program Files\Java\jdk-17\bin\vcruntime140_1.dll
0x00007ffa971a0000 - 0x00007ffa9722e000 	C:\Program Files\Java\jdk-17\bin\msvcp140.dll
0x00007ffa965c0000 - 0x00007ffa971a0000 	C:\Program Files\Java\jdk-17\bin\server\jvm.dll
0x00007ffb7f040000 - 0x00007ffb7f048000 	C:\WINDOWS\System32\PSAPI.DLL
0x00007ffb3fcf0000 - 0x00007ffb3fcfa000 	C:\WINDOWS\SYSTEM32\WSOCK32.dll
0x00007ffb72280000 - 0x00007ffb722b5000 	C:\WINDOWS\SYSTEM32\WINMM.dll
0x00007ffb7eac0000 - 0x00007ffb7eb34000 	C:\WINDOWS\System32\WS2_32.dll
0x00007ffb7be70000 - 0x00007ffb7be8b000 	C:\WINDOWS\SYSTEM32\kernel.appcore.dll
0x00007ffb0fa90000 - 0x00007ffb0fa9a000 	C:\Program Files\Java\jdk-17\bin\jimage.dll
0x00007ffb7a7e0000 - 0x00007ffb7aa21000 	C:\WINDOWS\SYSTEM32\DBGHELP.DLL
0x00007ffb7dd20000 - 0x00007ffb7e0a6000 	C:\WINDOWS\System32\combase.dll
0x00007ffb7f100000 - 0x00007ffb7f1e0000 	C:\WINDOWS\System32\OLEAUT32.dll
0x00007ffb55e80000 - 0x00007ffb55ec3000 	C:\WINDOWS\SYSTEM32\dbgcore.DLL
0x00007ffb7d2d0000 - 0x00007ffb7d369000 	C:\WINDOWS\System32\bcryptPrimitives.dll
0x00007ffb0fa60000 - 0x00007ffb0fa85000 	C:\Program Files\Java\jdk-17\bin\java.dll

dbghelp: loaded successfully - version: 4.0.5 - missing functions: none
symbol engine: initialized successfully - sym options: 0x614 - pdb path: .;C:\Program Files\Java\jdk-17\bin;C:\WINDOWS\SYSTEM32;C:\WINDOWS\WinSxS\amd64_microsoft.windows.common-controls_6595b64144ccf1df_6.0.26100.4484_none_3e0e6d4ce32ef3b3;C:\Program Files\Java\jdk-17\bin\server

VM Arguments:
jvm_args: -Xmx64m -Xms64m -Dorg.gradle.appname=gradlew 
java_command: D:\Mau\Projects\Web Development\React Native\FarmerPayA\android\\gradle\wrapper\gradle-wrapper.jar app:installDebug -PreactNativeDevServerPort=8081
java_class_path (initial): D:\Mau\Projects\Web Development\React Native\FarmerPayA\android\\gradle\wrapper\gradle-wrapper.jar
Launcher Type: SUN_STANDARD

[Global flags]
     intx CICompilerCount                          = 4                                         {product} {ergonomic}
     uint ConcGCThreads                            = 3                                         {product} {ergonomic}
     uint G1ConcRefinementThreads                  = 10                                        {product} {ergonomic}
   size_t G1HeapRegionSize                         = 1048576                                   {product} {ergonomic}
    uintx GCDrainStackTargetSize                   = 64                                        {product} {ergonomic}
   size_t InitialHeapSize                          = 67108864                                  {product} {command line}
   size_t MarkStackSize                            = 4194304                                   {product} {ergonomic}
   size_t MaxHeapSize                              = 67108864                                  {product} {command line}
   size_t MinHeapDeltaBytes                        = 1048576                                   {product} {ergonomic}
   size_t MinHeapSize                              = 67108864                                  {product} {command line}
    uintx NonNMethodCodeHeapSize                   = 5839372                                {pd product} {ergonomic}
    uintx NonProfiledCodeHeapSize                  = 122909434                              {pd product} {ergonomic}
    uintx ProfiledCodeHeapSize                     = 122909434                              {pd product} {ergonomic}
    uintx ReservedCodeCacheSize                    = 251658240                              {pd product} {ergonomic}
     bool SegmentedCodeCache                       = true                                      {product} {ergonomic}
   size_t SoftMaxHeapSize                          = 67108864                               {manageable} {ergonomic}
     bool UseCompressedClassPointers               = true                           {product lp64_product} {ergonomic}
     bool UseCompressedOops                        = true                           {product lp64_product} {ergonomic}
     bool UseG1GC                                  = true                                      {product} {ergonomic}
     bool UseLargePagesIndividualAllocation        = false                                  {pd product} {ergonomic}

Logging:
Log output configuration:
 #0: stdout all=warning uptime,level,tags
 #1: stderr all=off uptime,level,tags

Environment Variables:
JAVA_HOME=C:\Program Files\Java\jdk-17
PATH=D:\Mau\Projects\Web Development\React Native\FarmerPayA\node_modules\.bin;D:\Mau\Projects\Web Development\React Native\FarmerPayA\node_modules\.bin;D:\Mau\Projects\Web Development\React Native\node_modules\.bin;D:\Mau\Projects\Web Development\node_modules\.bin;D:\Mau\Projects\node_modules\.bin;D:\Mau\node_modules\.bin;D:\node_modules\.bin;C:\Users\Masoom\AppData\Roaming\npm\node_modules\npm\node_modules\@npmcli\run-script\lib\node-gyp-bin;C:\Program Files\Common Files\Oracle\Java\javapath;C:\windows\system32;C:\windows;C:\windows\System32\Wbem;C:\windows\System32\WindowsPowerShell\v1.0\;C:\windows\System32\OpenSSH\;C:\Program Files\Git\cmd;C:\Program Files\HP\HP One Agent;C:\Users\Masoom\flutter\bin;C:\Program Files\MinGW\bin;C:\ProgramData\chocolatey\bin;C:\WINDOWS\system32;C:\WINDOWS;C:\WINDOWS\System32\Wbem;C:\WINDOWS\System32\WindowsPowerShell\v1.0\;C:\WINDOWS\System32\OpenSSH\;D:\Program Files\Tesseract-OCR;C:\Program Files\Java\jdk-17\bin;C:\Program Files\apache-maven-3.9.9\bin;C:\Program Files\nodejs\;C:\Program Files\Python312\Lib\site-packages;C:\Program Files\Python312;C:\Program Files\Python312\Scripts;C:\Program Files\Docker\Docker\resources\bin;C:\Users\Masoom\Flutter\src\flutter\bin;C:\Users\Masoom\AppData\Local\Android\Sdk\platform-tools;C:\Users\Masoom\AppData\Local\Android\Sdk\emulator;C:\Program Files\Java\jdk-17;C:\Program Files\Java\jdk-17\bin;C:\Users\Masoom\AppData\Local\Android\Sdk\platform-tools;C:\Users\Masoom\AppData\Local\Android\Sdk\emulator;C:\Program Files\MySQL\MySQL Shell 8.0\bin\;C:\Users\Masoom\AppData\Local\Programs\Python\Python313\Scripts\;C:\Users\Masoom\AppData\Local\Programs\Python\Python313\;C:\Users\Masoom\AppData\Local\Programs\Microsoft VS Code\bin;C:\Program Files\Python311;C:\Program Files\Python311\Scripts;C:\Users\Masoom\AppData\Local\Microsoft\WindowsApps;C:\Program Files\JetBrains\IntelliJ IDEA 2024.3.2.1\bin;;C:\Program Files\JetBrains\IntelliJ IDEA Community Edition 2024.3.2.1\bin;;D:\Program Files\Tesseract-OCR;
USERNAME=Masoom
LANG=en_US.UTF-8
OS=Windows_NT
PROCESSOR_IDENTIFIER=Intel64 Family 6 Model 154 Stepping 4, GenuineIntel



---------------  S Y S T E M  ---------------

OS:
 Windows 11 , 64 bit Build 26100 (10.0.26100.4484)
OS uptime: 0 days 3:53 hours
Hyper-V role detected

CPU: total 12 (initial active 12) (6 cores per cpu, 2 threads per core) family 6 model 154 stepping 4 microcode 0x42c, cx8, cmov, fxsr, ht, mmx, 3dnowpref, sse, sse2, sse3, ssse3, sse4.1, sse4.2, popcnt, lzcnt, tsc, tscinvbit, avx, avx2, aes, erms, clmul, bmi1, bmi2, adx, sha, fma, vzeroupper, clflush, clflushopt, clwb, hv

Memory: 4k page, system-wide physical 16055M (2144M free)
TotalPageFile size 36810M (AvailPageFile size 9M)
current process WorkingSet (physical memory assigned to process): 12M, peak: 12M
current process commit charge ("private bytes"): 63M, peak: 127M

vm_info: Java HotSpot(TM) 64-Bit Server VM (17.0.12+8-LTS-286) for windows-amd64 JRE (17.0.12+8-LTS-286), built on Jun  5 2024 06:46:59 by "mach5one" with MS VC++ 17.6 (VS2022)

END.
